Log file open, 03/27/17 18:05:48
LogInit:Display: Running engine for game: cyberpink_scene_2
LogPlatformFile: Not using cached read wrapper
LogInit:Display: RandInit(2052791945) SRandInit(2052791946).
LogTaskGraph: Started task graph with 5 named threads and 8 total threads with 1 sets of task threads.
LogStats: Stats thread started at 10.917394
LogConfig:Warning: Failed to saved backup for config[Engine]
LogConfig:Warning: Failed to saved backup for config[EditorKeyBindings]
LogConfig:Warning: Failed to saved backup for config[Compat]
LogConfig:Warning: Failed to saved backup for config[Lightmass]
LogInit: Using libcurl 7.47.1
LogInit:  - built for x86_64-pc-win32
LogInit:  - supports SSL with OpenSSL/1.0.2g
LogInit:  - supports HTTP deflate (compression) using libz 1.2.8
LogInit:  - other features:
LogInit:      CURL_VERSION_SSL
LogInit:      CURL_VERSION_LIBZ
LogInit:      CURL_VERSION_IPV6
LogInit:      CURL_VERSION_ASYNCHDNS
LogInit:      CURL_VERSION_LARGEFILE
LogInit:      CURL_VERSION_IDN
LogInit:  CurlRequestOptions (configurable via config and command line):
LogInit:  - bVerifyPeer = false  - Libcurl will NOT verify peer certificate
LogInit:  - bUseHttpProxy = false  - Libcurl will NOT use HTTP proxy
LogInit:  - bDontReuseConnections = false  - Libcurl will reuse connections
LogInit:  - CertBundlePath = nullptr  - Libcurl will use whatever was configured at build time.
LogInit: Build: ++UE4+Release-4.15-CL-3299760
LogInit: Engine Version: 4.15.0-3299760+++UE4+Release-4.15
LogInit: Compatible Engine Version: 4.15.0-3299760+++UE4+Release-4.15
LogInit: Net CL: 3299760
LogDevObjectVersion: Number of dev versions registered: 14
LogDevObjectVersion:   Dev-Blueprints (B0D832E4-1F89-4F0D-ACCF-7EB736FD4AA2): 8
LogDevObjectVersion:   Dev-Build (E1C64328-A22C-4D53-A36C-8E866417BD8C): 0
LogDevObjectVersion:   Dev-Core (375EC13C-06E4-48FB-B500-84F0262A717E): 2
LogDevObjectVersion:   Dev-Editor (E4B068ED-F494-42E9-A231-DA0B2E46BB41): 14
LogDevObjectVersion:   Dev-Framework (CFFC743F-43B0-4480-9391-14DF171D2073): 22
LogDevObjectVersion:   Dev-Mobile (B02B49B5-BB20-44E9-A304-32B752E40360): 0
LogDevObjectVersion:   Dev-Networking (A4E4105C-59A1-49B5-A7C5-40C4547EDFEE): 0
LogDevObjectVersion:   Dev-Online (39C831C9-5AE6-47DC-9A44-9C173E1C8E7C): 0
LogDevObjectVersion:   Dev-Physics (78F01B33-EBEA-4F98-B9B4-84EACCB95AA2): 0
LogDevObjectVersion:   Dev-Platform (6631380F-2D4D-43E0-8009-CF276956A95A): 0
LogDevObjectVersion:   Dev-Rendering (12F88B9F-8875-4AFC-A67C-D90C383ABD29): 12
LogDevObjectVersion:   Dev-Sequencer (7B5AE74C-D270-4C10-A958-57980B212A5A): 3
LogDevObjectVersion:   Dev-VR (D7296918-1DD6-4BDD-9DE2-64A83CC13884): 0
LogDevObjectVersion:   Dev-LoadTimes (C2A15278-BFE7-4AFE-6C17-90FF531DF755): 1
LogInit: Compiled (64-bit): Feb 14 2017 02:04:14
LogInit: Compiled with Visual C++: 19.00.23026.00
LogInit: Build Configuration: Development
LogInit: Branch Name: ++UE4+Release-4.15
LogInit: Command line:  
LogInit: Base directory: D:/Program Files/UE_4.15/Engine/Binaries/Win64/
LogInit: Installed Engine Build: 1
LogFileManager:Warning: Error deleting file: ../../../../../The Matrix - Game Creation/Unreal Projects/cyberpink_scene_2/Saved/Logs/cyberpink_scene_2-backup-2017.03.27-10.31.31.log (Error Code 5)
LogInit: Presizing for max 8388607 objects, including 0 objects not considered by GC, pre-allocating 0 bytes for permanent pool.
LogInit: Object subsystem initialized
[2017.03.27-07.05.55:441][  0]LogInit: Selected Device Profile: [Windows]
[2017.03.27-07.05.55:441][  0]LogInit: Applying CVar settings loaded from the selected device profile: [Windows]
[2017.03.27-07.05.55:564][  0]LogInit: Computer: DESKTOP-73H95M6
[2017.03.27-07.05.55:564][  0]LogInit: User: marcu
[2017.03.27-07.05.55:564][  0]LogInit: CPU Page size=65536, Cores=4
[2017.03.27-07.05.55:564][  0]LogInit: High frequency timer resolution =3.320350 MHz
[2017.03.27-07.05.55:621][  0]LogMemory: Memory total: Physical=15.9GB (16GB approx)
[2017.03.27-07.05.55:647][  0]LogMemory: Platform Memory Stats for Windows
[2017.03.27-07.05.55:647][  0]LogMemory: Process Physical Memory: 270.62 MB used, 270.62 MB peak
[2017.03.27-07.05.55:647][  0]LogMemory: Process Virtual Memory: 262.64 MB used, 262.64 MB peak
[2017.03.27-07.05.55:647][  0]LogMemory: Physical Memory: 13359.77 MB used,  2921.38 MB free, 16281.15 MB total
[2017.03.27-07.05.55:647][  0]LogMemory: Virtual Memory: 644.47 MB used,  2921.38 MB free, 134217728.00 MB total
[2017.03.27-07.05.57:463][  0]LogTextLocalizationManager: No specific translations for ('en-AU') exist, so ('en') translations will be used.
[2017.03.27-07.06.03:612][  0]LogD3D11RHI: D3D11 adapters:
[2017.03.27-07.06.03:695][  0]LogD3D11RHI:    0. 'AMD Radeon R9 200 Series' (Feature Level 11_0)
[2017.03.27-07.06.03:695][  0]LogD3D11RHI:       4073/0/8140 MB DedicatedVideo/DedicatedSystem/SharedSystem, Outputs:2, VendorId:0x1002
[2017.03.27-07.06.03:945][  0]LogD3D11RHI:    1. 'Intel(R) HD Graphics 3000' (Feature Level 10_0)
[2017.03.27-07.06.03:945][  0]LogD3D11RHI:       32/0/1632 MB DedicatedVideo/DedicatedSystem/SharedSystem, Outputs:0, VendorId:0x8086
[2017.03.27-07.06.03:947][  0]LogD3D11RHI:    2. 'Microsoft Basic Render Driver' (Feature Level 11_0)
[2017.03.27-07.06.03:947][  0]LogD3D11RHI:       0/0/8140 MB DedicatedVideo/DedicatedSystem/SharedSystem, Outputs:0, VendorId:0x1414
[2017.03.27-07.06.03:947][  0]LogD3D11RHI: Chosen D3D11 Adapter: 0
[2017.03.27-07.06.03:983][  0]LogD3D11RHI: Creating new Direct3DDevice
[2017.03.27-07.06.03:983][  0]LogD3D11RHI:     GPU DeviceId: 0x67b1 (for the marketing name, search the web for "GPU Device Id")
[2017.03.27-07.06.03:983][  0]LogWindows: EnumDisplayDevices:
[2017.03.27-07.06.03:984][  0]LogWindows:    0. 'AMD Radeon R9 200 Series' (P:0 D:1)
[2017.03.27-07.06.03:986][  0]LogWindows:    1. 'AMD Radeon R9 200 Series' (P:0 D:0)
[2017.03.27-07.06.03:987][  0]LogWindows:    2. 'AMD Radeon R9 200 Series' (P:1 D:1)
[2017.03.27-07.06.03:989][  0]LogWindows:    3. 'AMD Radeon R9 200 Series' (P:0 D:0)
[2017.03.27-07.06.03:991][  0]LogWindows:    4. 'AMD Radeon R9 200 Series' (P:0 D:0)
[2017.03.27-07.06.03:993][  0]LogWindows:    5. 'AMD Radeon R9 200 Series' (P:0 D:0)
[2017.03.27-07.06.03:994][  0]LogWindows:    6. 'Intel(R) HD Graphics 3000' (P:0 D:0)
[2017.03.27-07.06.03:995][  0]LogWindows:    7. 'Intel(R) HD Graphics 3000' (P:0 D:0)
[2017.03.27-07.06.03:996][  0]LogWindows: DebugString: PrimaryIsNotTheChoosenAdapter PrimaryIsNotTheChoosenAdapter FoundDriverCount:6 
[2017.03.27-07.06.03:996][  0]LogD3D11RHI:     Adapter Name: AMD Radeon R9 200 Series
[2017.03.27-07.06.03:996][  0]LogD3D11RHI:   Driver Version: Crimson ReLive 17.3.3 (internal:21.19.525.258, unified:21.19.525.258)
[2017.03.27-07.06.03:996][  0]LogD3D11RHI:      Driver Date: 3-16-2017
[2017.03.27-07.06.03:996][  0]LogRHI: Texture pool is 1361 MB (70% of 1945 MB)
[2017.03.27-07.06.04:636][  0]LogD3D11RHI: Async texture creation enabled
[2017.03.27-07.06.05:546][  0]LogD3D11RHI: GPU Timing Frequency: 27.000000 (Debug: 2 1)
[2017.03.27-07.06.05:746][  0]LogShaderCompilers: Guid format shader working directory is -30 characters bigger than the processId version (../../../../../The Matrix - Game Creation/Unreal Projects/cyberpink_scene_2/Intermediate/Shaders/WorkingDirectory/15764/).
[2017.03.27-07.06.05:781][  0]LogShaderCompilers: Cleaned the shader compiler working directory 'C:/Users/marcu/AppData/Local/Temp/UnrealShaderWorkingDir/A84830FC487EA5B62CA8B99F9293D1E3/'.
[2017.03.27-07.06.05:781][  0]LogShaderCompilers:Display: Using Local Shader Compiler.
[2017.03.27-07.06.12:541][  0]LogTemp:Display: Loaded TP AllDesktopTargetPlatform
[2017.03.27-07.06.12:598][  0]LogTemp:Display: Loaded TP MacClientTargetPlatform
[2017.03.27-07.06.12:653][  0]LogTemp:Display: Loaded TP MacNoEditorTargetPlatform
[2017.03.27-07.06.12:715][  0]LogTemp:Display: Loaded TP MacServerTargetPlatform
[2017.03.27-07.06.12:801][  0]LogTemp:Display: Loaded TP MacTargetPlatform
[2017.03.27-07.06.12:862][  0]LogTemp:Display: Loaded TP WindowsClientTargetPlatform
[2017.03.27-07.06.12:917][  0]LogTemp:Display: Loaded TP WindowsNoEditorTargetPlatform
[2017.03.27-07.06.12:979][  0]LogTemp:Display: Loaded TP WindowsServerTargetPlatform
[2017.03.27-07.06.13:044][  0]LogTemp:Display: Loaded TP WindowsTargetPlatform
[2017.03.27-07.06.13:123][  0]LogTemp:Display: Loaded TP AndroidTargetPlatform
[2017.03.27-07.06.13:181][  0]LogTemp:Display: Loaded TP Android_ASTCTargetPlatform
[2017.03.27-07.06.13:239][  0]LogTemp:Display: Loaded TP Android_ATCTargetPlatform
[2017.03.27-07.06.13:296][  0]LogTemp:Display: Loaded TP Android_DXTTargetPlatform
[2017.03.27-07.06.13:362][  0]LogTemp:Display: Loaded TP Android_ETC1TargetPlatform
[2017.03.27-07.06.13:420][  0]LogTemp:Display: Loaded TP Android_ETC2TargetPlatform
[2017.03.27-07.06.13:637][  0]LogTemp:Display: Loaded TP Android_MultiTargetPlatform
[2017.03.27-07.06.13:637][  0]LogTemp:Display: Loaded TP Android_PVRTCTargetPlatform
[2017.03.27-07.06.13:695][  0]LogTemp:Display: Loaded TP HTML5TargetPlatform
[2017.03.27-07.06.13:989][  0]LogTemp:Display: Loaded TP IOSTargetPlatform
[2017.03.27-07.06.14:036][  0]LogTemp:Display: Loaded TP TVOSTargetPlatform
[2017.03.27-07.06.14:154][  0]LogTemp:Display: Loaded TP LinuxClientTargetPlatform
[2017.03.27-07.06.14:242][  0]LogTemp:Display: Loaded TP LinuxNoEditorTargetPlatform
[2017.03.27-07.06.14:355][  0]LogTemp:Display: Loaded TP LinuxServerTargetPlatform
[2017.03.27-07.06.14:462][  0]LogTemp:Display: Loaded TP LinuxTargetPlatform
[2017.03.27-07.06.14:462][  0]LogTargetPlatformManager:Display: Building Assets For Windows
[2017.03.27-07.06.15:630][  0]LogDerivedDataCache:Display: Max Cache Size: 512 MB
[2017.03.27-07.06.15:848][  0]LogDerivedDataCache: Loaded boot cache 0.22s 50MB C:/Users/marcu/AppData/Local/UnrealEngine/4.15/DerivedDataCache/Boot.ddc.
[2017.03.27-07.06.15:848][  0]LogDerivedDataCache:Display: Loaded Boot cache: C:/Users/marcu/AppData/Local/UnrealEngine/4.15/DerivedDataCache/Boot.ddc
[2017.03.27-07.06.15:849][  0]LogDerivedDataCache: FDerivedDataBackendGraph:  Pak pak cache file ../../../../../The Matrix - Game Creation/Unreal Projects/cyberpink_scene_2/DerivedDataCache/DDC.ddp not found, will not use a pak cache.
[2017.03.27-07.06.15:849][  0]LogDerivedDataCache: Unable to find inner node Pak for hierarchical cache Hierarchy.
[2017.03.27-07.06.15:849][  0]LogDerivedDataCache: FDerivedDataBackendGraph:  CompressedPak pak cache file ../../../../../The Matrix - Game Creation/Unreal Projects/cyberpink_scene_2/DerivedDataCache/Compressed.ddp not found, will not use a pak cache.
[2017.03.27-07.06.15:849][  0]LogDerivedDataCache: Unable to find inner node CompressedPak for hierarchical cache Hierarchy.
[2017.03.27-07.06.15:909][  0]LogDerivedDataCache:Display: Pak cache opened for reading ../../../Engine/DerivedDataCache/Compressed.ddp.
[2017.03.27-07.06.15:922][  0]LogDerivedDataCache: Using Local data cache path C:/Users/marcu/AppData/Local/UnrealEngine/Common/DerivedDataCache: Writable
[2017.03.27-07.06.16:016][  0]LogSlate: Using Freetype 2.6.0
[2017.03.27-07.06.16:076][  0]LogSlate: SlateFontCache - WITH_FREETYPE: 1, WITH_HARFBUZZ: 1
[2017.03.27-07.06.16:076][  0]LogSlate: SlateFontCache - WITH_FREETYPE: 1, WITH_HARFBUZZ: 1
[2017.03.27-07.06.26:400][  0]LogInit: Selected Device Profile: [Windows]
[2017.03.27-07.06.26:466][  0]LogContentStreaming: Texture pool size is 0.00 MB
[2017.03.27-07.06.27:169][  0]LogMeshUtilities: Using QuadricMeshReduction for automatic static mesh reduction
[2017.03.27-07.06.27:377][  0]LogSimplygon: Simplygon DLL not present - disabling.
[2017.03.27-07.06.27:522][  0]LogMeshUtilities: Using SimplygonSwarm for distributed automatic mesh merging
[2017.03.27-07.06.27:522][  0]LogMeshUtilities: No automatic skeletal mesh reduction module available
[2017.03.27-07.06.27:522][  0]LogMeshUtilities: No automatic mesh merging module available
[2017.03.27-07.06.32:100][  0]LogNetVersion: GetLocalNetworkVersion: CL: 3299760, ProjectName: cyberpink_scene_2, ProjectVersion: , EngineNetworkVersion: 2, GameNetworkVersion: 0, NetworkChecksum: 1803789287
[2017.03.27-07.06.32:321][  0]LogAssetRegistry: FAssetRegistry took 0.0213 seconds to start up
[2017.03.27-07.06.32:415][  0]LogFileManager:Warning: MoveFile was unable to move '../../../../../The Matrix - Game Creation/Unreal Projects/cyberpink_scene_2/Intermediate/AssetRegistryCache/2657c409.bin.tmp' to '../../../../../The Matrix - Game Creation/Unreal Projects/cyberpink_scene_2/Intermediate/AssetRegistryCache/2657c409.bin', retrying in .5s...
[2017.03.27-07.06.32:916][  0]LogFileManager:Warning: MoveFile was unable to move '../../../../../The Matrix - Game Creation/Unreal Projects/cyberpink_scene_2/Intermediate/AssetRegistryCache/2657c409.bin.tmp' to '../../../../../The Matrix - Game Creation/Unreal Projects/cyberpink_scene_2/Intermediate/AssetRegistryCache/2657c409.bin', retrying in .5s...
[2017.03.27-07.06.33:416][  0]LogFileManager:Warning: MoveFile was unable to move '../../../../../The Matrix - Game Creation/Unreal Projects/cyberpink_scene_2/Intermediate/AssetRegistryCache/2657c409.bin.tmp' to '../../../../../The Matrix - Game Creation/Unreal Projects/cyberpink_scene_2/Intermediate/AssetRegistryCache/2657c409.bin', retrying in .5s...
[2017.03.27-07.06.33:917][  0]LogFileManager:Warning: MoveFile was unable to move '../../../../../The Matrix - Game Creation/Unreal Projects/cyberpink_scene_2/Intermediate/AssetRegistryCache/2657c409.bin.tmp' to '../../../../../The Matrix - Game Creation/Unreal Projects/cyberpink_scene_2/Intermediate/AssetRegistryCache/2657c409.bin', retrying in .5s...
[2017.03.27-07.06.34:417][  0]LogFileManager:Warning: MoveFile was unable to move '../../../../../The Matrix - Game Creation/Unreal Projects/cyberpink_scene_2/Intermediate/AssetRegistryCache/2657c409.bin.tmp' to '../../../../../The Matrix - Game Creation/Unreal Projects/cyberpink_scene_2/Intermediate/AssetRegistryCache/2657c409.bin', retrying in .5s...
[2017.03.27-07.06.34:918][  0]LogFileManager:Warning: MoveFile was unable to move '../../../../../The Matrix - Game Creation/Unreal Projects/cyberpink_scene_2/Intermediate/AssetRegistryCache/2657c409.bin.tmp' to '../../../../../The Matrix - Game Creation/Unreal Projects/cyberpink_scene_2/Intermediate/AssetRegistryCache/2657c409.bin', retrying in .5s...
[2017.03.27-07.06.35:419][  0]LogFileManager:Warning: MoveFile was unable to move '../../../../../The Matrix - Game Creation/Unreal Projects/cyberpink_scene_2/Intermediate/AssetRegistryCache/2657c409.bin.tmp' to '../../../../../The Matrix - Game Creation/Unreal Projects/cyberpink_scene_2/Intermediate/AssetRegistryCache/2657c409.bin', retrying in .5s...
[2017.03.27-07.06.35:919][  0]LogFileManager:Warning: MoveFile was unable to move '../../../../../The Matrix - Game Creation/Unreal Projects/cyberpink_scene_2/Intermediate/AssetRegistryCache/2657c409.bin.tmp' to '../../../../../The Matrix - Game Creation/Unreal Projects/cyberpink_scene_2/Intermediate/AssetRegistryCache/2657c409.bin', retrying in .5s...
[2017.03.27-07.06.36:420][  0]LogFileManager:Warning: MoveFile was unable to move '../../../../../The Matrix - Game Creation/Unreal Projects/cyberpink_scene_2/Intermediate/AssetRegistryCache/2657c409.bin.tmp' to '../../../../../The Matrix - Game Creation/Unreal Projects/cyberpink_scene_2/Intermediate/AssetRegistryCache/2657c409.bin', retrying in .5s...
[2017.03.27-07.06.36:921][  0]LogFileManager:Warning: MoveFile was unable to move '../../../../../The Matrix - Game Creation/Unreal Projects/cyberpink_scene_2/Intermediate/AssetRegistryCache/2657c409.bin.tmp' to '../../../../../The Matrix - Game Creation/Unreal Projects/cyberpink_scene_2/Intermediate/AssetRegistryCache/2657c409.bin', retrying in .5s...
[2017.03.27-07.06.37:421][  0]LogFileManager:Error: Error moving file '../../../../../The Matrix - Game Creation/Unreal Projects/cyberpink_scene_2/Intermediate/AssetRegistryCache/2657c409.bin.tmp' to '../../../../../The Matrix - Game Creation/Unreal Projects/cyberpink_scene_2/Intermediate/AssetRegistryCache/2657c409.bin'.
[2017.03.27-07.06.37:441][  0]LogPackageLocalizationCache: Processed 3 localized package path(s) for 2 prioritized culture(s) in 5.098775 seconds
[2017.03.27-07.06.37:446][  0]LogUObjectArray: 32475 objects as part of root set at end of initial load.
[2017.03.27-07.06.37:446][  0]LogUObjectAllocator: 7073360 out of 0 bytes used by permanent object pool.
[2017.03.27-07.06.37:446][  0]LogUObjectArray: CloseDisregardForGC: 0/0 objects in disregard for GC pool
[2017.03.27-07.06.37:499][  0]LogInit: WinSock: version 1.1 (2.2), MaxSocks=32767, MaxUdp=65467
[2017.03.27-07.06.50:325][  0]LogTcpMessaging: Initializing TcpMessaging bridge
[2017.03.27-07.06.50:400][  0]LogUdpMessaging: Initializing bridge on interface 0.0.0.0:0 to multicast group 230.0.0.1:6666.
[2017.03.27-07.06.51:863][  0]LogMaterial: Uniform references updated for custom material expression Custom.
[2017.03.27-07.06.52:652][  0]SourceControl: Info Source control is disabled
[2017.03.27-07.06.52:657][  0]SourceControl: Info Source control is disabled
[2017.03.27-07.06.52:765][  0]SourceControl: Info Source control is disabled
[2017.03.27-07.06.52:867][  0]SourceControl: Info Source control is disabled
[2017.03.27-07.06.56:020][  0]LogEngine: Initializing Engine...
[2017.03.27-07.06.56:045][  0]LogHMD: Failed to initialize OpenVR with code 110
[2017.03.27-07.06.56:430][  0]LogAIModule: Creating AISystem for world Untitled
[2017.03.27-07.06.56:474][  0]LogInit: XAudio2 using 'Realtek Digital Output(Optical) (Realtek High Definition Audio)' : 2 channels at 48 kHz using 16 bits per sample (channel mask 0x3)
[2017.03.27-07.06.56:556][  0]LogInit: FAudioDevice initialized.
[2017.03.27-07.06.56:582][  0]LogDerivedDataCache: Saved boot cache 0.03s 50MB C:/Users/marcu/AppData/Local/UnrealEngine/4.15/DerivedDataCache/Boot.ddc.
[2017.03.27-07.06.56:595][  0]LogInit: Texture streaming: Enabled
[2017.03.27-07.06.56:707][  0]LogEngineSessionManager: EngineSessionManager initialized
[2017.03.27-07.06.57:013][  0]LogInit: Transaction tracking system initialized
[2017.03.27-07.06.57:665][  0]BlueprintLog: New page: Editor Load
[2017.03.27-07.06.59:739][  0]LogConfig:Warning: Failed to saved backup for config[LocalizationServiceSettings]
[2017.03.27-07.06.59:740][  0]LocalizationService: Info Localization service is disabled
[2017.03.27-07.07.01:295][  0]LogConsoleResponse:Display: 
[2017.03.27-07.07.03:109][  0]LogCook:Display: Max memory allowance for cook 16384mb min free memory 0mb
[2017.03.27-07.07.03:109][  0]LogCook:Display: Mobile HDR setting 1
[2017.03.27-07.07.03:353][  0]LogFileCache: Scanning file cache for directory 'D:/The Matrix - Game Creation/Unreal Projects/cyberpink_scene_2/Content/' took 0.04s
[2017.03.27-07.07.07:360][  0]SourceControl: Info Source control is disabled
[2017.03.27-07.07.07:378][  0]Cmd: MAP LOAD FILE="../../../../../The Matrix - Game Creation/Unreal Projects/cyberpink_scene_2/Content/FirstPersonBP/Maps/FirstPersonExampleMap.umap" TEMPLATE=0 SHOWPROGRESS=1 FEATURELEVEL=3
[2017.03.27-07.07.07:524][  0]LightingResults: New page: Lighting Build
[2017.03.27-07.07.07:643][  0]MapCheck: New page: Map Check
[2017.03.27-07.07.07:643][  0]LightingResults: New page: Lighting Build
[2017.03.27-07.07.11:278][  0]LogAIModule: Creating AISystem for world FirstPersonExampleMap
[2017.03.27-07.07.11:431][  0]LogEditorServer: Finished looking for orphan Actors (0.000 secs)
[2017.03.27-07.07.11:492][  0]Cmd: MAP CHECKDEP NOCLEARLOG
[2017.03.27-07.07.11:590][  0]MapCheck: Info Map check complete: 0 Error(s), 0 Warning(s), took 97.408ms to complete.
[2017.03.27-07.07.11:590][  0]LogFileHelpers: Loading map 'FirstPersonExampleMap' took 4.212
[2017.03.27-07.07.12:224][  0]LogCollectionManager: Loaded 0 collections in 0.002223 seconds
[2017.03.27-07.07.12:472][  0]LogFileCache: Scanning file cache for directory 'D:/The Matrix - Game Creation/Unreal Projects/cyberpink_scene_2/Saved/Collections/' took 0.01s
[2017.03.27-07.07.12:472][  0]LogFileCache: Scanning file cache for directory 'D:/The Matrix - Game Creation/Unreal Projects/cyberpink_scene_2/Content/Developers/marcu/Collections/' took 0.01s
[2017.03.27-07.07.12:472][  0]LogFileCache: Scanning file cache for directory 'D:/The Matrix - Game Creation/Unreal Projects/cyberpink_scene_2/Content/Collections/' took 0.01s
[2017.03.27-07.07.12:472][  0]LogCollectionManager: Rebuilt the GUID cache for 0 collections in 0.000002 seconds
[2017.03.27-07.07.12:493][  0]LogContentBrowser: Native class hierarchy populated in 0.0183 seconds. Added 2244 classes and 450 folders.
[2017.03.27-07.07.12:559][  0]LogStats: UGameplayTagsManager::ConstructGameplayTagTree: Construct from data asset -  0.000 s
[2017.03.27-07.07.12:560][  0]LogStats: UGameplayTagsManager::ConstructGameplayTagTree: GameplayTagTreeChangedEvent.Broadcast -  0.000 s
[2017.03.27-07.07.12:623][  0]LogContentBrowser: Native class hierarchy updated for 'WidgetCarousel' in 0.0008 seconds. Added 0 classes and 0 folders.
[2017.03.27-07.07.14:307][  0]LogContentBrowser: Native class hierarchy updated for 'AddContentDialog' in 0.0360 seconds. Added 0 classes and 0 folders.
[2017.03.27-07.07.14:387][  0]LogContentBrowser: Native class hierarchy updated for 'SceneOutliner' in 0.0010 seconds. Added 1 classes and 2 folders.
[2017.03.27-07.07.14:652][  0]LogCrashTracker: Crashtracker disabled due to settings.
[2017.03.27-07.07.14:713][  0]LogUObjectGlobals:Warning: Failed to find object 'Class None.'
[2017.03.27-07.07.14:882][  0]LogContentBrowser: Native class hierarchy updated for 'HierarchicalLODOutliner' in 0.0014 seconds. Added 1 classes and 2 folders.
[2017.03.27-07.07.14:882][  0]LogLoad: (Engine Initialization) Total time: 109.83 seconds
[2017.03.27-07.07.14:882][  0]LogLoad: (Engine Initialization) Total Blueprint compile time: 0.85 seconds
[2017.03.27-07.07.14:882][  0]LogExternalProfiler: Found external profiler: VSPerf
[2017.03.27-07.07.14:882][  0]LogExternalProfiler: Using external profiler: VSPerf
[2017.03.27-07.07.15:221][  0]LogOcInput: OculusInput pre-init called
[2017.03.27-07.07.15:242][  0]LogContentStreaming: Texture pool size now 1000 MB
[2017.03.27-07.07.15:243][  0]LogSlate: Took 0.000297 seconds to synchronously load lazily loaded font '../../../Engine/Content/Slate/Fonts/Roboto-Regular.ttf' (155K)
[2017.03.27-07.07.15:247][  0]LogSlate: Took 0.000322 seconds to synchronously load lazily loaded font '../../../Engine/Content/Slate/Fonts/Roboto-Bold.ttf' (160K)
[2017.03.27-07.07.15:252][  0]LogSlate: Took 0.000268 seconds to synchronously load lazily loaded font '../../../Engine/Content/Editor/Slate/Fonts/FontAwesome.ttf' (139K)
[2017.03.27-07.07.15:475][  0]LogRenderer: Reallocating scene render targets to support 1160x580 NumSamples 1 (Frame:2).
[2017.03.27-07.07.15:475][  0]LogSlate: Took 0.045957 seconds to synchronously load lazily loaded font '../../../Engine/Content/Slate/Fonts/Roboto-Light.ttf' (159K)
[2017.03.27-07.07.15:781][  1]LogAssetRegistry: Asset discovery search completed in 43.4816 seconds
[2017.03.27-07.07.15:781][  1]LogCollectionManager: Rebuilt the object cache for 0 collections in 0.000005 seconds (found 0 objects)
[2017.03.27-07.07.15:809][  1]LogCollectionManager: Fixed up redirectors for 0 collections in 0.000018 seconds (updated 0 objects)
[2017.03.27-07.07.16:444][  3]LogSlate: Took 0.000264 seconds to synchronously load lazily loaded font '../../../Engine/Content/Slate/Fonts/Roboto-Light.ttf' (159K)
[2017.03.27-08.17.08:061][636]LogTemp: Repeting last play command: Selected Viewport
[2017.03.27-08.17.08:100][636]LogBlueprintUserMessages: Early PlayInEditor Detection: Level '/Game/FirstPersonBP/Maps/FirstPersonExampleMap.FirstPersonExampleMap:PersistentLevel' has LevelScriptBlueprint '/Game/FirstPersonBP/Maps/FirstPersonExampleMap.FirstPersonExampleMap:PersistentLevel.FirstPersonExampleMap' with GeneratedClass '/Game/FirstPersonBP/Maps/FirstPersonExampleMap.FirstPersonExampleMap_C' with ClassGeneratedBy '/Game/FirstPersonBP/Maps/FirstPersonExampleMap.FirstPersonExampleMap:PersistentLevel.FirstPersonExampleMap'
[2017.03.27-08.17.08:101][636]LogPlayLevel: PlayLevel: No blueprints needed recompiling
[2017.03.27-08.17.08:103][636]PIE: New page: PIE session: FirstPersonExampleMap (28 Mar 2017 6:17:08 am)
[2017.03.27-08.17.08:104][636]LogPlayLevel: Creating play world package: /Game/FirstPersonBP/Maps/UEDPIE_0_FirstPersonExampleMap
[2017.03.27-08.17.08:278][636]LogPlayLevel: PIE: StaticDuplicateObject took: (0.174071s)
[2017.03.27-08.17.08:281][636]LogAIModule: Creating AISystem for world FirstPersonExampleMap
[2017.03.27-08.17.08:318][636]LogPlayLevel: PIE: World Init took: (0.040192s)
[2017.03.27-08.17.08:320][636]LogPlayLevel: PIE: Created PIE world by copying editor world from /Game/FirstPersonBP/Maps/FirstPersonExampleMap.FirstPersonExampleMap to /Game/FirstPersonBP/Maps/UEDPIE_0_FirstPersonExampleMap.FirstPersonExampleMap (0.216780s)
[2017.03.27-08.17.08:393][636]LogInit: XAudio2 using 'Realtek Digital Output(Optical) (Realtek High Definition Audio)' : 2 channels at 48 kHz using 16 bits per sample (channel mask 0x3)
[2017.03.27-08.17.08:417][636]LogInit: FAudioDevice initialized.
[2017.03.27-08.17.08:486][636]LogLoad: Game class is 'FirstPersonGameMode_C'
[2017.03.27-08.17.08:490][636]LogWorld: Bringing World /Game/FirstPersonBP/Maps/UEDPIE_0_FirstPersonExampleMap.FirstPersonExampleMap up for play (max tick rate 0) at 2017.03.27-19.17.08
[2017.03.27-08.17.08:505][636]LogWorld: Bringing up level for play took: 0.017003
[2017.03.27-08.17.10:298][636]LogContentBrowser: Native class hierarchy updated for 'MovieSceneCapture' in 0.0016 seconds. Added 11 classes and 0 folders.
[2017.03.27-08.17.10:299][636]PIE: Info Play in editor start time for /Game/FirstPersonBP/Maps/UEDPIE_0_FirstPersonExampleMap 1.29
[2017.03.27-08.17.10:299][636]LogBlueprintUserMessages: Late PlayInEditor Detection: Level '/Game/FirstPersonBP/Maps/FirstPersonExampleMap.FirstPersonExampleMap:PersistentLevel' has LevelScriptBlueprint '/Game/FirstPersonBP/Maps/FirstPersonExampleMap.FirstPersonExampleMap:PersistentLevel.FirstPersonExampleMap' with GeneratedClass '/Game/FirstPersonBP/Maps/FirstPersonExampleMap.FirstPersonExampleMap_C' with ClassGeneratedBy '/Game/FirstPersonBP/Maps/FirstPersonExampleMap.FirstPersonExampleMap:PersistentLevel.FirstPersonExampleMap'
[2017.03.27-08.17.10:919][692]LogBlueprintUserMessages: Early EndPlayMap Detection: Level '/Game/FirstPersonBP/Maps/FirstPersonExampleMap.FirstPersonExampleMap:PersistentLevel' has LevelScriptBlueprint '/Game/FirstPersonBP/Maps/FirstPersonExampleMap.FirstPersonExampleMap:PersistentLevel.FirstPersonExampleMap' with GeneratedClass '/Game/FirstPersonBP/Maps/FirstPersonExampleMap.FirstPersonExampleMap_C' with ClassGeneratedBy '/Game/FirstPersonBP/Maps/FirstPersonExampleMap.FirstPersonExampleMap:PersistentLevel.FirstPersonExampleMap'
[2017.03.27-08.17.10:957][692]LogBlueprintUserMessages: Late EndPlayMap Detection: Level '/Game/FirstPersonBP/Maps/FirstPersonExampleMap.FirstPersonExampleMap:PersistentLevel' has LevelScriptBlueprint '/Game/FirstPersonBP/Maps/FirstPersonExampleMap.FirstPersonExampleMap:PersistentLevel.FirstPersonExampleMap' with GeneratedClass '/Game/FirstPersonBP/Maps/FirstPersonExampleMap.FirstPersonExampleMap_C' with ClassGeneratedBy '/Game/FirstPersonBP/Maps/FirstPersonExampleMap.FirstPersonExampleMap:PersistentLevel.FirstPersonExampleMap'
[2017.03.27-08.17.12:782][814]Cmd: QUIT_EDITOR
[2017.03.27-08.17.13:844][814]LogWindowsTextInputMethodSystem:Display: IME system now deactivated.
[2017.03.27-08.17.13:900][814]LogExit: Preparing to exit.
[2017.03.27-08.17.14:810][814]LogDirectoryWatcher: A directory notification for 'D:/The Matrix - Game Creation/Unreal Projects/cyberpink_scene_2/Content/' was aborted.
[2017.03.27-08.17.15:043][814]LogExit: Editor shut down
[2017.03.27-08.17.15:044][814]LogExit: Transaction tracking system shut down
[2017.03.27-08.17.17:283][814]LogObj: Freed 0b from 0 cluster array pools.
[2017.03.27-08.17.17:283][814]LogExit: Object subsystem successfully closed.
[2017.03.27-08.17.17:611][814]LogD3D11RHI: Shutdown
[2017.03.27-08.17.17:611][814]LogD3D11RHI: CleanupD3DDevice
[2017.03.27-08.17.17:792][814]LogD3D11RHI: ~FD3D11DynamicRHI
[2017.03.27-08.17.18:973][814]LogModuleManager: Shutting down and abandoning module MovieSceneCapture (498)
[2017.03.27-08.17.18:973][814]LogModuleManager: Shutting down and abandoning module HierarchicalLODOutliner (496)
[2017.03.27-08.17.18:990][814]LogModuleManager: Shutting down and abandoning module CrashTracker (494)
[2017.03.27-08.17.18:990][814]LogModuleManager: Shutting down and abandoning module SceneOutliner (492)
[2017.03.27-08.17.18:990][814]LogModuleManager: Shutting down and abandoning module AddContentDialog (490)
[2017.03.27-08.17.19:010][814]LogDirectoryWatcher: A directory notification for 'D:/Program Files/UE_4.15/FeaturePacks/' was aborted.
[2017.03.27-08.17.19:033][814]LogModuleManager: Shutting down and abandoning module WidgetCarousel (489)
[2017.03.27-08.17.19:033][814]LogModuleManager: Shutting down and abandoning module EditorWidgets (486)
[2017.03.27-08.17.19:033][814]LogModuleManager: Shutting down and abandoning module CollectionManager (484)
[2017.03.27-08.17.19:081][814]LogDirectoryWatcher: A directory notification for 'D:/The Matrix - Game Creation/Unreal Projects/cyberpink_scene_2/Content/Collections/' was aborted.
[2017.03.27-08.17.19:081][814]LogDirectoryWatcher: A directory notification for 'D:/The Matrix - Game Creation/Unreal Projects/cyberpink_scene_2/Content/Developers/marcu/Collections/' was aborted.
[2017.03.27-08.17.19:081][814]LogDirectoryWatcher: A directory notification for 'D:/The Matrix - Game Creation/Unreal Projects/cyberpink_scene_2/Saved/Collections/' was aborted.
[2017.03.27-08.17.19:081][814]LogModuleManager: Shutting down and abandoning module StatsViewer (482)
[2017.03.27-08.17.19:109][814]LogModuleManager: Shutting down and abandoning module FoliageEdit (480)
[2017.03.27-08.17.19:109][814]LogModuleManager: Shutting down and abandoning module LandscapeEditor (478)
[2017.03.27-08.17.19:109][814]LogModuleManager: Shutting down and abandoning module SceneDepthPickerMode (476)
[2017.03.27-08.17.19:109][814]LogModuleManager: Shutting down and abandoning module ActorPickerMode (474)
[2017.03.27-08.17.19:109][814]LogModuleManager: Shutting down and abandoning module GeometryMode (472)
[2017.03.27-08.17.19:109][814]LogModuleManager: Shutting down and abandoning module TextureAlignMode (470)
[2017.03.27-08.17.19:110][814]LogModuleManager: Shutting down and abandoning module BspMode (468)
[2017.03.27-08.17.19:110][814]LogModuleManager: Shutting down and abandoning module HardwareSurvey (466)
[2017.03.27-08.17.19:128][814]LogModuleManager: Shutting down and abandoning module SequenceRecorderSections (464)
[2017.03.27-08.17.19:148][814]LogModuleManager: Shutting down and abandoning module AutomationWorker (462)
[2017.03.27-08.17.19:169][814]LogModuleManager: Shutting down and abandoning module MatineeToLevelSequence (460)
[2017.03.27-08.17.19:182][814]LogModuleManager: Shutting down and abandoning module LevelSequenceEditor (458)
[2017.03.27-08.17.19:255][814]LogModuleManager: Shutting down and abandoning module PlacementMode (457)
[2017.03.27-08.17.19:255][814]LogModuleManager: Shutting down and abandoning module WmfMediaFactory (454)
[2017.03.27-08.17.19:255][814]LogModuleManager: Shutting down and abandoning module WmfMediaEditor (452)
[2017.03.27-08.17.19:255][814]LogModuleManager: Shutting down and abandoning module MfMediaFactory (450)
[2017.03.27-08.17.19:255][814]LogModuleManager: Shutting down and abandoning module MfMediaEditor (448)
[2017.03.27-08.17.19:255][814]LogModuleManager: Shutting down and abandoning module AvfMediaFactory (446)
[2017.03.27-08.17.19:255][814]LogModuleManager: Shutting down and abandoning module AvfMediaEditor (444)
[2017.03.27-08.17.19:255][814]LogModuleManager: Shutting down and abandoning module AndroidMediaFactory (442)
[2017.03.27-08.17.19:255][814]LogModuleManager: Shutting down and abandoning module Media (441)
[2017.03.27-08.17.19:255][814]LogModuleManager: Shutting down and abandoning module AndroidMediaEditor (438)
[2017.03.27-08.17.19:255][814]LogModuleManager: Shutting down and abandoning module CharacterAI (436)
[2017.03.27-08.17.19:255][814]LogModuleManager: Shutting down and abandoning module AudioCapture (434)
[2017.03.27-08.17.19:267][814]LogModuleManager: Shutting down and abandoning module SequenceRecorder (433)
[2017.03.27-08.17.19:329][814]LogModuleManager: Shutting down and abandoning module SmartSnapping (430)
[2017.03.27-08.17.19:329][814]LogModuleManager: Shutting down and abandoning module SessionServices (428)
[2017.03.27-08.17.19:329][814]LogModuleManager: Shutting down and abandoning module ViewportSnapping (426)
[2017.03.27-08.17.19:329][814]LogModuleManager: Shutting down and abandoning module ViewportInteraction (424)
[2017.03.27-08.17.19:329][814]LogModuleManager: Shutting down and abandoning module LogVisualizer (422)
[2017.03.27-08.17.19:347][814]LogModuleManager: Shutting down and abandoning module IntroTutorials (420)
[2017.03.27-08.17.19:361][814]LogModuleManager: Shutting down and abandoning module GameProjectGeneration (419)
[2017.03.27-08.17.19:383][814]LogModuleManager: Shutting down and abandoning module EditorLiveStreaming (416)
[2017.03.27-08.17.19:383][814]LogModuleManager: Shutting down and abandoning module IOSPlatformEditor (414)
[2017.03.27-08.17.19:383][814]LogModuleManager: Shutting down and abandoning module HTML5PlatformEditor (412)
[2017.03.27-08.17.19:383][814]LogModuleManager: Shutting down and abandoning module AndroidPlatformEditor (410)
[2017.03.27-08.17.19:397][814]LogModuleManager: Shutting down and abandoning module AndroidDeviceDetection (409)
[2017.03.27-08.17.20:385][814]LogModuleManager: Shutting down and abandoning module IOSRuntimeSettings (406)
[2017.03.27-08.17.20:385][814]LogModuleManager: Shutting down and abandoning module AndroidRuntimeSettings (404)
[2017.03.27-08.17.20:385][814]LogModuleManager: Shutting down and abandoning module InputBindingEditor (402)
[2017.03.27-08.17.20:400][814]LogModuleManager: Shutting down and abandoning module NiagaraEditor (400)
[2017.03.27-08.17.20:437][814]LogModuleManager: Shutting down and abandoning module MergeActors (398)
[2017.03.27-08.17.20:466][814]LogModuleManager: Shutting down and abandoning module SizeMap (396)
[2017.03.27-08.17.20:485][814]LogModuleManager: Shutting down and abandoning module TreeMap (394)
[2017.03.27-08.17.20:506][814]LogModuleManager: Shutting down and abandoning module ReferenceViewer (392)
[2017.03.27-08.17.20:506][814]LogModuleManager: Shutting down and abandoning module LocalizationDashboard (390)
[2017.03.27-08.17.20:528][814]LogModuleManager: Shutting down and abandoning module LocalizationService (389)
[2017.03.27-08.17.20:549][814]LogModuleManager: Shutting down and abandoning module HardwareTargeting (386)
[2017.03.27-08.17.20:565][814]LogModuleManager: Shutting down and abandoning module DeviceProfileEditor (384)
[2017.03.27-08.17.20:580][814]LogModuleManager: Shutting down and abandoning module UndoHistory (382)
[2017.03.27-08.17.20:598][814]LogModuleManager: Shutting down and abandoning module UserFeedback (380)
[2017.03.27-08.17.20:598][814]LogModuleManager: Shutting down and abandoning module XmlParser (378)
[2017.03.27-08.17.20:614][814]LogModuleManager: Shutting down and abandoning module Blutility (376)
[2017.03.27-08.17.20:631][814]LogModuleManager: Shutting down and abandoning module ProjectSettingsViewer (374)
[2017.03.27-08.17.20:631][814]LogModuleManager: Shutting down and abandoning module ProjectTargetPlatformEditor (373)
[2017.03.27-08.17.20:631][814]LogModuleManager: Shutting down and abandoning module EditorSettingsViewer (370)
[2017.03.27-08.17.20:631][814]LogModuleManager: Shutting down and abandoning module SettingsEditor (368)
[2017.03.27-08.17.20:688][814]LogModuleManager: Shutting down and abandoning module ProjectLauncher (366)
[2017.03.27-08.17.20:725][814]LogModuleManager: Shutting down and abandoning module SessionFrontend (364)
[2017.03.27-08.17.20:750][814]LogModuleManager: Shutting down and abandoning module ProfilerClient (362)
[2017.03.27-08.17.20:784][814]LogModuleManager: Shutting down and abandoning module DeviceManager (360)
[2017.03.27-08.17.20:805][814]LogModuleManager: Shutting down and abandoning module TargetDeviceServices (359)
[2017.03.27-08.17.20:849][814]LogModuleManager: Shutting down and abandoning module AutomationController (356)
[2017.03.27-08.17.20:903][814]LogModuleManager: Shutting down and abandoning module AutomationWindow (354)
[2017.03.27-08.17.20:941][814]LogModuleManager: Shutting down and abandoning module Layers (352)
[2017.03.27-08.17.20:987][814]LogModuleManager: Shutting down and abandoning module ComponentVisualizers (350)
[2017.03.27-08.17.20:987][814]LogModuleManager: Shutting down and abandoning module DetailCustomizations (348)
[2017.03.27-08.17.21:001][814]LogModuleManager: Shutting down and abandoning module PackagesDialog (346)
[2017.03.27-08.17.21:001][814]LogModuleManager: Shutting down and abandoning module Persona (344)
[2017.03.27-08.17.21:043][814]LogModuleManager: Shutting down and abandoning module AnimGraph (343)
[2017.03.27-08.17.21:043][814]LogModuleManager: Shutting down and abandoning module Kismet (340)
[2017.03.27-08.17.21:044][814]LogModuleManager: Shutting down and abandoning module GraphEditor (338)
[2017.03.27-08.17.21:044][814]LogModuleManager: Shutting down and abandoning module ClassViewer (336)
[2017.03.27-08.17.21:044][814]LogModuleManager: Shutting down and abandoning module Toolbox (334)
[2017.03.27-08.17.21:062][814]LogModuleManager: Shutting down and abandoning module ModuleUI (332)
[2017.03.27-08.17.21:134][814]LogModuleManager: Shutting down and abandoning module MovieSceneTools (330)
[2017.03.27-08.17.21:149][814]LogModuleManager: Shutting down and abandoning module OutputLog (328)
[2017.03.27-08.17.21:195][814]LogModuleManager: Shutting down and abandoning module GammaUI (326)
[2017.03.27-08.17.21:207][814]LogModuleManager: Shutting down and abandoning module Documentation (324)
[2017.03.27-08.17.21:207][814]LogModuleManager: Shutting down and abandoning module Niagara (322)
[2017.03.27-08.17.21:207][814]LogModuleManager: Shutting down and abandoning module StreamingPauseRendering (320)
[2017.03.27-08.17.21:207][814]LogModuleManager: Shutting down and abandoning module AnalyticsET (318)
[2017.03.27-08.17.21:207][814]LogModuleManager: Shutting down and abandoning module PortalServices (316)
[2017.03.27-08.17.21:207][814]LogModuleManager: Shutting down and abandoning module PortalRpc (314)
[2017.03.27-08.17.21:207][814]LogModuleManager: Shutting down and abandoning module MessagingRpc (312)
[2017.03.27-08.17.21:207][814]LogModuleManager: Shutting down and abandoning module AIModule (310)
[2017.03.27-08.17.21:207][814]LogModuleManager: Shutting down and abandoning module GameplayDebugger (309)
[2017.03.27-08.17.21:226][814]LogModuleManager: Shutting down and abandoning module AITestSuite (307)
[2017.03.27-08.17.21:226][814]LogModuleManager: Shutting down and abandoning module ProfilerService (304)
[2017.03.27-08.17.21:397][814]LogModuleManager: Shutting down and abandoning module TaskGraph (302)
[2017.03.27-08.17.21:398][814]LogModuleManager: Shutting down and abandoning module SteamVRController (300)
[2017.03.27-08.17.21:398][814]LogModuleManager: Shutting down and abandoning module SteamVR (298)
[2017.03.27-08.17.21:398][814]LogModuleManager: Shutting down and abandoning module ProceduralMeshComponentEditor (296)
[2017.03.27-08.17.21:398][814]LogModuleManager: Shutting down and abandoning module ProceduralMeshComponent (294)
[2017.03.27-08.17.21:412][814]LogModuleManager: Shutting down and abandoning module OculusLibrary (292)
[2017.03.27-08.17.21:412][814]LogModuleManager: Shutting down and abandoning module OculusInput (290)
[2017.03.27-08.17.21:412][814]LogModuleManager: Shutting down and abandoning module MobilePatchingUtils (288)
[2017.03.27-08.17.21:412][814]LogModuleManager: Shutting down and abandoning module CustomMeshComponent (286)
[2017.03.27-08.17.21:412][814]LogModuleManager: Shutting down and abandoning module CableComponent (284)
[2017.03.27-08.17.21:441][814]LogModuleManager: Shutting down and abandoning module ArchVisCharacter (282)
[2017.03.27-08.17.21:441][814]LogModuleManager: Shutting down and abandoning module MediaPlayerEditor (278)
[2017.03.27-08.17.21:477][814]LogModuleManager: Shutting down and abandoning module HTML5Networking (276)
[2017.03.27-08.17.21:477][814]LogModuleManager: Shutting down and abandoning module AlembicImporter (274)
[2017.03.27-08.17.21:486][814]LogModuleManager: Shutting down and abandoning module AlembicLibrary (273)
[2017.03.27-08.17.21:487][814]LogModuleManager: Shutting down and abandoning module GeometryCache (272)
[2017.03.27-08.17.21:487][814]LogModuleManager: Shutting down and abandoning module GeometryCacheEd (271)
[2017.03.27-08.17.21:487][814]LogModuleManager: Shutting down and abandoning module SuperSearchEditor (266)
[2017.03.27-08.17.21:487][814]LogModuleManager: Shutting down and abandoning module SuperSearch (265)
[2017.03.27-08.17.21:487][814]LogModuleManager: Shutting down and abandoning module SpeedTreeImporter (262)
[2017.03.27-08.17.21:487][814]LogModuleManager: Shutting down and abandoning module PluginBrowser (260)
[2017.03.27-08.17.21:501][814]LogModuleManager: Shutting down and abandoning module MobileLauncherProfileWizard (258)
[2017.03.27-08.17.21:537][814]LogModuleManager: Shutting down and abandoning module EpicSurvey (256)
[2017.03.27-08.17.21:537][814]LogModuleManager: Shutting down and abandoning module VisualStudioSourceCodeAccess (254)
[2017.03.27-08.17.21:537][814]LogModuleManager: Shutting down and abandoning module DesktopPlatform (253)
[2017.03.27-08.17.21:537][814]LogModuleManager: Shutting down and abandoning module UObjectPlugin (250)
[2017.03.27-08.17.21:537][814]LogModuleManager: Shutting down and abandoning module SubversionSourceControl (248)
[2017.03.27-08.17.21:546][814]LogModuleManager: Shutting down and abandoning module PerforceSourceControl (246)
[2017.03.27-08.17.21:574][814]LogModuleManager: Shutting down and abandoning module GitSourceControl (244)
[2017.03.27-08.17.21:581][814]LogModuleManager: Shutting down and abandoning module SourceControl (243)
[2017.03.27-08.17.21:596][814]LogModuleManager: Shutting down and abandoning module LightPropagationVolumeEditor (240)
[2017.03.27-08.17.21:596][814]LogModuleManager: Shutting down and abandoning module PaperTiledImporter (238)
[2017.03.27-08.17.21:596][814]LogModuleManager: Shutting down and abandoning module PaperSpriteSheetImporter (236)
[2017.03.27-08.17.21:596][814]LogModuleManager: Shutting down and abandoning module Paper2DEditor (234)
[2017.03.27-08.17.21:634][814]LogModuleManager: Shutting down and abandoning module MeshPaint (233)
[2017.03.27-08.17.21:652][814]LogModuleManager: Shutting down and abandoning module LevelEditor (231)
[2017.03.27-08.17.21:676][814]LogModuleManager: Shutting down and abandoning module PixelInspectorModule (230)
[2017.03.27-08.17.21:699][814]LogModuleManager: Shutting down and abandoning module MainFrame (228)
[2017.03.27-08.17.21:699][814]LogModuleManager: Shutting down and abandoning module HotReload (227)
[2017.03.27-08.17.21:728][814]LogModuleManager: Shutting down and abandoning module ContentBrowser (223)
[2017.03.27-08.17.21:730][814]LogModuleManager: Shutting down and abandoning module PhysXVehiclesEditor (220)
[2017.03.27-08.17.21:747][814]LogModuleManager: Shutting down and abandoning module PhysXVehicles (218)
[2017.03.27-08.17.21:747][814]LogModuleManager: Shutting down and abandoning module LocationServicesBPLibrary (216)
[2017.03.27-08.17.21:747][814]LogModuleManager: Shutting down and abandoning module UdpMessaging (214)
[2017.03.27-08.17.21:847][814]LogModuleManager: Shutting down and abandoning module TcpMessaging (212)
[2017.03.27-08.17.21:967][814]LogModuleManager: Shutting down and abandoning module GameplayTagsEditor (210)
[2017.03.27-08.17.21:993][814]LogModuleManager: Shutting down and abandoning module FacialAnimationEditor (208)
[2017.03.27-08.17.21:999][814]LogModuleManager: Shutting down and abandoning module FacialAnimation (206)
[2017.03.27-08.17.21:999][814]LogModuleManager: Shutting down and abandoning module LightPropagationVolumeRuntime (204)
[2017.03.27-08.17.21:999][814]LogModuleManager: Shutting down and abandoning module Paper2D (202)
[2017.03.27-08.17.22:020][814]LogModuleManager: Shutting down and abandoning module WindowsMoviePlayer (200)
[2017.03.27-08.17.22:033][814]LogModuleManager: Shutting down and abandoning module WmfMedia (198)
[2017.03.27-08.17.22:074][814]LogModuleManager: Shutting down and abandoning module MfMedia (196)
[2017.03.27-08.17.22:074][814]LogModuleManager: Shutting down and abandoning module MediaAssets (194)
[2017.03.27-08.17.22:074][814]LogModuleManager: Shutting down and abandoning module GameLiveStreaming (192)
[2017.03.27-08.17.22:091][814]LogModuleManager: Shutting down and abandoning module VREditor (190)
[2017.03.27-08.17.22:091][814]LogModuleManager: Shutting down and abandoning module GameplayTasksEditor (188)
[2017.03.27-08.17.22:091][814]LogModuleManager: Shutting down and abandoning module BehaviorTreeEditor (186)
[2017.03.27-08.17.22:147][814]LogModuleManager: Shutting down and abandoning module FunctionalTesting (184)
[2017.03.27-08.17.22:147][814]LogModuleManager: Shutting down and abandoning module CollisionAnalyzer (182)
[2017.03.27-08.17.22:160][814]LogModuleManager: Shutting down and abandoning module UMG (180)
[2017.03.27-08.17.22:181][814]LogModuleManager: Shutting down and abandoning module UMGEditor (179)
[2017.03.27-08.17.22:251][814]LogModuleManager: Shutting down and abandoning module Sequencer (178)
[2017.03.27-08.17.22:312][814]LogModuleManager: Shutting down and abandoning module AssetTools (176)
[2017.03.27-08.17.22:377][814]LogModuleManager: Shutting down and abandoning module MessageLog (175)
[2017.03.27-08.17.22:377][814]LogModuleManager: Shutting down and abandoning module WorkspaceMenuStructure (174)
[2017.03.27-08.17.22:377][814]LogModuleManager: Shutting down and abandoning module SlateReflector (168)
[2017.03.27-08.17.22:415][814]LogModuleManager: Shutting down and abandoning module Slate (166)
[2017.03.27-08.17.22:416][814]LogModuleManager: Shutting down and abandoning module EditorStyle (164)
[2017.03.27-08.17.22:418][814]LogModuleManager: Shutting down and abandoning module SourceCodeAccess (162)
[2017.03.27-08.17.22:438][814]LogModuleManager: Shutting down and abandoning module HeadMountedDisplay (160)
[2017.03.27-08.17.22:438][814]LogModuleManager: Shutting down and abandoning module XAudio2 (158)
[2017.03.27-08.17.22:438][814]LogModuleManager: Shutting down and abandoning module Networking (156)
[2017.03.27-08.17.22:438][814]LogModuleManager: Shutting down and abandoning module Core (152)
[2017.03.27-08.17.22:438][814]LogModuleManager: Shutting down and abandoning module AssetRegistry (150)
[2017.03.27-08.17.22:593][814]LogDirectoryWatcher: A directory notification for '../../../Engine/Content/' was aborted.
[2017.03.27-08.17.22:593][814]LogDirectoryWatcher: A directory notification for '../../../../../The Matrix - Game Creation/Unreal Projects/cyberpink_scene_2/Content/' was aborted.
[2017.03.27-08.17.22:593][814]LogDirectoryWatcher: A directory notification for '../../../Engine/Plugins/2D/Paper2D/Content/' was aborted.
[2017.03.27-08.17.22:609][814]LogModuleManager: Shutting down and abandoning module DirectoryWatcher (149)
[2017.03.27-08.17.22:614][814]LogModuleManager: Shutting down and abandoning module KismetCompiler (146)
[2017.03.27-08.17.22:614][814]LogModuleManager: Shutting down and abandoning module PhysXFormats (144)
[2017.03.27-08.17.22:614][814]LogModuleManager: Shutting down and abandoning module MeshUtilities (142)
[2017.03.27-08.17.22:634][814]LogModuleManager: Shutting down and abandoning module SimplygonSwarm (141)
[2017.03.27-08.17.22:668][814]LogModuleManager: Shutting down and abandoning module SimplygonMeshReduction (139)
[2017.03.27-08.17.22:669][814]LogModuleManager: Shutting down and abandoning module QuadricMeshReduction (137)
[2017.03.27-08.17.22:676][814]LogModuleManager: Shutting down and abandoning module PropertyEditor (135)
[2017.03.27-08.17.22:676][814]LogModuleManager: Shutting down and abandoning module DerivedDataCache (132)
[2017.03.27-08.17.22:728][814]LogDerivedDataCache: Shutdown
[2017.03.27-08.17.22:728][814]LogModuleManager: Shutting down and abandoning module TargetPlatform (130)
[2017.03.27-08.17.22:728][814]LogModuleManager: Shutting down and abandoning module VulkanShaderFormat (129)
[2017.03.27-08.17.22:733][814]LogModuleManager: Shutting down and abandoning module ShaderFormatOpenGL (127)
[2017.03.27-08.17.22:748][814]LogModuleManager: Shutting down and abandoning module ShaderFormatD3D (125)
[2017.03.27-08.17.22:753][814]LogModuleManager: Shutting down and abandoning module MetalShaderFormat (123)
[2017.03.27-08.17.22:797][814]LogModuleManager: Shutting down and abandoning module TextureFormatUncompressed (121)
[2017.03.27-08.17.22:797][814]LogModuleManager: Shutting down and abandoning module TextureFormatPVR (119)
[2017.03.27-08.17.22:797][814]LogModuleManager: Shutting down and abandoning module TextureFormatDXT (117)
[2017.03.27-08.17.22:819][814]LogModuleManager: Shutting down and abandoning module TextureFormatIntelISPCTexComp (115)
[2017.03.27-08.17.22:822][814]LogModuleManager: Shutting down and abandoning module TextureFormatASTC (113)
[2017.03.27-08.17.22:822][814]LogModuleManager: Shutting down and abandoning module ImageWrapper (112)
[2017.03.27-08.17.22:822][814]LogModuleManager: Shutting down and abandoning module TextureFormatAndroid (109)
[2017.03.27-08.17.22:822][814]LogModuleManager: Shutting down and abandoning module AudioFormatOpus (107)
[2017.03.27-08.17.22:828][814]LogModuleManager: Shutting down and abandoning module AudioFormatOgg (105)
[2017.03.27-08.17.22:828][814]LogModuleManager: Shutting down and abandoning module AudioFormatADPCM (103)
[2017.03.27-08.17.22:828][814]LogModuleManager: Shutting down and abandoning module LinuxTargetPlatform (101)
[2017.03.27-08.17.22:828][814]LogModuleManager: Shutting down and abandoning module LinuxServerTargetPlatform (99)
[2017.03.27-08.17.22:828][814]LogModuleManager: Shutting down and abandoning module LinuxNoEditorTargetPlatform (97)
[2017.03.27-08.17.22:828][814]LogModuleManager: Shutting down and abandoning module LinuxClientTargetPlatform (95)
[2017.03.27-08.17.22:828][814]LogModuleManager: Shutting down and abandoning module TVOSTargetPlatform (93)
[2017.03.27-08.17.22:828][814]LogModuleManager: Shutting down and abandoning module Messaging (91)
[2017.03.27-08.17.22:828][814]LogModuleManager: Shutting down and abandoning module IOSTargetPlatform (89)
[2017.03.27-08.17.22:828][814]LogModuleManager: Shutting down and abandoning module HTML5TargetPlatform (87)
[2017.03.27-08.17.22:828][814]LogModuleManager: Shutting down and abandoning module Android_PVRTCTargetPlatform (85)
[2017.03.27-08.17.22:828][814]LogModuleManager: Shutting down and abandoning module Android_MultiTargetPlatform (83)
[2017.03.27-08.17.22:828][814]LogModuleManager: Shutting down and abandoning module Android_ETC2TargetPlatform (81)
[2017.03.27-08.17.22:828][814]LogModuleManager: Shutting down and abandoning module Android_ETC1TargetPlatform (79)
[2017.03.27-08.17.22:828][814]LogModuleManager: Shutting down and abandoning module Android_DXTTargetPlatform (77)
[2017.03.27-08.17.22:828][814]LogModuleManager: Shutting down and abandoning module Android_ATCTargetPlatform (75)
[2017.03.27-08.17.22:828][814]LogModuleManager: Shutting down and abandoning module Android_ASTCTargetPlatform (73)
[2017.03.27-08.17.22:828][814]LogModuleManager: Shutting down and abandoning module AndroidTargetPlatform (71)
[2017.03.27-08.17.22:828][814]LogModuleManager: Shutting down and abandoning module WindowsTargetPlatform (69)
[2017.03.27-08.17.22:828][814]LogModuleManager: Shutting down and abandoning module WindowsServerTargetPlatform (67)
[2017.03.27-08.17.22:828][814]LogModuleManager: Shutting down and abandoning module WindowsNoEditorTargetPlatform (65)
[2017.03.27-08.17.22:828][814]LogModuleManager: Shutting down and abandoning module WindowsClientTargetPlatform (63)
[2017.03.27-08.17.22:828][814]LogModuleManager: Shutting down and abandoning module MacTargetPlatform (61)
[2017.03.27-08.17.22:828][814]LogModuleManager: Shutting down and abandoning module MacServerTargetPlatform (59)
[2017.03.27-08.17.22:828][814]LogModuleManager: Shutting down and abandoning module MacNoEditorTargetPlatform (57)
[2017.03.27-08.17.22:828][814]LogModuleManager: Shutting down and abandoning module MacClientTargetPlatform (55)
[2017.03.27-08.17.22:829][814]LogModuleManager: Shutting down and abandoning module AllDesktopTargetPlatform (53)
[2017.03.27-08.17.22:829][814]LogModuleManager: Shutting down and abandoning module InputCore (50)
[2017.03.27-08.17.22:829][814]LogModuleManager: Shutting down and abandoning module Settings (48)
[2017.03.27-08.17.22:829][814]LogModuleManager: Shutting down and abandoning module OculusRift (46)
[2017.03.27-08.17.22:829][814]LogModuleManager: Shutting down and abandoning module ExampleDeviceProfileSelector (44)
[2017.03.27-08.17.22:829][814]LogModuleManager: Shutting down and abandoning module OnlineBlueprintSupport (42)
[2017.03.27-08.17.22:829][814]LogModuleManager: Shutting down and abandoning module OnlineSubsystem (38)
[2017.03.27-08.17.22:829][814]LogOnline:Display: Unloading online subsystem: NULL
[2017.03.27-08.17.22:851][814]LogModuleManager: Shutting down and abandoning module XMPP (37)
[2017.03.27-08.17.22:882][814]LogModuleManager: Shutting down and abandoning module HTTP (35)
[2017.03.27-08.17.22:894][814]LogHttp:Display: Http module shutting down, but needs to wait on 1 outstanding Http requests:
[2017.03.27-08.17.22:894][814]LogHttp:Display: 	verb=[POST] url=[https://datarouter.ol.epicgames.com/datarouter/api/v1/public/data?SessionID=%7B820BC4AC-4704-6565-74D7-598001B7A4CC%7D&AppID=UEEditor.Rocket.Release&AppVersion=4.15.0-3299760%2B%2B%2BUE4%2BRelease-4.15&UserID=29c8653a4317a61c32f10e99e90729c2%7C4e61fe71a1fb457880f7d7dcfb02c492%7C808abf15-23bd-4e03-a855-8bede5970bc1&AppEnvironment=datacollector-binary&UploadType=eteventstream] status=Processing
[2017.03.27-08.17.22:912][814]LogModuleManager: Shutting down and abandoning module SSL (34)
[2017.03.27-08.17.22:926][814]LogModuleManager: Shutting down and abandoning module AudioEditor (30)
[2017.03.27-08.17.22:926][814]LogModuleManager: Shutting down and abandoning module TextureCompressor (28)
[2017.03.27-08.17.22:937][814]LogModuleManager: Shutting down and abandoning module ShaderCore (26)
[2017.03.27-08.17.22:937][814]LogModuleManager: Shutting down and abandoning module Landscape (24)
[2017.03.27-08.17.22:937][814]LogModuleManager: Shutting down and abandoning module SlateRHIRenderer (22)
[2017.03.27-08.17.22:987][814]LogModuleManager: Shutting down and abandoning module OpenGLDrv (20)
[2017.03.27-08.17.23:030][814]LogModuleManager: Shutting down and abandoning module D3D11RHI (18)
[2017.03.27-08.17.23:030][814]LogModuleManager: Shutting down and abandoning module AnimGraphRuntime (16)
[2017.03.27-08.17.23:060][814]LogModuleManager: Shutting down and abandoning module Renderer (14)
[2017.03.27-08.17.23:060][814]LogModuleManager: Shutting down and abandoning module Engine (12)
[2017.03.27-08.17.23:060][814]LogModuleManager: Shutting down and abandoning module CoreUObject (10)
[2017.03.27-08.17.23:060][814]LogModuleManager: Shutting down and abandoning module NetworkFile (8)
[2017.03.27-08.17.23:100][814]LogModuleManager: Shutting down and abandoning module StreamingFile (6)
[2017.03.27-08.17.23:100][814]LogModuleManager: Shutting down and abandoning module SandboxFile (4)
[2017.03.27-08.17.23:100][814]LogModuleManager: Shutting down and abandoning module PakFile (2)
[2017.03.27-08.17.23:112][814]LogExit: Exiting.
[2017.03.27-08.17.23:119][814]Log file closed, 03/27/17 19:17:23
