Log file open, 03/31/17 14:46:25
LogInit:Display: Running engine for game: cyberpink_scene_2
LogPlatformFile: Not using cached read wrapper
LogInit:Display: RandInit(2021235989) SRandInit(2021235989).
LogTaskGraph: Started task graph with 5 named threads and 8 total threads with 1 sets of task threads.
LogStats: Stats thread started at 0.107093
LogInit: Using libcurl 7.47.1
LogInit:  - built for x86_64-pc-win32
LogInit:  - supports SSL with OpenSSL/1.0.2g
LogInit:  - supports HTTP deflate (compression) using libz 1.2.8
LogInit:  - other features:
LogInit:      CURL_VERSION_SSL
LogInit:      CURL_VERSION_LIBZ
LogInit:      CURL_VERSION_IPV6
LogInit:      CURL_VERSION_ASYNCHDNS
LogInit:      CURL_VERSION_LARGEFILE
LogInit:      CURL_VERSION_IDN
LogInit:  CurlRequestOptions (configurable via config and command line):
LogInit:  - bVerifyPeer = false  - Libcurl will NOT verify peer certificate
LogInit:  - bUseHttpProxy = false  - Libcurl will NOT use HTTP proxy
LogInit:  - bDontReuseConnections = false  - Libcurl will reuse connections
LogInit:  - CertBundlePath = nullptr  - Libcurl will use whatever was configured at build time.
LogInit: Build: ++UE4+Release-4.15-CL-3299760
LogInit: Engine Version: 4.15.0-3299760+++UE4+Release-4.15
LogInit: Compatible Engine Version: 4.15.0-3299760+++UE4+Release-4.15
LogInit: Net CL: 3299760
LogDevObjectVersion: Number of dev versions registered: 14
LogDevObjectVersion:   Dev-Blueprints (B0D832E4-1F89-4F0D-ACCF-7EB736FD4AA2): 8
LogDevObjectVersion:   Dev-Build (E1C64328-A22C-4D53-A36C-8E866417BD8C): 0
LogDevObjectVersion:   Dev-Core (375EC13C-06E4-48FB-B500-84F0262A717E): 2
LogDevObjectVersion:   Dev-Editor (E4B068ED-F494-42E9-A231-DA0B2E46BB41): 14
LogDevObjectVersion:   Dev-Framework (CFFC743F-43B0-4480-9391-14DF171D2073): 22
LogDevObjectVersion:   Dev-Mobile (B02B49B5-BB20-44E9-A304-32B752E40360): 0
LogDevObjectVersion:   Dev-Networking (A4E4105C-59A1-49B5-A7C5-40C4547EDFEE): 0
LogDevObjectVersion:   Dev-Online (39C831C9-5AE6-47DC-9A44-9C173E1C8E7C): 0
LogDevObjectVersion:   Dev-Physics (78F01B33-EBEA-4F98-B9B4-84EACCB95AA2): 0
LogDevObjectVersion:   Dev-Platform (6631380F-2D4D-43E0-8009-CF276956A95A): 0
LogDevObjectVersion:   Dev-Rendering (12F88B9F-8875-4AFC-A67C-D90C383ABD29): 12
LogDevObjectVersion:   Dev-Sequencer (7B5AE74C-D270-4C10-A958-57980B212A5A): 3
LogDevObjectVersion:   Dev-VR (D7296918-1DD6-4BDD-9DE2-64A83CC13884): 0
LogDevObjectVersion:   Dev-LoadTimes (C2A15278-BFE7-4AFE-6C17-90FF531DF755): 1
LogInit: Compiled (64-bit): Feb 14 2017 02:04:14
LogInit: Compiled with Visual C++: 19.00.23026.00
LogInit: Build Configuration: Development
LogInit: Branch Name: ++UE4+Release-4.15
LogInit: Command line:  
LogInit: Base directory: D:/Program Files/UE_4.15/Engine/Binaries/Win64/
LogInit: Installed Engine Build: 1
LogInit: Presizing for max 8388607 objects, including 0 objects not considered by GC, pre-allocating 0 bytes for permanent pool.
LogInit: Object subsystem initialized
[2017.03.31-03.46.27:929][  0]LogInit: Selected Device Profile: [Windows]
[2017.03.31-03.46.27:929][  0]LogInit: Applying CVar settings loaded from the selected device profile: [Windows]
[2017.03.31-03.46.27:981][  0]LogInit: Computer: DESKTOP-73H95M6
[2017.03.31-03.46.27:981][  0]LogInit: User: marcu
[2017.03.31-03.46.27:981][  0]LogInit: CPU Page size=65536, Cores=4
[2017.03.31-03.46.27:981][  0]LogInit: High frequency timer resolution =3.320338 MHz
[2017.03.31-03.46.27:981][  0]LogMemory: Memory total: Physical=15.9GB (16GB approx)
[2017.03.31-03.46.27:981][  0]LogMemory: Platform Memory Stats for Windows
[2017.03.31-03.46.27:981][  0]LogMemory: Process Physical Memory: 265.32 MB used, 265.32 MB peak
[2017.03.31-03.46.27:981][  0]LogMemory: Process Virtual Memory: 262.61 MB used, 262.61 MB peak
[2017.03.31-03.46.27:981][  0]LogMemory: Physical Memory: 13340.13 MB used,  2941.02 MB free, 16281.15 MB total
[2017.03.31-03.46.27:981][  0]LogMemory: Virtual Memory: 644.47 MB used,  2941.02 MB free, 134217728.00 MB total
[2017.03.31-03.46.28:381][  0]LogTextLocalizationManager: No specific translations for ('en-AU') exist, so ('en') translations will be used.
[2017.03.31-03.46.35:457][  0]LogD3D11RHI: D3D11 adapters:
[2017.03.31-03.46.35:479][  0]LogD3D11RHI:    0. 'AMD Radeon R9 200 Series' (Feature Level 11_0)
[2017.03.31-03.46.35:479][  0]LogD3D11RHI:       4073/0/8140 MB DedicatedVideo/DedicatedSystem/SharedSystem, Outputs:3, VendorId:0x1002
[2017.03.31-03.46.35:504][  0]LogD3D11RHI:    1. 'Intel(R) HD Graphics 3000' (Feature Level 10_0)
[2017.03.31-03.46.35:504][  0]LogD3D11RHI:       32/0/1632 MB DedicatedVideo/DedicatedSystem/SharedSystem, Outputs:0, VendorId:0x8086
[2017.03.31-03.46.35:506][  0]LogD3D11RHI:    2. 'Microsoft Basic Render Driver' (Feature Level 11_0)
[2017.03.31-03.46.35:506][  0]LogD3D11RHI:       0/0/8140 MB DedicatedVideo/DedicatedSystem/SharedSystem, Outputs:0, VendorId:0x1414
[2017.03.31-03.46.35:506][  0]LogD3D11RHI: Chosen D3D11 Adapter: 0
[2017.03.31-03.46.35:513][  0]LogD3D11RHI: Creating new Direct3DDevice
[2017.03.31-03.46.35:513][  0]LogD3D11RHI:     GPU DeviceId: 0x67b1 (for the marketing name, search the web for "GPU Device Id")
[2017.03.31-03.46.35:513][  0]LogWindows: EnumDisplayDevices:
[2017.03.31-03.46.35:514][  0]LogWindows:    0. 'AMD Radeon R9 200 Series' (P:0 D:1)
[2017.03.31-03.46.35:515][  0]LogWindows:    1. 'AMD Radeon R9 200 Series' (P:0 D:1)
[2017.03.31-03.46.35:516][  0]LogWindows:    2. 'AMD Radeon R9 200 Series' (P:1 D:1)
[2017.03.31-03.46.35:517][  0]LogWindows:    3. 'AMD Radeon R9 200 Series' (P:0 D:0)
[2017.03.31-03.46.35:518][  0]LogWindows:    4. 'AMD Radeon R9 200 Series' (P:0 D:0)
[2017.03.31-03.46.35:519][  0]LogWindows:    5. 'AMD Radeon R9 200 Series' (P:0 D:0)
[2017.03.31-03.46.35:520][  0]LogWindows:    6. 'Intel(R) HD Graphics 3000' (P:0 D:0)
[2017.03.31-03.46.35:521][  0]LogWindows:    7. 'Intel(R) HD Graphics 3000' (P:0 D:0)
[2017.03.31-03.46.35:521][  0]LogWindows: DebugString: PrimaryIsNotTheChoosenAdapter PrimaryIsNotTheChoosenAdapter FoundDriverCount:6 
[2017.03.31-03.46.35:521][  0]LogD3D11RHI:     Adapter Name: AMD Radeon R9 200 Series
[2017.03.31-03.46.35:521][  0]LogD3D11RHI:   Driver Version: Crimson ReLive 17.3.3 (internal:21.19.525.258, unified:21.19.525.258)
[2017.03.31-03.46.35:521][  0]LogD3D11RHI:      Driver Date: 3-16-2017
[2017.03.31-03.46.35:521][  0]LogRHI: Texture pool is 1361 MB (70% of 1945 MB)
[2017.03.31-03.46.35:835][  0]LogD3D11RHI: Async texture creation enabled
[2017.03.31-03.46.35:849][  0]LogD3D11RHI: GPU Timing Frequency: 27.000000 (Debug: 2 1)
[2017.03.31-03.46.35:851][  0]LogShaderCompilers: Guid format shader working directory is -30 characters bigger than the processId version (../../../../../The Matrix - Game Creation/Unreal Projects/cyberpink_scene_2/Intermediate/Shaders/WorkingDirectory/25796/).
[2017.03.31-03.46.35:852][  0]LogShaderCompilers: Cleaned the shader compiler working directory 'C:/Users/marcu/AppData/Local/Temp/UnrealShaderWorkingDir/1B87B6B34DE3E01F110C399A2F601CD4/'.
[2017.03.31-03.46.35:852][  0]LogShaderCompilers:Display: Using Local Shader Compiler.
[2017.03.31-03.46.40:375][  0]LogTemp:Display: Loaded TP AllDesktopTargetPlatform
[2017.03.31-03.46.40:437][  0]LogTemp:Display: Loaded TP MacClientTargetPlatform
[2017.03.31-03.46.40:508][  0]LogTemp:Display: Loaded TP MacNoEditorTargetPlatform
[2017.03.31-03.46.40:593][  0]LogTemp:Display: Loaded TP MacServerTargetPlatform
[2017.03.31-03.46.40:702][  0]LogTemp:Display: Loaded TP MacTargetPlatform
[2017.03.31-03.46.40:792][  0]LogTemp:Display: Loaded TP WindowsClientTargetPlatform
[2017.03.31-03.46.40:898][  0]LogTemp:Display: Loaded TP WindowsNoEditorTargetPlatform
[2017.03.31-03.46.40:983][  0]LogTemp:Display: Loaded TP WindowsServerTargetPlatform
[2017.03.31-03.46.41:054][  0]LogTemp:Display: Loaded TP WindowsTargetPlatform
[2017.03.31-03.46.41:182][  0]LogTemp:Display: Loaded TP AndroidTargetPlatform
[2017.03.31-03.46.41:259][  0]LogTemp:Display: Loaded TP Android_ASTCTargetPlatform
[2017.03.31-03.46.41:337][  0]LogTemp:Display: Loaded TP Android_ATCTargetPlatform
[2017.03.31-03.46.41:413][  0]LogTemp:Display: Loaded TP Android_DXTTargetPlatform
[2017.03.31-03.46.41:490][  0]LogTemp:Display: Loaded TP Android_ETC1TargetPlatform
[2017.03.31-03.46.41:607][  0]LogTemp:Display: Loaded TP Android_ETC2TargetPlatform
[2017.03.31-03.46.41:805][  0]LogTemp:Display: Loaded TP Android_MultiTargetPlatform
[2017.03.31-03.46.41:805][  0]LogTemp:Display: Loaded TP Android_PVRTCTargetPlatform
[2017.03.31-03.46.41:866][  0]LogTemp:Display: Loaded TP HTML5TargetPlatform
[2017.03.31-03.46.42:015][  0]LogTemp:Display: Loaded TP IOSTargetPlatform
[2017.03.31-03.46.42:080][  0]LogTemp:Display: Loaded TP TVOSTargetPlatform
[2017.03.31-03.46.42:171][  0]LogTemp:Display: Loaded TP LinuxClientTargetPlatform
[2017.03.31-03.46.42:247][  0]LogTemp:Display: Loaded TP LinuxNoEditorTargetPlatform
[2017.03.31-03.46.42:326][  0]LogTemp:Display: Loaded TP LinuxServerTargetPlatform
[2017.03.31-03.46.42:434][  0]LogTemp:Display: Loaded TP LinuxTargetPlatform
[2017.03.31-03.46.42:434][  0]LogTargetPlatformManager:Display: Building Assets For Windows
[2017.03.31-03.46.43:442][  0]LogDerivedDataCache:Display: Max Cache Size: 512 MB
[2017.03.31-03.46.43:636][  0]LogDerivedDataCache: Loaded boot cache 0.19s 50MB C:/Users/marcu/AppData/Local/UnrealEngine/4.15/DerivedDataCache/Boot.ddc.
[2017.03.31-03.46.43:636][  0]LogDerivedDataCache:Display: Loaded Boot cache: C:/Users/marcu/AppData/Local/UnrealEngine/4.15/DerivedDataCache/Boot.ddc
[2017.03.31-03.46.43:636][  0]LogDerivedDataCache: FDerivedDataBackendGraph:  Pak pak cache file ../../../../../The Matrix - Game Creation/Unreal Projects/cyberpink_scene_2/DerivedDataCache/DDC.ddp not found, will not use a pak cache.
[2017.03.31-03.46.43:636][  0]LogDerivedDataCache: Unable to find inner node Pak for hierarchical cache Hierarchy.
[2017.03.31-03.46.43:636][  0]LogDerivedDataCache: FDerivedDataBackendGraph:  CompressedPak pak cache file ../../../../../The Matrix - Game Creation/Unreal Projects/cyberpink_scene_2/DerivedDataCache/Compressed.ddp not found, will not use a pak cache.
[2017.03.31-03.46.43:636][  0]LogDerivedDataCache: Unable to find inner node CompressedPak for hierarchical cache Hierarchy.
[2017.03.31-03.46.43:720][  0]LogDerivedDataCache:Display: Pak cache opened for reading ../../../Engine/DerivedDataCache/Compressed.ddp.
[2017.03.31-03.46.43:734][  0]LogDerivedDataCache: Using Local data cache path C:/Users/marcu/AppData/Local/UnrealEngine/Common/DerivedDataCache: Writable
[2017.03.31-03.46.43:747][  0]LogSlate: Using Freetype 2.6.0
[2017.03.31-03.46.43:762][  0]LogSlate: SlateFontCache - WITH_FREETYPE: 1, WITH_HARFBUZZ: 1
[2017.03.31-03.46.43:762][  0]LogSlate: SlateFontCache - WITH_FREETYPE: 1, WITH_HARFBUZZ: 1
[2017.03.31-03.46.47:567][  0]LogInit: Selected Device Profile: [Windows]
[2017.03.31-03.46.47:573][  0]LogContentStreaming: Texture pool size is 0.00 MB
[2017.03.31-03.46.48:121][  0]LogMeshUtilities: Using QuadricMeshReduction for automatic static mesh reduction
[2017.03.31-03.46.48:222][  0]LogSimplygon: Simplygon DLL not present - disabling.
[2017.03.31-03.46.48:313][  0]LogMeshUtilities: Using SimplygonSwarm for distributed automatic mesh merging
[2017.03.31-03.46.48:313][  0]LogMeshUtilities: No automatic skeletal mesh reduction module available
[2017.03.31-03.46.48:313][  0]LogMeshUtilities: No automatic mesh merging module available
[2017.03.31-03.46.49:298][  0]LogNetVersion: GetLocalNetworkVersion: CL: 3299760, ProjectName: cyberpink_scene_2, ProjectVersion: , EngineNetworkVersion: 2, GameNetworkVersion: 0, NetworkChecksum: 1803789287
[2017.03.31-03.46.49:365][  0]LogAssetRegistry: FAssetRegistry took 0.0212 seconds to start up
[2017.03.31-03.46.49:457][  0]LogPackageLocalizationCache: Processed 3 localized package path(s) for 2 prioritized culture(s) in 0.071355 seconds
[2017.03.31-03.46.49:465][  0]LogUObjectArray: 32475 objects as part of root set at end of initial load.
[2017.03.31-03.46.49:465][  0]LogUObjectAllocator: 7073360 out of 0 bytes used by permanent object pool.
[2017.03.31-03.46.49:465][  0]LogUObjectArray: CloseDisregardForGC: 0/0 objects in disregard for GC pool
[2017.03.31-03.46.49:527][  0]LogInit: WinSock: version 1.1 (2.2), MaxSocks=32767, MaxUdp=65467
[2017.03.31-03.47.05:844][  0]LogTcpMessaging: Initializing TcpMessaging bridge
[2017.03.31-03.47.05:919][  0]LogUdpMessaging: Initializing bridge on interface 0.0.0.0:0 to multicast group 230.0.0.1:6666.
[2017.03.31-03.47.06:820][  0]LogMaterial: Uniform references updated for custom material expression Custom.
[2017.03.31-03.47.07:462][  0]SourceControl: Info Source control is disabled
[2017.03.31-03.47.07:465][  0]SourceControl: Info Source control is disabled
[2017.03.31-03.47.07:588][  0]SourceControl: Info Source control is disabled
[2017.03.31-03.47.07:728][  0]SourceControl: Info Source control is disabled
[2017.03.31-03.47.10:551][  0]LogEngine: Initializing Engine...
[2017.03.31-03.47.10:572][  0]LogHMD: Failed to initialize OpenVR with code 110
[2017.03.31-03.47.10:926][  0]LogAIModule: Creating AISystem for world Untitled
[2017.03.31-03.47.10:985][  0]LogInit: XAudio2 using 'Realtek Digital Output(Optical) (Realtek High Definition Audio)' : 2 channels at 48 kHz using 16 bits per sample (channel mask 0x3)
[2017.03.31-03.47.11:039][  0]LogInit: FAudioDevice initialized.
[2017.03.31-03.47.11:077][  0]LogDerivedDataCache: Saved boot cache 0.04s 50MB C:/Users/marcu/AppData/Local/UnrealEngine/4.15/DerivedDataCache/Boot.ddc.
[2017.03.31-03.47.11:088][  0]LogInit: Texture streaming: Enabled
[2017.03.31-03.47.11:271][  0]LogEngineSessionManager: EngineSessionManager initialized
[2017.03.31-03.47.11:488][  0]LogInit: Transaction tracking system initialized
[2017.03.31-03.47.12:183][  0]BlueprintLog: New page: Editor Load
[2017.03.31-03.47.13:916][  0]LocalizationService: Info Localization service is disabled
[2017.03.31-03.47.15:378][  0]LogConsoleResponse:Display: 
[2017.03.31-03.47.16:210][  0]LogCook:Display: Max memory allowance for cook 16384mb min free memory 0mb
[2017.03.31-03.47.16:211][  0]LogCook:Display: Mobile HDR setting 1
[2017.03.31-03.47.16:378][  0]LogFileCache: Scanning file cache for directory 'D:/The Matrix - Game Creation/Unreal Projects/cyberpink_scene_2/Content/' took 0.03s
[2017.03.31-03.47.18:988][  0]SourceControl: Info Source control is disabled
[2017.03.31-03.47.18:988][  0]Cmd: MAP LOAD FILE="../../../../../The Matrix - Game Creation/Unreal Projects/cyberpink_scene_2/Content/FirstPersonBP/Maps/FirstPersonExampleMap.umap" TEMPLATE=0 SHOWPROGRESS=1 FEATURELEVEL=3
[2017.03.31-03.47.19:011][  0]LightingResults: New page: Lighting Build
[2017.03.31-03.47.19:083][  0]MapCheck: New page: Map Check
[2017.03.31-03.47.19:083][  0]LightingResults: New page: Lighting Build
[2017.03.31-03.47.21:027][  0]LogAIModule: Creating AISystem for world FirstPersonExampleMap
[2017.03.31-03.47.21:047][  0]LogEditorServer: Finished looking for orphan Actors (0.000 secs)
[2017.03.31-03.47.21:047][  0]Cmd: MAP CHECKDEP NOCLEARLOG
[2017.03.31-03.47.21:142][  0]MapCheck: Info Map check complete: 0 Error(s), 0 Warning(s), took 94.407ms to complete.
[2017.03.31-03.47.21:142][  0]LogFileHelpers: Loading map 'FirstPersonExampleMap' took 2.154
[2017.03.31-03.47.21:496][  0]LogCollectionManager: Loaded 0 collections in 0.002551 seconds
[2017.03.31-03.47.21:651][  0]LogFileCache: Scanning file cache for directory 'D:/The Matrix - Game Creation/Unreal Projects/cyberpink_scene_2/Saved/Collections/' took 0.01s
[2017.03.31-03.47.21:651][  0]LogFileCache: Scanning file cache for directory 'D:/The Matrix - Game Creation/Unreal Projects/cyberpink_scene_2/Content/Developers/marcu/Collections/' took 0.01s
[2017.03.31-03.47.21:651][  0]LogFileCache: Scanning file cache for directory 'D:/The Matrix - Game Creation/Unreal Projects/cyberpink_scene_2/Content/Collections/' took 0.01s
[2017.03.31-03.47.21:651][  0]LogCollectionManager: Rebuilt the GUID cache for 0 collections in 0.000002 seconds
[2017.03.31-03.47.21:677][  0]LogContentBrowser: Native class hierarchy populated in 0.0253 seconds. Added 2244 classes and 450 folders.
[2017.03.31-03.47.21:683][  0]LogStats: UGameplayTagsManager::ConstructGameplayTagTree: Construct from data asset -  0.000 s
[2017.03.31-03.47.21:683][  0]LogStats: UGameplayTagsManager::ConstructGameplayTagTree: GameplayTagTreeChangedEvent.Broadcast -  0.000 s
[2017.03.31-03.47.21:833][  0]LogContentBrowser: Native class hierarchy updated for 'WidgetCarousel' in 0.0015 seconds. Added 0 classes and 0 folders.
[2017.03.31-03.47.21:979][  0]LogContentBrowser: Native class hierarchy updated for 'AddContentDialog' in 0.0007 seconds. Added 0 classes and 0 folders.
[2017.03.31-03.47.22:060][  0]LogContentBrowser: Native class hierarchy updated for 'SceneOutliner' in 0.0010 seconds. Added 1 classes and 2 folders.
[2017.03.31-03.47.22:192][  0]LogCrashTracker: Crashtracker disabled due to settings.
[2017.03.31-03.47.22:208][  0]LogUObjectGlobals:Warning: Failed to find object 'Class None.'
[2017.03.31-03.47.22:288][  0]LogContentBrowser: Native class hierarchy updated for 'HierarchicalLODOutliner' in 0.0008 seconds. Added 1 classes and 2 folders.
[2017.03.31-03.47.22:289][  0]LogLoad: (Engine Initialization) Total time: 61.22 seconds
[2017.03.31-03.47.22:289][  0]LogLoad: (Engine Initialization) Total Blueprint compile time: 0.38 seconds
[2017.03.31-03.47.22:289][  0]LogExternalProfiler: Found external profiler: VSPerf
[2017.03.31-03.47.22:289][  0]LogExternalProfiler: Using external profiler: VSPerf
[2017.03.31-03.47.22:628][  0]LogOcInput: OculusInput pre-init called
[2017.03.31-03.47.22:648][  0]LogContentStreaming: Texture pool size now 1000 MB
[2017.03.31-03.47.22:650][  0]LogSlate: Took 0.000350 seconds to synchronously load lazily loaded font '../../../Engine/Content/Slate/Fonts/Roboto-Regular.ttf' (155K)
[2017.03.31-03.47.22:654][  0]LogSlate: Took 0.000403 seconds to synchronously load lazily loaded font '../../../Engine/Content/Slate/Fonts/Roboto-Bold.ttf' (160K)
[2017.03.31-03.47.22:660][  0]LogSlate: Took 0.000339 seconds to synchronously load lazily loaded font '../../../Engine/Content/Editor/Slate/Fonts/FontAwesome.ttf' (139K)
[2017.03.31-03.47.22:808][  0]LogSlate: Took 0.000417 seconds to synchronously load lazily loaded font '../../../Engine/Content/Slate/Fonts/Roboto-Light.ttf' (159K)
[2017.03.31-03.47.22:851][  0]LogRenderer: Reallocating scene render targets to support 1160x604 NumSamples 1 (Frame:2).
[2017.03.31-03.47.23:311][  2]LogAssetRegistry: Asset discovery search completed in 33.9681 seconds
[2017.03.31-03.47.23:397][  2]LogCollectionManager: Rebuilt the object cache for 0 collections in 0.000006 seconds (found 0 objects)
[2017.03.31-03.47.23:397][  2]LogCollectionManager: Fixed up redirectors for 0 collections in 0.085146 seconds (updated 0 objects)
[2017.03.31-03.48.32:420][427]LogTemp: Repeting last play command: Selected Viewport
[2017.03.31-03.48.32:434][427]LogBlueprintUserMessages: Early PlayInEditor Detection: Level '/Game/FirstPersonBP/Maps/FirstPersonExampleMap.FirstPersonExampleMap:PersistentLevel' has LevelScriptBlueprint '/Game/FirstPersonBP/Maps/FirstPersonExampleMap.FirstPersonExampleMap:PersistentLevel.FirstPersonExampleMap' with GeneratedClass '/Game/FirstPersonBP/Maps/FirstPersonExampleMap.FirstPersonExampleMap_C' with ClassGeneratedBy '/Game/FirstPersonBP/Maps/FirstPersonExampleMap.FirstPersonExampleMap:PersistentLevel.FirstPersonExampleMap'
[2017.03.31-03.48.32:434][427]LogPlayLevel: PlayLevel: No blueprints needed recompiling
[2017.03.31-03.48.32:434][427]PIE: New page: PIE session: FirstPersonExampleMap (1 Apr 2017 1:48:32 am)
[2017.03.31-03.48.32:434][427]LogPlayLevel: Creating play world package: /Game/FirstPersonBP/Maps/UEDPIE_0_FirstPersonExampleMap
[2017.03.31-03.48.32:466][427]LogPlayLevel: PIE: StaticDuplicateObject took: (0.031147s)
[2017.03.31-03.48.32:467][427]LogAIModule: Creating AISystem for world FirstPersonExampleMap
[2017.03.31-03.48.32:468][427]LogPlayLevel: PIE: World Init took: (0.002000s)
[2017.03.31-03.48.32:468][427]LogPlayLevel: PIE: Created PIE world by copying editor world from /Game/FirstPersonBP/Maps/FirstPersonExampleMap.FirstPersonExampleMap to /Game/FirstPersonBP/Maps/UEDPIE_0_FirstPersonExampleMap.FirstPersonExampleMap (0.033916s)
[2017.03.31-03.48.32:535][427]LogInit: XAudio2 using 'Realtek Digital Output(Optical) (Realtek High Definition Audio)' : 2 channels at 48 kHz using 16 bits per sample (channel mask 0x3)
[2017.03.31-03.48.32:566][427]LogInit: FAudioDevice initialized.
[2017.03.31-03.48.32:633][427]LogLoad: Game class is 'FirstPersonGameMode_C'
[2017.03.31-03.48.32:638][427]LogWorld: Bringing World /Game/FirstPersonBP/Maps/UEDPIE_0_FirstPersonExampleMap.FirstPersonExampleMap up for play (max tick rate 0) at 2017.03.31-14.48.32
[2017.03.31-03.48.32:638][427]LogWorld: Bringing up level for play took: 0.003872
[2017.03.31-03.48.32:691][427]LogContentBrowser: Native class hierarchy updated for 'MovieSceneCapture' in 0.0013 seconds. Added 11 classes and 0 folders.
[2017.03.31-03.48.32:702][427]PIE: Info Play in editor start time for /Game/FirstPersonBP/Maps/UEDPIE_0_FirstPersonExampleMap 0.691
[2017.03.31-03.48.32:702][427]LogBlueprintUserMessages: Late PlayInEditor Detection: Level '/Game/FirstPersonBP/Maps/FirstPersonExampleMap.FirstPersonExampleMap:PersistentLevel' has LevelScriptBlueprint '/Game/FirstPersonBP/Maps/FirstPersonExampleMap.FirstPersonExampleMap:PersistentLevel.FirstPersonExampleMap' with GeneratedClass '/Game/FirstPersonBP/Maps/FirstPersonExampleMap.FirstPersonExampleMap_C' with ClassGeneratedBy '/Game/FirstPersonBP/Maps/FirstPersonExampleMap.FirstPersonExampleMap:PersistentLevel.FirstPersonExampleMap'
[2017.03.31-03.48.34:937][663]LogBlueprintUserMessages: Early EndPlayMap Detection: Level '/Game/FirstPersonBP/Maps/FirstPersonExampleMap.FirstPersonExampleMap:PersistentLevel' has LevelScriptBlueprint '/Game/FirstPersonBP/Maps/FirstPersonExampleMap.FirstPersonExampleMap:PersistentLevel.FirstPersonExampleMap' with GeneratedClass '/Game/FirstPersonBP/Maps/FirstPersonExampleMap.FirstPersonExampleMap_C' with ClassGeneratedBy '/Game/FirstPersonBP/Maps/FirstPersonExampleMap.FirstPersonExampleMap:PersistentLevel.FirstPersonExampleMap'
[2017.03.31-03.48.34:972][663]LogBlueprintUserMessages: Late EndPlayMap Detection: Level '/Game/FirstPersonBP/Maps/FirstPersonExampleMap.FirstPersonExampleMap:PersistentLevel' has LevelScriptBlueprint '/Game/FirstPersonBP/Maps/FirstPersonExampleMap.FirstPersonExampleMap:PersistentLevel.FirstPersonExampleMap' with GeneratedClass '/Game/FirstPersonBP/Maps/FirstPersonExampleMap.FirstPersonExampleMap_C' with ClassGeneratedBy '/Game/FirstPersonBP/Maps/FirstPersonExampleMap.FirstPersonExampleMap:PersistentLevel.FirstPersonExampleMap'
[2017.03.31-03.48.39:458][ 93]LogSlate: Took 0.000560 seconds to synchronously load lazily loaded font '../../../Engine/Content/Slate/Fonts/Roboto-Light.ttf' (159K)
[2017.03.31-03.48.40:337][ 93]LogSlate: Took 0.000273 seconds to synchronously load lazily loaded font '../../../Engine/Content/Slate/Fonts/Roboto-Regular.ttf' (155K)
[2017.03.31-03.48.45:834][ 93]LogAIModule: Creating AISystem for world dodson_street_night
[2017.03.31-03.48.45:917][ 93]Cmd: MAP LOAD FILE="../../../../../The Matrix - Game Creation/Unreal Projects/cyberpink_scene_2/Content/Levels/dodson_street_night.umap" TEMPLATE=0 SHOWPROGRESS=1 FEATURELEVEL=3
[2017.03.31-03.48.45:917][ 93]LightingResults: New page: Lighting Build
[2017.03.31-03.48.45:918][ 93]LoadErrors: New page: Loading map: dodson_street_night.umap
[2017.03.31-03.48.45:921][ 93]MapCheck: New page: Map Check
[2017.03.31-03.48.45:921][ 93]LightingResults: New page: Lighting Build
[2017.03.31-03.48.45:984][ 93]LogEditorServer: Finished looking for orphan Actors (0.000 secs)
[2017.03.31-03.48.46:014][ 93]Cmd: MAP CHECKDEP NOCLEARLOG
[2017.03.31-03.48.46:149][ 93]MapCheck: Info Map check complete: 0 Error(s), 0 Warning(s), took 134.343ms to complete.
[2017.03.31-03.48.46:150][ 93]LogFileHelpers: Loading map 'dodson_street_night' took 0.234
[2017.03.31-03.48.46:594][ 96]LogRenderer: Reallocating scene render targets to support 1920x1080 NumSamples 1 (Frame:1053).
[2017.03.31-03.48.48:918][102]LogTemp: Repeting last play command: Selected Viewport
[2017.03.31-03.48.48:936][102]LogTemp: Repeting last play command: Selected Viewport
[2017.03.31-03.48.48:953][102]LogBlueprintUserMessages: Early PlayInEditor Detection: Level '/Game/Levels/dodson_street_night.dodson_street_night:PersistentLevel' has LevelScriptBlueprint '/Game/Levels/dodson_street_night.dodson_street_night:PersistentLevel.dodson_street_night' with GeneratedClass '/Game/Levels/dodson_street_night.dodson_street_night_C' with ClassGeneratedBy '/Game/Levels/dodson_street_night.dodson_street_night:PersistentLevel.dodson_street_night'
[2017.03.31-03.48.48:953][102]LogPlayLevel: PlayLevel: No blueprints needed recompiling
[2017.03.31-03.48.48:953][102]PIE: New page: PIE session: dodson_street_night (1 Apr 2017 1:48:48 am)
[2017.03.31-03.48.48:953][102]LogPlayLevel: Creating play world package: /Game/Levels/UEDPIE_0_dodson_street_night
[2017.03.31-03.48.49:036][102]LogPlayLevel: PIE: StaticDuplicateObject took: (0.082307s)
[2017.03.31-03.48.49:037][102]LogAIModule: Creating AISystem for world dodson_street_night
[2017.03.31-03.48.49:037][102]LogPlayLevel: PIE: World Init took: (0.001452s)
[2017.03.31-03.48.49:037][102]LogPlayLevel: PIE: Created PIE world by copying editor world from /Game/Levels/dodson_street_night.dodson_street_night to /Game/Levels/UEDPIE_0_dodson_street_night.dodson_street_night (0.084160s)
[2017.03.31-03.48.49:107][102]LogInit: XAudio2 using 'Realtek Digital Output(Optical) (Realtek High Definition Audio)' : 2 channels at 48 kHz using 16 bits per sample (channel mask 0x3)
[2017.03.31-03.48.49:137][102]LogInit: FAudioDevice initialized.
[2017.03.31-03.48.49:192][102]LogLoad: Game class is 'FirstPersonGameMode_C'
[2017.03.31-03.48.49:202][102]LogWorld: Bringing World /Game/Levels/UEDPIE_0_dodson_street_night.dodson_street_night up for play (max tick rate 0) at 2017.03.31-14.48.49
[2017.03.31-03.48.49:224][102]LogWorld: Bringing up level for play took: 0.030421
[2017.03.31-03.48.49:227][102]PIE: Info Play in editor start time for /Game/Levels/UEDPIE_0_dodson_street_night 1.215
[2017.03.31-03.48.49:227][102]LogBlueprintUserMessages: Late PlayInEditor Detection: Level '/Game/Levels/dodson_street_night.dodson_street_night:PersistentLevel' has LevelScriptBlueprint '/Game/Levels/dodson_street_night.dodson_street_night:PersistentLevel.dodson_street_night' with GeneratedClass '/Game/Levels/dodson_street_night.dodson_street_night_C' with ClassGeneratedBy '/Game/Levels/dodson_street_night.dodson_street_night:PersistentLevel.dodson_street_night'
[2017.03.31-03.48.55:795][334]LogBlueprintUserMessages: Early EndPlayMap Detection: Level '/Game/Levels/dodson_street_night.dodson_street_night:PersistentLevel' has LevelScriptBlueprint '/Game/Levels/dodson_street_night.dodson_street_night:PersistentLevel.dodson_street_night' with GeneratedClass '/Game/Levels/dodson_street_night.dodson_street_night_C' with ClassGeneratedBy '/Game/Levels/dodson_street_night.dodson_street_night:PersistentLevel.dodson_street_night'
[2017.03.31-03.48.55:877][334]LogBlueprintUserMessages: Late EndPlayMap Detection: Level '/Game/Levels/dodson_street_night.dodson_street_night:PersistentLevel' has LevelScriptBlueprint '/Game/Levels/dodson_street_night.dodson_street_night:PersistentLevel.dodson_street_night' with GeneratedClass '/Game/Levels/dodson_street_night.dodson_street_night_C' with ClassGeneratedBy '/Game/Levels/dodson_street_night.dodson_street_night:PersistentLevel.dodson_street_night'
[2017.03.31-03.49.01:898][574]LogContentBrowser: Native class hierarchy updated for 'BlueprintGraph' in 0.0020 seconds. Added 112 classes and 0 folders.
[2017.03.31-03.49.02:910][574]LogSlate: Took 0.000322 seconds to synchronously load lazily loaded font '../../../Engine/Content/Editor/Slate/Fonts/Roboto-BoldCondensed.ttf' (158K)
[2017.03.31-03.49.03:347][575]LogSlate: Took 0.000307 seconds to synchronously load lazily loaded font '../../../Engine/Content/Editor/Slate/Fonts/Roboto-Italic.ttf' (157K)
[2017.03.31-03.49.13:396][966]BlueprintLog: New page: Compile FirstPersonCharacter
[2017.03.31-03.49.15:080][ 14]LogTemp: Repeting last play command: Selected Viewport
[2017.03.31-03.49.15:105][ 14]LogBlueprintUserMessages: Early PlayInEditor Detection: Level '/Game/Levels/dodson_street_night.dodson_street_night:PersistentLevel' has LevelScriptBlueprint '/Game/Levels/dodson_street_night.dodson_street_night:PersistentLevel.dodson_street_night' with GeneratedClass '/Game/Levels/dodson_street_night.dodson_street_night_C' with ClassGeneratedBy '/Game/Levels/dodson_street_night.dodson_street_night:PersistentLevel.dodson_street_night'
[2017.03.31-03.49.15:105][ 14]LogPlayLevel: PlayLevel: No blueprints needed recompiling
[2017.03.31-03.49.15:105][ 14]PIE: New page: PIE session: dodson_street_night (1 Apr 2017 1:49:15 am)
[2017.03.31-03.49.15:105][ 14]LogPlayLevel: Creating play world package: /Game/Levels/UEDPIE_0_dodson_street_night
[2017.03.31-03.49.15:210][ 14]LogPlayLevel: PIE: StaticDuplicateObject took: (0.104761s)
[2017.03.31-03.49.15:211][ 14]LogAIModule: Creating AISystem for world dodson_street_night
[2017.03.31-03.49.15:211][ 14]LogPlayLevel: PIE: World Init took: (0.000820s)
[2017.03.31-03.49.15:211][ 14]LogPlayLevel: PIE: Created PIE world by copying editor world from /Game/Levels/dodson_street_night.dodson_street_night to /Game/Levels/UEDPIE_0_dodson_street_night.dodson_street_night (0.105910s)
[2017.03.31-03.49.15:279][ 14]LogInit: XAudio2 using 'Realtek Digital Output(Optical) (Realtek High Definition Audio)' : 2 channels at 48 kHz using 16 bits per sample (channel mask 0x3)
[2017.03.31-03.49.15:309][ 14]LogInit: FAudioDevice initialized.
[2017.03.31-03.49.15:383][ 14]LogLoad: Game class is 'FirstPersonGameMode_C'
[2017.03.31-03.49.15:395][ 14]LogWorld: Bringing World /Game/Levels/UEDPIE_0_dodson_street_night.dodson_street_night up for play (max tick rate 0) at 2017.03.31-14.49.15
[2017.03.31-03.49.15:395][ 14]LogWorld: Bringing up level for play took: 0.010430
[2017.03.31-03.49.15:398][ 14]PIE: Info Play in editor start time for /Game/Levels/UEDPIE_0_dodson_street_night -0.613
[2017.03.31-03.49.15:398][ 14]LogBlueprintUserMessages: Late PlayInEditor Detection: Level '/Game/Levels/dodson_street_night.dodson_street_night:PersistentLevel' has LevelScriptBlueprint '/Game/Levels/dodson_street_night.dodson_street_night:PersistentLevel.dodson_street_night' with GeneratedClass '/Game/Levels/dodson_street_night.dodson_street_night_C' with ClassGeneratedBy '/Game/Levels/dodson_street_night.dodson_street_night:PersistentLevel.dodson_street_night'
[2017.03.31-03.49.15:907][ 29]LogBlueprintUserMessages: [FirstPersonCharacter_C_0] Hello
[2017.03.31-03.49.16:179][ 38]LogBlueprintUserMessages: [FirstPersonCharacter_C_0] Hello
[2017.03.31-03.49.16:359][ 44]LogBlueprintUserMessages: [FirstPersonCharacter_C_0] Hello
[2017.03.31-03.49.16:509][ 49]LogBlueprintUserMessages: [FirstPersonCharacter_C_0] Hello
[2017.03.31-03.49.16:690][ 55]LogBlueprintUserMessages: [FirstPersonCharacter_C_0] Hello
[2017.03.31-03.49.16:808][ 59]LogBlueprintUserMessages: [FirstPersonCharacter_C_0] Hello
[2017.03.31-03.49.16:990][ 65]LogBlueprintUserMessages: [FirstPersonCharacter_C_0] Hello
[2017.03.31-03.49.17:260][ 74]LogBlueprintUserMessages: Early EndPlayMap Detection: Level '/Game/Levels/dodson_street_night.dodson_street_night:PersistentLevel' has LevelScriptBlueprint '/Game/Levels/dodson_street_night.dodson_street_night:PersistentLevel.dodson_street_night' with GeneratedClass '/Game/Levels/dodson_street_night.dodson_street_night_C' with ClassGeneratedBy '/Game/Levels/dodson_street_night.dodson_street_night:PersistentLevel.dodson_street_night'
[2017.03.31-03.49.17:336][ 74]LogBlueprintUserMessages: Late EndPlayMap Detection: Level '/Game/Levels/dodson_street_night.dodson_street_night:PersistentLevel' has LevelScriptBlueprint '/Game/Levels/dodson_street_night.dodson_street_night:PersistentLevel.dodson_street_night' with GeneratedClass '/Game/Levels/dodson_street_night.dodson_street_night_C' with ClassGeneratedBy '/Game/Levels/dodson_street_night.dodson_street_night:PersistentLevel.dodson_street_night'
[2017.03.31-03.49.21:144][214]LogSavePackage: Save=133.48ms
[2017.03.31-03.49.21:144][214]LogSavePackage: Moving '../../../../../The Matrix - Game Creation/Unreal Projects/cyberpink_scene_2/Saved/FirstPersonCharacter10E09EDD45D38F76186CC8B5E7685F00.tmp' to '../../../../../The Matrix - Game Creation/Unreal Projects/cyberpink_scene_2/Content/FirstPersonBP/Blueprints/FirstPersonCharacter.uasset'
[2017.03.31-03.49.21:148][214]LogSavePackage:Display: Finished SavePackage ../../../../../The Matrix - Game Creation/Unreal Projects/cyberpink_scene_2/Content/FirstPersonBP/Blueprints/FirstPersonCharacter.uasset
[2017.03.31-03.49.23:340][316]BlueprintLog: New page: Compile FirstPersonCharacter
[2017.03.31-03.49.28:367][526]LogTemp: Repeting last play command: Selected Viewport
[2017.03.31-03.49.28:386][526]LogBlueprintUserMessages: Early PlayInEditor Detection: Level '/Game/Levels/dodson_street_night.dodson_street_night:PersistentLevel' has LevelScriptBlueprint '/Game/Levels/dodson_street_night.dodson_street_night:PersistentLevel.dodson_street_night' with GeneratedClass '/Game/Levels/dodson_street_night.dodson_street_night_C' with ClassGeneratedBy '/Game/Levels/dodson_street_night.dodson_street_night:PersistentLevel.dodson_street_night'
[2017.03.31-03.49.28:386][526]LogPlayLevel: PlayLevel: No blueprints needed recompiling
[2017.03.31-03.49.28:387][526]PIE: New page: PIE session: dodson_street_night (1 Apr 2017 1:49:28 am)
[2017.03.31-03.49.28:387][526]LogPlayLevel: Creating play world package: /Game/Levels/UEDPIE_0_dodson_street_night
[2017.03.31-03.49.28:447][526]LogPlayLevel: PIE: StaticDuplicateObject took: (0.060559s)
[2017.03.31-03.49.28:448][526]LogAIModule: Creating AISystem for world dodson_street_night
[2017.03.31-03.49.28:448][526]LogPlayLevel: PIE: World Init took: (0.000998s)
[2017.03.31-03.49.28:449][526]LogPlayLevel: PIE: Created PIE world by copying editor world from /Game/Levels/dodson_street_night.dodson_street_night to /Game/Levels/UEDPIE_0_dodson_street_night.dodson_street_night (0.061864s)
[2017.03.31-03.49.28:525][526]LogInit: XAudio2 using 'Realtek Digital Output(Optical) (Realtek High Definition Audio)' : 2 channels at 48 kHz using 16 bits per sample (channel mask 0x3)
[2017.03.31-03.49.28:554][526]LogInit: FAudioDevice initialized.
[2017.03.31-03.49.28:588][526]LogLoad: Game class is 'FirstPersonGameMode_C'
[2017.03.31-03.49.28:601][526]LogWorld: Bringing World /Game/Levels/UEDPIE_0_dodson_street_night.dodson_street_night up for play (max tick rate 0) at 2017.03.31-14.49.28
[2017.03.31-03.49.28:601][526]LogWorld: Bringing up level for play took: 0.011540
[2017.03.31-03.49.28:605][526]PIE: Info Play in editor start time for /Game/Levels/UEDPIE_0_dodson_street_night 0.594
[2017.03.31-03.49.28:606][526]LogBlueprintUserMessages: Late PlayInEditor Detection: Level '/Game/Levels/dodson_street_night.dodson_street_night:PersistentLevel' has LevelScriptBlueprint '/Game/Levels/dodson_street_night.dodson_street_night:PersistentLevel.dodson_street_night' with GeneratedClass '/Game/Levels/dodson_street_night.dodson_street_night_C' with ClassGeneratedBy '/Game/Levels/dodson_street_night.dodson_street_night:PersistentLevel.dodson_street_night'
[2017.03.31-03.49.31:475][634]LogBlueprintUserMessages: Early EndPlayMap Detection: Level '/Game/Levels/dodson_street_night.dodson_street_night:PersistentLevel' has LevelScriptBlueprint '/Game/Levels/dodson_street_night.dodson_street_night:PersistentLevel.dodson_street_night' with GeneratedClass '/Game/Levels/dodson_street_night.dodson_street_night_C' with ClassGeneratedBy '/Game/Levels/dodson_street_night.dodson_street_night:PersistentLevel.dodson_street_night'
[2017.03.31-03.49.31:516][634]LogBlueprintUserMessages: Late EndPlayMap Detection: Level '/Game/Levels/dodson_street_night.dodson_street_night:PersistentLevel' has LevelScriptBlueprint '/Game/Levels/dodson_street_night.dodson_street_night:PersistentLevel.dodson_street_night' with GeneratedClass '/Game/Levels/dodson_street_night.dodson_street_night_C' with ClassGeneratedBy '/Game/Levels/dodson_street_night.dodson_street_night:PersistentLevel.dodson_street_night'
[2017.03.31-03.49.39:750][962]BlueprintLog: New page: Compile FirstPersonCharacter
[2017.03.31-03.50.17:438][657]LogTemp: Repeting last play command: Selected Viewport
[2017.03.31-03.50.17:458][657]LogBlueprintUserMessages: Early PlayInEditor Detection: Level '/Game/Levels/dodson_street_night.dodson_street_night:PersistentLevel' has LevelScriptBlueprint '/Game/Levels/dodson_street_night.dodson_street_night:PersistentLevel.dodson_street_night' with GeneratedClass '/Game/Levels/dodson_street_night.dodson_street_night_C' with ClassGeneratedBy '/Game/Levels/dodson_street_night.dodson_street_night:PersistentLevel.dodson_street_night'
[2017.03.31-03.50.17:458][657]LogPlayLevel: PlayLevel: No blueprints needed recompiling
[2017.03.31-03.50.17:458][657]PIE: New page: PIE session: dodson_street_night (1 Apr 2017 1:50:17 am)
[2017.03.31-03.50.17:458][657]LogPlayLevel: Creating play world package: /Game/Levels/UEDPIE_0_dodson_street_night
[2017.03.31-03.50.17:512][657]LogPlayLevel: PIE: StaticDuplicateObject took: (0.054022s)
[2017.03.31-03.50.17:513][657]LogAIModule: Creating AISystem for world dodson_street_night
[2017.03.31-03.50.17:513][657]LogPlayLevel: PIE: World Init took: (0.001338s)
[2017.03.31-03.50.17:514][657]LogPlayLevel: PIE: Created PIE world by copying editor world from /Game/Levels/dodson_street_night.dodson_street_night to /Game/Levels/UEDPIE_0_dodson_street_night.dodson_street_night (0.055827s)
[2017.03.31-03.50.17:591][657]LogInit: XAudio2 using 'Realtek Digital Output(Optical) (Realtek High Definition Audio)' : 2 channels at 48 kHz using 16 bits per sample (channel mask 0x3)
[2017.03.31-03.50.17:618][657]LogInit: FAudioDevice initialized.
[2017.03.31-03.50.17:649][657]LogLoad: Game class is 'FirstPersonGameMode_C'
[2017.03.31-03.50.17:661][657]LogWorld: Bringing World /Game/Levels/UEDPIE_0_dodson_street_night.dodson_street_night up for play (max tick rate 0) at 2017.03.31-14.50.17
[2017.03.31-03.50.17:661][657]LogWorld: Bringing up level for play took: 0.010345
[2017.03.31-03.50.17:666][657]PIE: Info Play in editor start time for /Game/Levels/UEDPIE_0_dodson_street_night -0.346
[2017.03.31-03.50.17:666][657]LogBlueprintUserMessages: Late PlayInEditor Detection: Level '/Game/Levels/dodson_street_night.dodson_street_night:PersistentLevel' has LevelScriptBlueprint '/Game/Levels/dodson_street_night.dodson_street_night:PersistentLevel.dodson_street_night' with GeneratedClass '/Game/Levels/dodson_street_night.dodson_street_night_C' with ClassGeneratedBy '/Game/Levels/dodson_street_night.dodson_street_night:PersistentLevel.dodson_street_night'
[2017.03.31-03.50.20:759][789]LogBlueprintUserMessages: Early EndPlayMap Detection: Level '/Game/Levels/dodson_street_night.dodson_street_night:PersistentLevel' has LevelScriptBlueprint '/Game/Levels/dodson_street_night.dodson_street_night:PersistentLevel.dodson_street_night' with GeneratedClass '/Game/Levels/dodson_street_night.dodson_street_night_C' with ClassGeneratedBy '/Game/Levels/dodson_street_night.dodson_street_night:PersistentLevel.dodson_street_night'
[2017.03.31-03.50.20:800][789]LogBlueprintUserMessages: Late EndPlayMap Detection: Level '/Game/Levels/dodson_street_night.dodson_street_night:PersistentLevel' has LevelScriptBlueprint '/Game/Levels/dodson_street_night.dodson_street_night:PersistentLevel.dodson_street_night' with GeneratedClass '/Game/Levels/dodson_street_night.dodson_street_night_C' with ClassGeneratedBy '/Game/Levels/dodson_street_night.dodson_street_night:PersistentLevel.dodson_street_night'
[2017.03.31-03.50.32:216][310]BlueprintLog: New page: Compile FirstPersonCharacter
[2017.03.31-03.50.36:871][510]BlueprintLog: New page: Compile FirstPersonCharacter
[2017.03.31-03.50.38:095][555]LogTemp: Repeting last play command: Selected Viewport
[2017.03.31-03.50.38:127][555]LogBlueprintUserMessages: Early PlayInEditor Detection: Level '/Game/Levels/dodson_street_night.dodson_street_night:PersistentLevel' has LevelScriptBlueprint '/Game/Levels/dodson_street_night.dodson_street_night:PersistentLevel.dodson_street_night' with GeneratedClass '/Game/Levels/dodson_street_night.dodson_street_night_C' with ClassGeneratedBy '/Game/Levels/dodson_street_night.dodson_street_night:PersistentLevel.dodson_street_night'
[2017.03.31-03.50.38:128][555]LogPlayLevel: PlayLevel: No blueprints needed recompiling
[2017.03.31-03.50.38:128][555]PIE: New page: PIE session: dodson_street_night (1 Apr 2017 1:50:38 am)
[2017.03.31-03.50.38:128][555]LogPlayLevel: Creating play world package: /Game/Levels/UEDPIE_0_dodson_street_night
[2017.03.31-03.50.38:184][555]LogPlayLevel: PIE: StaticDuplicateObject took: (0.056085s)
[2017.03.31-03.50.38:185][555]LogAIModule: Creating AISystem for world dodson_street_night
[2017.03.31-03.50.38:185][555]LogPlayLevel: PIE: World Init took: (0.000886s)
[2017.03.31-03.50.38:185][555]LogPlayLevel: PIE: Created PIE world by copying editor world from /Game/Levels/dodson_street_night.dodson_street_night to /Game/Levels/UEDPIE_0_dodson_street_night.dodson_street_night (0.057334s)
[2017.03.31-03.50.38:243][555]LogInit: XAudio2 using 'Realtek Digital Output(Optical) (Realtek High Definition Audio)' : 2 channels at 48 kHz using 16 bits per sample (channel mask 0x3)
[2017.03.31-03.50.38:270][555]LogInit: FAudioDevice initialized.
[2017.03.31-03.50.38:299][555]LogLoad: Game class is 'FirstPersonGameMode_C'
[2017.03.31-03.50.38:309][555]LogWorld: Bringing World /Game/Levels/UEDPIE_0_dodson_street_night.dodson_street_night up for play (max tick rate 0) at 2017.03.31-14.50.38
[2017.03.31-03.50.38:309][555]LogWorld: Bringing up level for play took: 0.009182
[2017.03.31-03.50.38:311][555]LogSpawn:Warning: SpawnActor failed because of collision at the spawn location [X=-251.656 Y=-84.771 Z=177.398] for [FirstPersonCharacter_C]
[2017.03.31-03.50.38:312][555]LogGameMode:Warning: SpawnDefaultPawnAtTransform: Couldn't spawn Pawn of type FirstPersonCharacter_C at Rotation: -0.000000 0.000000 -0.740140 0.672452
Translation: -251.656387 -84.771118 177.398407
Scale3D: 1.000000 1.000000 1.000000

[2017.03.31-03.50.38:313][555]PIE: Info Play in editor start time for /Game/Levels/UEDPIE_0_dodson_street_night 0.302
[2017.03.31-03.50.38:335][555]LogBlueprintUserMessages: Late PlayInEditor Detection: Level '/Game/Levels/dodson_street_night.dodson_street_night:PersistentLevel' has LevelScriptBlueprint '/Game/Levels/dodson_street_night.dodson_street_night:PersistentLevel.dodson_street_night' with GeneratedClass '/Game/Levels/dodson_street_night.dodson_street_night_C' with ClassGeneratedBy '/Game/Levels/dodson_street_night.dodson_street_night:PersistentLevel.dodson_street_night'
[2017.03.31-03.50.39:883][625]LogBlueprintUserMessages: Early EndPlayMap Detection: Level '/Game/Levels/dodson_street_night.dodson_street_night:PersistentLevel' has LevelScriptBlueprint '/Game/Levels/dodson_street_night.dodson_street_night:PersistentLevel.dodson_street_night' with GeneratedClass '/Game/Levels/dodson_street_night.dodson_street_night_C' with ClassGeneratedBy '/Game/Levels/dodson_street_night.dodson_street_night:PersistentLevel.dodson_street_night'
[2017.03.31-03.50.39:966][625]LogBlueprintUserMessages: Late EndPlayMap Detection: Level '/Game/Levels/dodson_street_night.dodson_street_night:PersistentLevel' has LevelScriptBlueprint '/Game/Levels/dodson_street_night.dodson_street_night:PersistentLevel.dodson_street_night' with GeneratedClass '/Game/Levels/dodson_street_night.dodson_street_night_C' with ClassGeneratedBy '/Game/Levels/dodson_street_night.dodson_street_night:PersistentLevel.dodson_street_night'
[2017.03.31-03.50.41:125][662]LogEditorTransaction: Undo Select Brush Surface
[2017.03.31-03.50.41:227][662]LogSlate: Took 0.000374 seconds to synchronously load lazily loaded font '../../../Engine/Content/Slate/Fonts/Roboto-Light.ttf' (159K)
[2017.03.31-03.50.41:866][686]LogEditorTransaction: Undo Break Pin Links
[2017.03.31-03.50.42:268][687]LogEditorTransaction: Undo Break Pin Links
[2017.03.31-03.50.42:623][688]LogEditorTransaction: Undo Break Pin Links
[2017.03.31-03.50.44:136][731]LogSavePackage: Save=122.00ms
[2017.03.31-03.50.44:136][731]LogSavePackage: Moving '../../../../../The Matrix - Game Creation/Unreal Projects/cyberpink_scene_2/Saved/FirstPersonCharacter86E707D4411D2C7030CA3C9B79BFAF6D.tmp' to '../../../../../The Matrix - Game Creation/Unreal Projects/cyberpink_scene_2/Content/FirstPersonBP/Blueprints/FirstPersonCharacter.uasset'
[2017.03.31-03.50.44:140][731]LogSavePackage:Display: Finished SavePackage ../../../../../The Matrix - Game Creation/Unreal Projects/cyberpink_scene_2/Content/FirstPersonBP/Blueprints/FirstPersonCharacter.uasset
[2017.03.31-03.50.45:053][772]BlueprintLog: New page: Compile FirstPersonCharacter
[2017.03.31-03.50.51:325][ 48]BlueprintLog: New page: Compile FirstPersonCharacter
[2017.03.31-03.50.52:557][ 94]LogTemp: Repeting last play command: Selected Viewport
[2017.03.31-03.50.52:573][ 94]LogBlueprintUserMessages: Early PlayInEditor Detection: Level '/Game/Levels/dodson_street_night.dodson_street_night:PersistentLevel' has LevelScriptBlueprint '/Game/Levels/dodson_street_night.dodson_street_night:PersistentLevel.dodson_street_night' with GeneratedClass '/Game/Levels/dodson_street_night.dodson_street_night_C' with ClassGeneratedBy '/Game/Levels/dodson_street_night.dodson_street_night:PersistentLevel.dodson_street_night'
[2017.03.31-03.50.52:573][ 94]LogPlayLevel: PlayLevel: No blueprints needed recompiling
[2017.03.31-03.50.52:573][ 94]PIE: New page: PIE session: dodson_street_night (1 Apr 2017 1:50:52 am)
[2017.03.31-03.50.52:573][ 94]LogPlayLevel: Creating play world package: /Game/Levels/UEDPIE_0_dodson_street_night
[2017.03.31-03.50.52:627][ 94]LogPlayLevel: PIE: StaticDuplicateObject took: (0.054078s)
[2017.03.31-03.50.52:628][ 94]LogAIModule: Creating AISystem for world dodson_street_night
[2017.03.31-03.50.52:628][ 94]LogPlayLevel: PIE: World Init took: (0.000900s)
[2017.03.31-03.50.52:629][ 94]LogPlayLevel: PIE: Created PIE world by copying editor world from /Game/Levels/dodson_street_night.dodson_street_night to /Game/Levels/UEDPIE_0_dodson_street_night.dodson_street_night (0.055348s)
[2017.03.31-03.50.52:696][ 94]LogInit: XAudio2 using 'Realtek Digital Output(Optical) (Realtek High Definition Audio)' : 2 channels at 48 kHz using 16 bits per sample (channel mask 0x3)
[2017.03.31-03.50.52:725][ 94]LogInit: FAudioDevice initialized.
[2017.03.31-03.50.52:756][ 94]LogLoad: Game class is 'FirstPersonGameMode_C'
[2017.03.31-03.50.52:766][ 94]LogWorld: Bringing World /Game/Levels/UEDPIE_0_dodson_street_night.dodson_street_night up for play (max tick rate 0) at 2017.03.31-14.50.52
[2017.03.31-03.50.52:767][ 94]LogWorld: Bringing up level for play took: 0.009666
[2017.03.31-03.50.52:795][ 94]LogSpawn:Warning: SpawnActor failed because of collision at the spawn location [X=0.000 Y=0.000 Z=0.000] for [FirstPersonCharacter_C]
[2017.03.31-03.50.52:795][ 94]LogGameMode:Warning: SpawnDefaultPawnAtTransform: Couldn't spawn Pawn of type FirstPersonCharacter_C at Rotation: -0.000000 0.000000 -0.740140 0.672452
Translation: 0.000000 0.000000 0.000000
Scale3D: 1.000000 1.000000 1.000000

[2017.03.31-03.50.52:796][ 94]PIE: Info Play in editor start time for /Game/Levels/UEDPIE_0_dodson_street_night 0.784
[2017.03.31-03.50.52:796][ 94]LogBlueprintUserMessages: Late PlayInEditor Detection: Level '/Game/Levels/dodson_street_night.dodson_street_night:PersistentLevel' has LevelScriptBlueprint '/Game/Levels/dodson_street_night.dodson_street_night:PersistentLevel.dodson_street_night' with GeneratedClass '/Game/Levels/dodson_street_night.dodson_street_night_C' with ClassGeneratedBy '/Game/Levels/dodson_street_night.dodson_street_night:PersistentLevel.dodson_street_night'
[2017.03.31-03.50.54:040][151]LogBlueprintUserMessages: Early EndPlayMap Detection: Level '/Game/Levels/dodson_street_night.dodson_street_night:PersistentLevel' has LevelScriptBlueprint '/Game/Levels/dodson_street_night.dodson_street_night:PersistentLevel.dodson_street_night' with GeneratedClass '/Game/Levels/dodson_street_night.dodson_street_night_C' with ClassGeneratedBy '/Game/Levels/dodson_street_night.dodson_street_night:PersistentLevel.dodson_street_night'
[2017.03.31-03.50.54:098][151]LogBlueprintUserMessages: Late EndPlayMap Detection: Level '/Game/Levels/dodson_street_night.dodson_street_night:PersistentLevel' has LevelScriptBlueprint '/Game/Levels/dodson_street_night.dodson_street_night:PersistentLevel.dodson_street_night' with GeneratedClass '/Game/Levels/dodson_street_night.dodson_street_night_C' with ClassGeneratedBy '/Game/Levels/dodson_street_night.dodson_street_night:PersistentLevel.dodson_street_night'
[2017.03.31-03.50.55:574][212]LogTemp: Repeting last play command: Selected Viewport
[2017.03.31-03.50.55:594][212]LogBlueprintUserMessages: Early PlayInEditor Detection: Level '/Game/Levels/dodson_street_night.dodson_street_night:PersistentLevel' has LevelScriptBlueprint '/Game/Levels/dodson_street_night.dodson_street_night:PersistentLevel.dodson_street_night' with GeneratedClass '/Game/Levels/dodson_street_night.dodson_street_night_C' with ClassGeneratedBy '/Game/Levels/dodson_street_night.dodson_street_night:PersistentLevel.dodson_street_night'
[2017.03.31-03.50.55:594][212]LogPlayLevel: PlayLevel: No blueprints needed recompiling
[2017.03.31-03.50.55:594][212]PIE: New page: PIE session: dodson_street_night (1 Apr 2017 1:50:55 am)
[2017.03.31-03.50.55:594][212]LogPlayLevel: Creating play world package: /Game/Levels/UEDPIE_0_dodson_street_night
[2017.03.31-03.50.55:650][212]LogPlayLevel: PIE: StaticDuplicateObject took: (0.056413s)
[2017.03.31-03.50.55:652][212]LogAIModule: Creating AISystem for world dodson_street_night
[2017.03.31-03.50.55:652][212]LogPlayLevel: PIE: World Init took: (0.001406s)
[2017.03.31-03.50.55:652][212]LogPlayLevel: PIE: Created PIE world by copying editor world from /Game/Levels/dodson_street_night.dodson_street_night to /Game/Levels/UEDPIE_0_dodson_street_night.dodson_street_night (0.058443s)
[2017.03.31-03.50.55:719][212]LogInit: XAudio2 using 'Realtek Digital Output(Optical) (Realtek High Definition Audio)' : 2 channels at 48 kHz using 16 bits per sample (channel mask 0x3)
[2017.03.31-03.50.55:748][212]LogInit: FAudioDevice initialized.
[2017.03.31-03.50.55:787][212]LogLoad: Game class is 'FirstPersonGameMode_C'
[2017.03.31-03.50.55:798][212]LogWorld: Bringing World /Game/Levels/UEDPIE_0_dodson_street_night.dodson_street_night up for play (max tick rate 0) at 2017.03.31-14.50.55
[2017.03.31-03.50.55:798][212]LogWorld: Bringing up level for play took: 0.009565
[2017.03.31-03.50.55:801][212]PIE: Info Play in editor start time for /Game/Levels/UEDPIE_0_dodson_street_night -0.21
[2017.03.31-03.50.55:801][212]LogBlueprintUserMessages: Late PlayInEditor Detection: Level '/Game/Levels/dodson_street_night.dodson_street_night:PersistentLevel' has LevelScriptBlueprint '/Game/Levels/dodson_street_night.dodson_street_night:PersistentLevel.dodson_street_night' with GeneratedClass '/Game/Levels/dodson_street_night.dodson_street_night_C' with ClassGeneratedBy '/Game/Levels/dodson_street_night.dodson_street_night:PersistentLevel.dodson_street_night'
[2017.03.31-03.51.13:443][861]LogBlueprintUserMessages: Early EndPlayMap Detection: Level '/Game/Levels/dodson_street_night.dodson_street_night:PersistentLevel' has LevelScriptBlueprint '/Game/Levels/dodson_street_night.dodson_street_night:PersistentLevel.dodson_street_night' with GeneratedClass '/Game/Levels/dodson_street_night.dodson_street_night_C' with ClassGeneratedBy '/Game/Levels/dodson_street_night.dodson_street_night:PersistentLevel.dodson_street_night'
[2017.03.31-03.51.13:516][861]LogBlueprintUserMessages: Late EndPlayMap Detection: Level '/Game/Levels/dodson_street_night.dodson_street_night:PersistentLevel' has LevelScriptBlueprint '/Game/Levels/dodson_street_night.dodson_street_night:PersistentLevel.dodson_street_night' with GeneratedClass '/Game/Levels/dodson_street_night.dodson_street_night_C' with ClassGeneratedBy '/Game/Levels/dodson_street_night.dodson_street_night:PersistentLevel.dodson_street_night'
[2017.03.31-03.51.16:303][968]BlueprintLog: New page: Compile FirstPersonCharacter
[2017.03.31-03.51.19:540][ 95]BlueprintLog: New page: Compile FirstPersonCharacter
[2017.03.31-03.51.20:693][138]LogTemp: Repeting last play command: Selected Viewport
[2017.03.31-03.51.20:711][138]LogBlueprintUserMessages: Early PlayInEditor Detection: Level '/Game/Levels/dodson_street_night.dodson_street_night:PersistentLevel' has LevelScriptBlueprint '/Game/Levels/dodson_street_night.dodson_street_night:PersistentLevel.dodson_street_night' with GeneratedClass '/Game/Levels/dodson_street_night.dodson_street_night_C' with ClassGeneratedBy '/Game/Levels/dodson_street_night.dodson_street_night:PersistentLevel.dodson_street_night'
[2017.03.31-03.51.20:711][138]LogPlayLevel: PlayLevel: No blueprints needed recompiling
[2017.03.31-03.51.20:712][138]PIE: New page: PIE session: dodson_street_night (1 Apr 2017 1:51:20 am)
[2017.03.31-03.51.20:712][138]LogPlayLevel: Creating play world package: /Game/Levels/UEDPIE_0_dodson_street_night
[2017.03.31-03.51.20:769][138]LogPlayLevel: PIE: StaticDuplicateObject took: (0.057608s)
[2017.03.31-03.51.20:770][138]LogAIModule: Creating AISystem for world dodson_street_night
[2017.03.31-03.51.20:770][138]LogPlayLevel: PIE: World Init took: (0.001155s)
[2017.03.31-03.51.20:771][138]LogPlayLevel: PIE: Created PIE world by copying editor world from /Game/Levels/dodson_street_night.dodson_street_night to /Game/Levels/UEDPIE_0_dodson_street_night.dodson_street_night (0.059153s)
[2017.03.31-03.51.20:841][138]LogInit: XAudio2 using 'Realtek Digital Output(Optical) (Realtek High Definition Audio)' : 2 channels at 48 kHz using 16 bits per sample (channel mask 0x3)
[2017.03.31-03.51.20:871][138]LogInit: FAudioDevice initialized.
[2017.03.31-03.51.20:906][138]LogLoad: Game class is 'FirstPersonGameMode_C'
[2017.03.31-03.51.20:919][138]LogWorld: Bringing World /Game/Levels/UEDPIE_0_dodson_street_night.dodson_street_night up for play (max tick rate 0) at 2017.03.31-14.51.20
[2017.03.31-03.51.20:919][138]LogWorld: Bringing up level for play took: 0.011925
[2017.03.31-03.51.20:923][138]PIE: Info Play in editor start time for /Game/Levels/UEDPIE_0_dodson_street_night 0.912
[2017.03.31-03.51.20:924][138]LogBlueprintUserMessages: Late PlayInEditor Detection: Level '/Game/Levels/dodson_street_night.dodson_street_night:PersistentLevel' has LevelScriptBlueprint '/Game/Levels/dodson_street_night.dodson_street_night:PersistentLevel.dodson_street_night' with GeneratedClass '/Game/Levels/dodson_street_night.dodson_street_night_C' with ClassGeneratedBy '/Game/Levels/dodson_street_night.dodson_street_night:PersistentLevel.dodson_street_night'
[2017.03.31-03.51.30:121][461]LogBlueprintUserMessages: Early EndPlayMap Detection: Level '/Game/Levels/dodson_street_night.dodson_street_night:PersistentLevel' has LevelScriptBlueprint '/Game/Levels/dodson_street_night.dodson_street_night:PersistentLevel.dodson_street_night' with GeneratedClass '/Game/Levels/dodson_street_night.dodson_street_night_C' with ClassGeneratedBy '/Game/Levels/dodson_street_night.dodson_street_night:PersistentLevel.dodson_street_night'
[2017.03.31-03.51.30:202][461]LogBlueprintUserMessages: Late EndPlayMap Detection: Level '/Game/Levels/dodson_street_night.dodson_street_night:PersistentLevel' has LevelScriptBlueprint '/Game/Levels/dodson_street_night.dodson_street_night:PersistentLevel.dodson_street_night' with GeneratedClass '/Game/Levels/dodson_street_night.dodson_street_night_C' with ClassGeneratedBy '/Game/Levels/dodson_street_night.dodson_street_night:PersistentLevel.dodson_street_night'
[2017.03.31-03.51.38:453][833]LogEditorViewport: Clicking on Actor (LMB): DirectionalLight (Light Source)
[2017.03.31-03.51.38:925][843]LogEditorViewport: Clicking on Actor (LMB): DirectionalLight (Light Source)
[2017.03.31-03.51.40:945][932]LogTemp: Repeting last play command: Selected Viewport
[2017.03.31-03.51.40:964][932]LogBlueprintUserMessages: Early PlayInEditor Detection: Level '/Game/Levels/dodson_street_night.dodson_street_night:PersistentLevel' has LevelScriptBlueprint '/Game/Levels/dodson_street_night.dodson_street_night:PersistentLevel.dodson_street_night' with GeneratedClass '/Game/Levels/dodson_street_night.dodson_street_night_C' with ClassGeneratedBy '/Game/Levels/dodson_street_night.dodson_street_night:PersistentLevel.dodson_street_night'
[2017.03.31-03.51.40:964][932]LogPlayLevel: PlayLevel: No blueprints needed recompiling
[2017.03.31-03.51.40:964][932]PIE: New page: PIE session: dodson_street_night (1 Apr 2017 1:51:40 am)
[2017.03.31-03.51.40:964][932]LogPlayLevel: Creating play world package: /Game/Levels/UEDPIE_0_dodson_street_night
[2017.03.31-03.51.41:028][932]LogPlayLevel: PIE: StaticDuplicateObject took: (0.063670s)
[2017.03.31-03.51.41:029][932]LogAIModule: Creating AISystem for world dodson_street_night
[2017.03.31-03.51.41:029][932]LogPlayLevel: PIE: World Init took: (0.001049s)
[2017.03.31-03.51.41:029][932]LogPlayLevel: PIE: Created PIE world by copying editor world from /Game/Levels/dodson_street_night.dodson_street_night to /Game/Levels/UEDPIE_0_dodson_street_night.dodson_street_night (0.065084s)
[2017.03.31-03.51.41:134][932]LogInit: XAudio2 using 'Realtek Digital Output(Optical) (Realtek High Definition Audio)' : 2 channels at 48 kHz using 16 bits per sample (channel mask 0x3)
[2017.03.31-03.51.41:169][932]LogInit: FAudioDevice initialized.
[2017.03.31-03.51.41:200][932]LogLoad: Game class is 'FirstPersonGameMode_C'
[2017.03.31-03.51.41:210][932]LogWorld: Bringing World /Game/Levels/UEDPIE_0_dodson_street_night.dodson_street_night up for play (max tick rate 0) at 2017.03.31-14.51.41
[2017.03.31-03.51.41:211][932]LogWorld: Bringing up level for play took: 0.009020
[2017.03.31-03.51.41:215][932]PIE: Info Play in editor start time for /Game/Levels/UEDPIE_0_dodson_street_night 1.204
[2017.03.31-03.51.41:216][932]LogBlueprintUserMessages: Late PlayInEditor Detection: Level '/Game/Levels/dodson_street_night.dodson_street_night:PersistentLevel' has LevelScriptBlueprint '/Game/Levels/dodson_street_night.dodson_street_night:PersistentLevel.dodson_street_night' with GeneratedClass '/Game/Levels/dodson_street_night.dodson_street_night_C' with ClassGeneratedBy '/Game/Levels/dodson_street_night.dodson_street_night:PersistentLevel.dodson_street_night'
[2017.03.31-03.51.42:791][989]LogBlueprintUserMessages: Early EndPlayMap Detection: Level '/Game/Levels/dodson_street_night.dodson_street_night:PersistentLevel' has LevelScriptBlueprint '/Game/Levels/dodson_street_night.dodson_street_night:PersistentLevel.dodson_street_night' with GeneratedClass '/Game/Levels/dodson_street_night.dodson_street_night_C' with ClassGeneratedBy '/Game/Levels/dodson_street_night.dodson_street_night:PersistentLevel.dodson_street_night'
[2017.03.31-03.51.42:899][989]LogBlueprintUserMessages: Late EndPlayMap Detection: Level '/Game/Levels/dodson_street_night.dodson_street_night:PersistentLevel' has LevelScriptBlueprint '/Game/Levels/dodson_street_night.dodson_street_night:PersistentLevel.dodson_street_night' with GeneratedClass '/Game/Levels/dodson_street_night.dodson_street_night_C' with ClassGeneratedBy '/Game/Levels/dodson_street_night.dodson_street_night:PersistentLevel.dodson_street_night'
[2017.03.31-03.51.44:904][ 67]LogTemp: Repeting last play command: Selected Viewport
[2017.03.31-03.51.44:923][ 67]LogBlueprintUserMessages: Early PlayInEditor Detection: Level '/Game/Levels/dodson_street_night.dodson_street_night:PersistentLevel' has LevelScriptBlueprint '/Game/Levels/dodson_street_night.dodson_street_night:PersistentLevel.dodson_street_night' with GeneratedClass '/Game/Levels/dodson_street_night.dodson_street_night_C' with ClassGeneratedBy '/Game/Levels/dodson_street_night.dodson_street_night:PersistentLevel.dodson_street_night'
[2017.03.31-03.51.44:923][ 67]LogPlayLevel: PlayLevel: No blueprints needed recompiling
[2017.03.31-03.51.44:923][ 67]PIE: New page: PIE session: dodson_street_night (1 Apr 2017 1:51:44 am)
[2017.03.31-03.51.44:923][ 67]LogPlayLevel: Creating play world package: /Game/Levels/UEDPIE_0_dodson_street_night
[2017.03.31-03.51.44:977][ 67]LogPlayLevel: PIE: StaticDuplicateObject took: (0.053795s)
[2017.03.31-03.51.44:977][ 67]LogAIModule: Creating AISystem for world dodson_street_night
[2017.03.31-03.51.44:978][ 67]LogPlayLevel: PIE: World Init took: (0.000826s)
[2017.03.31-03.51.44:978][ 67]LogPlayLevel: PIE: Created PIE world by copying editor world from /Game/Levels/dodson_street_night.dodson_street_night to /Game/Levels/UEDPIE_0_dodson_street_night.dodson_street_night (0.055204s)
[2017.03.31-03.51.45:071][ 67]LogInit: XAudio2 using 'Realtek Digital Output(Optical) (Realtek High Definition Audio)' : 2 channels at 48 kHz using 16 bits per sample (channel mask 0x3)
[2017.03.31-03.51.45:098][ 67]LogInit: FAudioDevice initialized.
[2017.03.31-03.51.45:134][ 67]LogLoad: Game class is 'FirstPersonGameMode_C'
[2017.03.31-03.51.45:145][ 67]LogWorld: Bringing World /Game/Levels/UEDPIE_0_dodson_street_night.dodson_street_night up for play (max tick rate 0) at 2017.03.31-14.51.45
[2017.03.31-03.51.45:146][ 67]LogWorld: Bringing up level for play took: 0.010347
[2017.03.31-03.51.45:151][ 67]PIE: Info Play in editor start time for /Game/Levels/UEDPIE_0_dodson_street_night 1.139
[2017.03.31-03.51.45:152][ 67]LogBlueprintUserMessages: Late PlayInEditor Detection: Level '/Game/Levels/dodson_street_night.dodson_street_night:PersistentLevel' has LevelScriptBlueprint '/Game/Levels/dodson_street_night.dodson_street_night:PersistentLevel.dodson_street_night' with GeneratedClass '/Game/Levels/dodson_street_night.dodson_street_night_C' with ClassGeneratedBy '/Game/Levels/dodson_street_night.dodson_street_night:PersistentLevel.dodson_street_night'
[2017.03.31-03.52.06:748][879]LogBlueprintUserMessages: Early EndPlayMap Detection: Level '/Game/Levels/dodson_street_night.dodson_street_night:PersistentLevel' has LevelScriptBlueprint '/Game/Levels/dodson_street_night.dodson_street_night:PersistentLevel.dodson_street_night' with GeneratedClass '/Game/Levels/dodson_street_night.dodson_street_night_C' with ClassGeneratedBy '/Game/Levels/dodson_street_night.dodson_street_night:PersistentLevel.dodson_street_night'
[2017.03.31-03.52.06:842][879]LogBlueprintUserMessages: Late EndPlayMap Detection: Level '/Game/Levels/dodson_street_night.dodson_street_night:PersistentLevel' has LevelScriptBlueprint '/Game/Levels/dodson_street_night.dodson_street_night:PersistentLevel.dodson_street_night' with GeneratedClass '/Game/Levels/dodson_street_night.dodson_street_night_C' with ClassGeneratedBy '/Game/Levels/dodson_street_night.dodson_street_night:PersistentLevel.dodson_street_night'
[2017.03.31-03.52.18:164][452]LogEditorViewport: Clicking on Actor (LMB): StaticMeshActor (SM_HedgeWall_5)
[2017.03.31-03.52.18:843][478]LogEditorViewport: Clicking on Actor (CTRL LMB): StaticMeshActor (SM_HedgeWall_6)
[2017.03.31-03.52.19:298][500]LogEditorViewport: Clicking on Actor (CTRL LMB): StaticMeshActor (SM_HedgeWall_7)
[2017.03.31-03.52.21:160][618]Cmd: DELETE
[2017.03.31-03.52.21:160][618]Cmd: ACTOR DELETE
[2017.03.31-03.52.21:387][618]LogEditorActor: Deleted Actor: StaticMeshActor
[2017.03.31-03.52.21:388][618]LogEditorActor: Deleted Actor: StaticMeshActor
[2017.03.31-03.52.21:389][618]LogEditorActor: Deleted Actor: StaticMeshActor
[2017.03.31-03.52.21:405][618]LogEditorActor: Deleted 3 Actors (0.019 secs)
[2017.03.31-03.52.23:255][742]LogEditorViewport: Clicking on Actor (LMB): StaticMeshActor (SM_HedgeWall_9)
[2017.03.31-03.52.23:834][776]Cmd: DELETE
[2017.03.31-03.52.23:834][776]Cmd: ACTOR DELETE
[2017.03.31-03.52.23:836][776]LogEditorActor: Deleted Actor: StaticMeshActor
[2017.03.31-03.52.23:853][776]LogEditorActor: Deleted 1 Actors (0.020 secs)
[2017.03.31-03.52.24:226][801]LogEditorViewport: Clicking on Actor (LMB): StaticMeshActor (SM_SandPitIsland_3)
[2017.03.31-03.52.24:727][830]Cmd: DELETE
[2017.03.31-03.52.24:727][830]Cmd: ACTOR DELETE
[2017.03.31-03.52.24:729][830]LogEditorActor: Deleted Actor: StaticMeshActor
[2017.03.31-03.52.24:748][830]LogEditorActor: Deleted 1 Actors (0.021 secs)
[2017.03.31-03.52.26:367][937]LogEditorViewport: Clicking on Actor (LMB): StaticMeshActor (SM_HedgeWall_8)
[2017.03.31-03.52.26:693][954]Cmd: DELETE
[2017.03.31-03.52.26:693][954]Cmd: ACTOR DELETE
[2017.03.31-03.52.26:695][954]LogEditorActor: Deleted Actor: StaticMeshActor
[2017.03.31-03.52.26:714][954]LogEditorActor: Deleted 1 Actors (0.021 secs)
[2017.03.31-03.52.29:070][ 73]LogSavePackage: Save=462.41ms
[2017.03.31-03.52.29:070][ 73]LogSavePackage: Moving '../../../../../The Matrix - Game Creation/Unreal Projects/cyberpink_scene_2/Saved/dodson_street_night9599F58E4F607D9D1825708EB66491F7.tmp' to '../../../../../The Matrix - Game Creation/Unreal Projects/cyberpink_scene_2/Content/Levels/dodson_street_night.umap'
[2017.03.31-03.52.29:076][ 73]LogSavePackage:Display: Finished SavePackage ../../../../../The Matrix - Game Creation/Unreal Projects/cyberpink_scene_2/Content/Levels/dodson_street_night.umap
[2017.03.31-03.52.29:459][ 73]LogSavePackage: Save=251.64ms
[2017.03.31-03.52.29:459][ 73]LogSavePackage: Moving '../../../../../The Matrix - Game Creation/Unreal Projects/cyberpink_scene_2/Saved/dodson_street_night_BuiltData098A4F9445EC8B45AE9F80B106B2739F.tmp' to '../../../../../The Matrix - Game Creation/Unreal Projects/cyberpink_scene_2/Content/Levels/dodson_street_night_BuiltData.uasset'
[2017.03.31-03.52.29:461][ 73]LogSavePackage:Display: Finished SavePackage ../../../../../The Matrix - Game Creation/Unreal Projects/cyberpink_scene_2/Content/Levels/dodson_street_night_BuiltData.uasset
[2017.03.31-03.52.41:398][836]LogSavePackage: Save=570.10ms
[2017.03.31-03.52.41:398][836]LogSavePackage: Moving '../../../../../The Matrix - Game Creation/Unreal Projects/cyberpink_scene_2/Saved/dodson_street_nightC248A73748FF81D35489B78AF564C7E5.tmp' to '../../../../../The Matrix - Game Creation/Unreal Projects/cyberpink_scene_2/Content/Levels/dodson_street_night.umap'
[2017.03.31-03.52.41:400][836]LogSavePackage:Display: Finished SavePackage ../../../../../The Matrix - Game Creation/Unreal Projects/cyberpink_scene_2/Content/Levels/dodson_street_night.umap
[2017.03.31-03.52.41:648][836]LogSavePackage: Save=206.96ms
[2017.03.31-03.52.41:648][836]LogSavePackage: Moving '../../../../../The Matrix - Game Creation/Unreal Projects/cyberpink_scene_2/Saved/dodson_street_night_BuiltDataA131C6584132490DB8A2D8A8C2BF6C9A.tmp' to '../../../../../The Matrix - Game Creation/Unreal Projects/cyberpink_scene_2/Content/Levels/dodson_street_night_BuiltData.uasset'
[2017.03.31-03.52.41:651][836]LogSavePackage:Display: Finished SavePackage ../../../../../The Matrix - Game Creation/Unreal Projects/cyberpink_scene_2/Content/Levels/dodson_street_night_BuiltData.uasset
[2017.03.31-03.53.18:288][941]LogSavePackage: Save=88.16ms
[2017.03.31-03.53.18:288][941]LogSavePackage: Moving '../../../../../The Matrix - Game Creation/Unreal Projects/cyberpink_scene_2/Saved/FirstPersonCharacter4909330248CD9DA5333DDFA44960CCC8.tmp' to '../../../../../The Matrix - Game Creation/Unreal Projects/cyberpink_scene_2/Content/FirstPersonBP/Blueprints/FirstPersonCharacter.uasset'
[2017.03.31-03.53.18:293][941]LogSavePackage:Display: Finished SavePackage ../../../../../The Matrix - Game Creation/Unreal Projects/cyberpink_scene_2/Content/FirstPersonBP/Blueprints/FirstPersonCharacter.uasset
[2017.03.31-03.53.18:374][941]LogWindowsTextInputMethodSystem:Display: IME system now deactivated.
[2017.03.31-03.53.18:576][942]Cmd: QUIT_EDITOR
[2017.03.31-03.53.18:937][942]LogExit: Preparing to exit.
[2017.03.31-03.53.19:252][942]LogDirectoryWatcher: A directory notification for 'D:/The Matrix - Game Creation/Unreal Projects/cyberpink_scene_2/Content/' was aborted.
[2017.03.31-03.53.19:314][942]LogExit: Editor shut down
[2017.03.31-03.53.19:314][942]LogExit: Transaction tracking system shut down
[2017.03.31-03.53.19:455][942]LogObj: Freed 0b from 0 cluster array pools.
[2017.03.31-03.53.19:455][942]LogExit: Object subsystem successfully closed.
[2017.03.31-03.53.19:470][942]LogD3D11RHI: Shutdown
[2017.03.31-03.53.19:470][942]LogD3D11RHI: CleanupD3DDevice
[2017.03.31-03.53.19:751][942]LogD3D11RHI: ~FD3D11DynamicRHI
[2017.03.31-03.53.19:760][942]LogModuleManager: Shutting down and abandoning module BlueprintGraph (502)
[2017.03.31-03.53.19:760][942]LogModuleManager: Shutting down and abandoning module BlueprintProfiler (500)
[2017.03.31-03.53.19:760][942]LogModuleManager: Shutting down and abandoning module MovieSceneCapture (498)
[2017.03.31-03.53.19:760][942]LogModuleManager: Shutting down and abandoning module HierarchicalLODOutliner (496)
[2017.03.31-03.53.19:760][942]LogModuleManager: Shutting down and abandoning module CrashTracker (494)
[2017.03.31-03.53.19:760][942]LogModuleManager: Shutting down and abandoning module SceneOutliner (492)
[2017.03.31-03.53.19:760][942]LogModuleManager: Shutting down and abandoning module AddContentDialog (490)
[2017.03.31-03.53.19:760][942]LogDirectoryWatcher: A directory notification for 'D:/Program Files/UE_4.15/FeaturePacks/' was aborted.
[2017.03.31-03.53.19:761][942]LogModuleManager: Shutting down and abandoning module WidgetCarousel (489)
[2017.03.31-03.53.19:761][942]LogModuleManager: Shutting down and abandoning module EditorWidgets (486)
[2017.03.31-03.53.19:761][942]LogModuleManager: Shutting down and abandoning module CollectionManager (484)
[2017.03.31-03.53.19:761][942]LogDirectoryWatcher: A directory notification for 'D:/The Matrix - Game Creation/Unreal Projects/cyberpink_scene_2/Content/Collections/' was aborted.
[2017.03.31-03.53.19:761][942]LogDirectoryWatcher: A directory notification for 'D:/The Matrix - Game Creation/Unreal Projects/cyberpink_scene_2/Content/Developers/marcu/Collections/' was aborted.
[2017.03.31-03.53.19:761][942]LogDirectoryWatcher: A directory notification for 'D:/The Matrix - Game Creation/Unreal Projects/cyberpink_scene_2/Saved/Collections/' was aborted.
[2017.03.31-03.53.19:761][942]LogModuleManager: Shutting down and abandoning module StatsViewer (482)
[2017.03.31-03.53.19:761][942]LogModuleManager: Shutting down and abandoning module FoliageEdit (480)
[2017.03.31-03.53.19:761][942]LogModuleManager: Shutting down and abandoning module LandscapeEditor (478)
[2017.03.31-03.53.19:761][942]LogModuleManager: Shutting down and abandoning module SceneDepthPickerMode (476)
[2017.03.31-03.53.19:761][942]LogModuleManager: Shutting down and abandoning module ActorPickerMode (474)
[2017.03.31-03.53.19:761][942]LogModuleManager: Shutting down and abandoning module GeometryMode (472)
[2017.03.31-03.53.19:761][942]LogModuleManager: Shutting down and abandoning module TextureAlignMode (470)
[2017.03.31-03.53.19:761][942]LogModuleManager: Shutting down and abandoning module BspMode (468)
[2017.03.31-03.53.19:762][942]LogModuleManager: Shutting down and abandoning module HardwareSurvey (466)
[2017.03.31-03.53.19:762][942]LogModuleManager: Shutting down and abandoning module SequenceRecorderSections (464)
[2017.03.31-03.53.19:762][942]LogModuleManager: Shutting down and abandoning module AutomationWorker (462)
[2017.03.31-03.53.19:782][942]LogModuleManager: Shutting down and abandoning module MatineeToLevelSequence (460)
[2017.03.31-03.53.19:782][942]LogModuleManager: Shutting down and abandoning module LevelSequenceEditor (458)
[2017.03.31-03.53.19:782][942]LogModuleManager: Shutting down and abandoning module PlacementMode (457)
[2017.03.31-03.53.19:782][942]LogModuleManager: Shutting down and abandoning module WmfMediaFactory (454)
[2017.03.31-03.53.19:782][942]LogModuleManager: Shutting down and abandoning module WmfMediaEditor (452)
[2017.03.31-03.53.19:782][942]LogModuleManager: Shutting down and abandoning module MfMediaFactory (450)
[2017.03.31-03.53.19:782][942]LogModuleManager: Shutting down and abandoning module MfMediaEditor (448)
[2017.03.31-03.53.19:782][942]LogModuleManager: Shutting down and abandoning module AvfMediaFactory (446)
[2017.03.31-03.53.19:782][942]LogModuleManager: Shutting down and abandoning module AvfMediaEditor (444)
[2017.03.31-03.53.19:782][942]LogModuleManager: Shutting down and abandoning module AndroidMediaFactory (442)
[2017.03.31-03.53.19:782][942]LogModuleManager: Shutting down and abandoning module Media (441)
[2017.03.31-03.53.19:782][942]LogModuleManager: Shutting down and abandoning module AndroidMediaEditor (438)
[2017.03.31-03.53.19:782][942]LogModuleManager: Shutting down and abandoning module CharacterAI (436)
[2017.03.31-03.53.19:782][942]LogModuleManager: Shutting down and abandoning module AudioCapture (434)
[2017.03.31-03.53.19:782][942]LogModuleManager: Shutting down and abandoning module SequenceRecorder (433)
[2017.03.31-03.53.19:782][942]LogModuleManager: Shutting down and abandoning module SmartSnapping (430)
[2017.03.31-03.53.19:782][942]LogModuleManager: Shutting down and abandoning module SessionServices (428)
[2017.03.31-03.53.19:782][942]LogModuleManager: Shutting down and abandoning module ViewportSnapping (426)
[2017.03.31-03.53.19:782][942]LogModuleManager: Shutting down and abandoning module ViewportInteraction (424)
[2017.03.31-03.53.19:782][942]LogModuleManager: Shutting down and abandoning module LogVisualizer (422)
[2017.03.31-03.53.19:783][942]LogModuleManager: Shutting down and abandoning module IntroTutorials (420)
[2017.03.31-03.53.19:783][942]LogModuleManager: Shutting down and abandoning module GameProjectGeneration (419)
[2017.03.31-03.53.19:783][942]LogModuleManager: Shutting down and abandoning module EditorLiveStreaming (416)
[2017.03.31-03.53.19:783][942]LogModuleManager: Shutting down and abandoning module IOSPlatformEditor (414)
[2017.03.31-03.53.19:783][942]LogModuleManager: Shutting down and abandoning module HTML5PlatformEditor (412)
[2017.03.31-03.53.19:783][942]LogModuleManager: Shutting down and abandoning module AndroidPlatformEditor (410)
[2017.03.31-03.53.19:783][942]LogModuleManager: Shutting down and abandoning module AndroidDeviceDetection (409)
[2017.03.31-03.53.19:957][942]LogModuleManager: Shutting down and abandoning module IOSRuntimeSettings (406)
[2017.03.31-03.53.19:957][942]LogModuleManager: Shutting down and abandoning module AndroidRuntimeSettings (404)
[2017.03.31-03.53.19:957][942]LogModuleManager: Shutting down and abandoning module InputBindingEditor (402)
[2017.03.31-03.53.19:957][942]LogModuleManager: Shutting down and abandoning module NiagaraEditor (400)
[2017.03.31-03.53.19:957][942]LogModuleManager: Shutting down and abandoning module MergeActors (398)
[2017.03.31-03.53.19:957][942]LogModuleManager: Shutting down and abandoning module SizeMap (396)
[2017.03.31-03.53.19:957][942]LogModuleManager: Shutting down and abandoning module TreeMap (394)
[2017.03.31-03.53.19:957][942]LogModuleManager: Shutting down and abandoning module ReferenceViewer (392)
[2017.03.31-03.53.19:957][942]LogModuleManager: Shutting down and abandoning module LocalizationDashboard (390)
[2017.03.31-03.53.19:957][942]LogModuleManager: Shutting down and abandoning module LocalizationService (389)
[2017.03.31-03.53.19:957][942]LogModuleManager: Shutting down and abandoning module HardwareTargeting (386)
[2017.03.31-03.53.19:957][942]LogModuleManager: Shutting down and abandoning module DeviceProfileEditor (384)
[2017.03.31-03.53.19:957][942]LogModuleManager: Shutting down and abandoning module UndoHistory (382)
[2017.03.31-03.53.19:957][942]LogModuleManager: Shutting down and abandoning module UserFeedback (380)
[2017.03.31-03.53.19:957][942]LogModuleManager: Shutting down and abandoning module XmlParser (378)
[2017.03.31-03.53.19:957][942]LogModuleManager: Shutting down and abandoning module Blutility (376)
[2017.03.31-03.53.19:957][942]LogModuleManager: Shutting down and abandoning module ProjectSettingsViewer (374)
[2017.03.31-03.53.19:957][942]LogModuleManager: Shutting down and abandoning module ProjectTargetPlatformEditor (373)
[2017.03.31-03.53.19:958][942]LogModuleManager: Shutting down and abandoning module EditorSettingsViewer (370)
[2017.03.31-03.53.19:958][942]LogModuleManager: Shutting down and abandoning module SettingsEditor (368)
[2017.03.31-03.53.19:958][942]LogModuleManager: Shutting down and abandoning module ProjectLauncher (366)
[2017.03.31-03.53.19:958][942]LogModuleManager: Shutting down and abandoning module SessionFrontend (364)
[2017.03.31-03.53.19:958][942]LogModuleManager: Shutting down and abandoning module ProfilerClient (362)
[2017.03.31-03.53.19:958][942]LogModuleManager: Shutting down and abandoning module DeviceManager (360)
[2017.03.31-03.53.19:958][942]LogModuleManager: Shutting down and abandoning module TargetDeviceServices (359)
[2017.03.31-03.53.19:989][942]LogModuleManager: Shutting down and abandoning module AutomationController (356)
[2017.03.31-03.53.19:989][942]LogModuleManager: Shutting down and abandoning module AutomationWindow (354)
[2017.03.31-03.53.19:989][942]LogModuleManager: Shutting down and abandoning module Layers (352)
[2017.03.31-03.53.19:989][942]LogModuleManager: Shutting down and abandoning module ComponentVisualizers (350)
[2017.03.31-03.53.19:989][942]LogModuleManager: Shutting down and abandoning module DetailCustomizations (348)
[2017.03.31-03.53.19:989][942]LogModuleManager: Shutting down and abandoning module PackagesDialog (346)
[2017.03.31-03.53.19:989][942]LogModuleManager: Shutting down and abandoning module Persona (344)
[2017.03.31-03.53.19:989][942]LogModuleManager: Shutting down and abandoning module AnimGraph (343)
[2017.03.31-03.53.19:989][942]LogModuleManager: Shutting down and abandoning module Kismet (340)
[2017.03.31-03.53.19:997][942]LogModuleManager: Shutting down and abandoning module GraphEditor (338)
[2017.03.31-03.53.19:997][942]LogModuleManager: Shutting down and abandoning module ClassViewer (336)
[2017.03.31-03.53.19:997][942]LogModuleManager: Shutting down and abandoning module Toolbox (334)
[2017.03.31-03.53.19:997][942]LogModuleManager: Shutting down and abandoning module ModuleUI (332)
[2017.03.31-03.53.19:997][942]LogModuleManager: Shutting down and abandoning module MovieSceneTools (330)
[2017.03.31-03.53.19:997][942]LogModuleManager: Shutting down and abandoning module OutputLog (328)
[2017.03.31-03.53.19:997][942]LogModuleManager: Shutting down and abandoning module GammaUI (326)
[2017.03.31-03.53.19:997][942]LogModuleManager: Shutting down and abandoning module Documentation (324)
[2017.03.31-03.53.19:997][942]LogModuleManager: Shutting down and abandoning module Niagara (322)
[2017.03.31-03.53.19:997][942]LogModuleManager: Shutting down and abandoning module StreamingPauseRendering (320)
[2017.03.31-03.53.19:997][942]LogModuleManager: Shutting down and abandoning module AnalyticsET (318)
[2017.03.31-03.53.19:997][942]LogModuleManager: Shutting down and abandoning module PortalServices (316)
[2017.03.31-03.53.19:997][942]LogModuleManager: Shutting down and abandoning module PortalRpc (314)
[2017.03.31-03.53.19:997][942]LogModuleManager: Shutting down and abandoning module MessagingRpc (312)
[2017.03.31-03.53.19:997][942]LogModuleManager: Shutting down and abandoning module AIModule (310)
[2017.03.31-03.53.19:997][942]LogModuleManager: Shutting down and abandoning module GameplayDebugger (309)
[2017.03.31-03.53.19:997][942]LogModuleManager: Shutting down and abandoning module AITestSuite (307)
[2017.03.31-03.53.19:997][942]LogModuleManager: Shutting down and abandoning module ProfilerService (304)
[2017.03.31-03.53.20:113][942]LogModuleManager: Shutting down and abandoning module TaskGraph (302)
[2017.03.31-03.53.20:113][942]LogModuleManager: Shutting down and abandoning module SteamVRController (300)
[2017.03.31-03.53.20:113][942]LogModuleManager: Shutting down and abandoning module SteamVR (298)
[2017.03.31-03.53.20:113][942]LogModuleManager: Shutting down and abandoning module ProceduralMeshComponentEditor (296)
[2017.03.31-03.53.20:113][942]LogModuleManager: Shutting down and abandoning module ProceduralMeshComponent (294)
[2017.03.31-03.53.20:113][942]LogModuleManager: Shutting down and abandoning module OculusLibrary (292)
[2017.03.31-03.53.20:113][942]LogModuleManager: Shutting down and abandoning module OculusInput (290)
[2017.03.31-03.53.20:113][942]LogModuleManager: Shutting down and abandoning module MobilePatchingUtils (288)
[2017.03.31-03.53.20:113][942]LogModuleManager: Shutting down and abandoning module CustomMeshComponent (286)
[2017.03.31-03.53.20:113][942]LogModuleManager: Shutting down and abandoning module CableComponent (284)
[2017.03.31-03.53.20:113][942]LogModuleManager: Shutting down and abandoning module ArchVisCharacter (282)
[2017.03.31-03.53.20:113][942]LogModuleManager: Shutting down and abandoning module MediaPlayerEditor (278)
[2017.03.31-03.53.20:113][942]LogModuleManager: Shutting down and abandoning module HTML5Networking (276)
[2017.03.31-03.53.20:113][942]LogModuleManager: Shutting down and abandoning module AlembicImporter (274)
[2017.03.31-03.53.20:113][942]LogModuleManager: Shutting down and abandoning module AlembicLibrary (273)
[2017.03.31-03.53.20:113][942]LogModuleManager: Shutting down and abandoning module GeometryCache (272)
[2017.03.31-03.53.20:113][942]LogModuleManager: Shutting down and abandoning module GeometryCacheEd (271)
[2017.03.31-03.53.20:113][942]LogModuleManager: Shutting down and abandoning module SuperSearchEditor (266)
[2017.03.31-03.53.20:113][942]LogModuleManager: Shutting down and abandoning module SuperSearch (265)
[2017.03.31-03.53.20:113][942]LogModuleManager: Shutting down and abandoning module SpeedTreeImporter (262)
[2017.03.31-03.53.20:113][942]LogModuleManager: Shutting down and abandoning module PluginBrowser (260)
[2017.03.31-03.53.20:113][942]LogModuleManager: Shutting down and abandoning module MobileLauncherProfileWizard (258)
[2017.03.31-03.53.20:113][942]LogModuleManager: Shutting down and abandoning module EpicSurvey (256)
[2017.03.31-03.53.20:113][942]LogModuleManager: Shutting down and abandoning module VisualStudioSourceCodeAccess (254)
[2017.03.31-03.53.20:113][942]LogModuleManager: Shutting down and abandoning module DesktopPlatform (253)
[2017.03.31-03.53.20:113][942]LogModuleManager: Shutting down and abandoning module UObjectPlugin (250)
[2017.03.31-03.53.20:113][942]LogModuleManager: Shutting down and abandoning module SubversionSourceControl (248)
[2017.03.31-03.53.20:113][942]LogModuleManager: Shutting down and abandoning module PerforceSourceControl (246)
[2017.03.31-03.53.20:113][942]LogModuleManager: Shutting down and abandoning module GitSourceControl (244)
[2017.03.31-03.53.20:113][942]LogModuleManager: Shutting down and abandoning module SourceControl (243)
[2017.03.31-03.53.20:113][942]LogModuleManager: Shutting down and abandoning module LightPropagationVolumeEditor (240)
[2017.03.31-03.53.20:113][942]LogModuleManager: Shutting down and abandoning module PaperTiledImporter (238)
[2017.03.31-03.53.20:113][942]LogModuleManager: Shutting down and abandoning module PaperSpriteSheetImporter (236)
[2017.03.31-03.53.20:113][942]LogModuleManager: Shutting down and abandoning module Paper2DEditor (234)
[2017.03.31-03.53.20:114][942]LogModuleManager: Shutting down and abandoning module MeshPaint (233)
[2017.03.31-03.53.20:114][942]LogModuleManager: Shutting down and abandoning module LevelEditor (231)
[2017.03.31-03.53.20:114][942]LogModuleManager: Shutting down and abandoning module PixelInspectorModule (230)
[2017.03.31-03.53.20:114][942]LogModuleManager: Shutting down and abandoning module MainFrame (228)
[2017.03.31-03.53.20:114][942]LogModuleManager: Shutting down and abandoning module HotReload (227)
[2017.03.31-03.53.20:114][942]LogModuleManager: Shutting down and abandoning module ContentBrowser (223)
[2017.03.31-03.53.20:115][942]LogModuleManager: Shutting down and abandoning module PhysXVehiclesEditor (220)
[2017.03.31-03.53.20:115][942]LogModuleManager: Shutting down and abandoning module PhysXVehicles (218)
[2017.03.31-03.53.20:115][942]LogModuleManager: Shutting down and abandoning module LocationServicesBPLibrary (216)
[2017.03.31-03.53.20:115][942]LogModuleManager: Shutting down and abandoning module UdpMessaging (214)
[2017.03.31-03.53.20:215][942]LogModuleManager: Shutting down and abandoning module TcpMessaging (212)
[2017.03.31-03.53.20:316][942]LogModuleManager: Shutting down and abandoning module GameplayTagsEditor (210)
[2017.03.31-03.53.20:316][942]LogModuleManager: Shutting down and abandoning module FacialAnimationEditor (208)
[2017.03.31-03.53.20:316][942]LogModuleManager: Shutting down and abandoning module FacialAnimation (206)
[2017.03.31-03.53.20:316][942]LogModuleManager: Shutting down and abandoning module LightPropagationVolumeRuntime (204)
[2017.03.31-03.53.20:316][942]LogModuleManager: Shutting down and abandoning module Paper2D (202)
[2017.03.31-03.53.20:316][942]LogModuleManager: Shutting down and abandoning module WindowsMoviePlayer (200)
[2017.03.31-03.53.20:316][942]LogModuleManager: Shutting down and abandoning module WmfMedia (198)
[2017.03.31-03.53.20:316][942]LogModuleManager: Shutting down and abandoning module MfMedia (196)
[2017.03.31-03.53.20:316][942]LogModuleManager: Shutting down and abandoning module MediaAssets (194)
[2017.03.31-03.53.20:316][942]LogModuleManager: Shutting down and abandoning module GameLiveStreaming (192)
[2017.03.31-03.53.20:316][942]LogModuleManager: Shutting down and abandoning module VREditor (190)
[2017.03.31-03.53.20:316][942]LogModuleManager: Shutting down and abandoning module GameplayTasksEditor (188)
[2017.03.31-03.53.20:316][942]LogModuleManager: Shutting down and abandoning module BehaviorTreeEditor (186)
[2017.03.31-03.53.20:316][942]LogModuleManager: Shutting down and abandoning module FunctionalTesting (184)
[2017.03.31-03.53.20:316][942]LogModuleManager: Shutting down and abandoning module CollisionAnalyzer (182)
[2017.03.31-03.53.20:316][942]LogModuleManager: Shutting down and abandoning module UMG (180)
[2017.03.31-03.53.20:317][942]LogModuleManager: Shutting down and abandoning module UMGEditor (179)
[2017.03.31-03.53.20:317][942]LogModuleManager: Shutting down and abandoning module Sequencer (178)
[2017.03.31-03.53.20:317][942]LogModuleManager: Shutting down and abandoning module AssetTools (176)
[2017.03.31-03.53.20:317][942]LogModuleManager: Shutting down and abandoning module MessageLog (175)
[2017.03.31-03.53.20:317][942]LogModuleManager: Shutting down and abandoning module WorkspaceMenuStructure (174)
[2017.03.31-03.53.20:317][942]LogModuleManager: Shutting down and abandoning module SlateReflector (168)
[2017.03.31-03.53.20:317][942]LogModuleManager: Shutting down and abandoning module Slate (166)
[2017.03.31-03.53.20:317][942]LogModuleManager: Shutting down and abandoning module EditorStyle (164)
[2017.03.31-03.53.20:319][942]LogModuleManager: Shutting down and abandoning module SourceCodeAccess (162)
[2017.03.31-03.53.20:319][942]LogModuleManager: Shutting down and abandoning module HeadMountedDisplay (160)
[2017.03.31-03.53.20:319][942]LogModuleManager: Shutting down and abandoning module XAudio2 (158)
[2017.03.31-03.53.20:319][942]LogModuleManager: Shutting down and abandoning module Networking (156)
[2017.03.31-03.53.20:319][942]LogModuleManager: Shutting down and abandoning module Core (152)
[2017.03.31-03.53.20:319][942]LogModuleManager: Shutting down and abandoning module AssetRegistry (150)
[2017.03.31-03.53.20:412][942]LogDirectoryWatcher: A directory notification for '../../../Engine/Content/' was aborted.
[2017.03.31-03.53.20:412][942]LogDirectoryWatcher: A directory notification for '../../../../../The Matrix - Game Creation/Unreal Projects/cyberpink_scene_2/Content/' was aborted.
[2017.03.31-03.53.20:412][942]LogDirectoryWatcher: A directory notification for '../../../Engine/Plugins/2D/Paper2D/Content/' was aborted.
[2017.03.31-03.53.20:413][942]LogModuleManager: Shutting down and abandoning module DirectoryWatcher (149)
[2017.03.31-03.53.20:413][942]LogModuleManager: Shutting down and abandoning module KismetCompiler (146)
[2017.03.31-03.53.20:413][942]LogModuleManager: Shutting down and abandoning module PhysXFormats (144)
[2017.03.31-03.53.20:413][942]LogModuleManager: Shutting down and abandoning module MeshUtilities (142)
[2017.03.31-03.53.20:413][942]LogModuleManager: Shutting down and abandoning module SimplygonSwarm (141)
[2017.03.31-03.53.20:413][942]LogModuleManager: Shutting down and abandoning module SimplygonMeshReduction (139)
[2017.03.31-03.53.20:413][942]LogModuleManager: Shutting down and abandoning module QuadricMeshReduction (137)
[2017.03.31-03.53.20:413][942]LogModuleManager: Shutting down and abandoning module PropertyEditor (135)
[2017.03.31-03.53.20:413][942]LogModuleManager: Shutting down and abandoning module DerivedDataCache (132)
[2017.03.31-03.53.20:422][942]LogDerivedDataCache: Shutdown
[2017.03.31-03.53.20:422][942]LogModuleManager: Shutting down and abandoning module TargetPlatform (130)
[2017.03.31-03.53.20:422][942]LogModuleManager: Shutting down and abandoning module VulkanShaderFormat (129)
[2017.03.31-03.53.20:422][942]LogModuleManager: Shutting down and abandoning module ShaderFormatOpenGL (127)
[2017.03.31-03.53.20:422][942]LogModuleManager: Shutting down and abandoning module ShaderFormatD3D (125)
[2017.03.31-03.53.20:422][942]LogModuleManager: Shutting down and abandoning module MetalShaderFormat (123)
[2017.03.31-03.53.20:422][942]LogModuleManager: Shutting down and abandoning module TextureFormatUncompressed (121)
[2017.03.31-03.53.20:422][942]LogModuleManager: Shutting down and abandoning module TextureFormatPVR (119)
[2017.03.31-03.53.20:422][942]LogModuleManager: Shutting down and abandoning module TextureFormatDXT (117)
[2017.03.31-03.53.20:422][942]LogModuleManager: Shutting down and abandoning module TextureFormatIntelISPCTexComp (115)
[2017.03.31-03.53.20:422][942]LogModuleManager: Shutting down and abandoning module TextureFormatASTC (113)
[2017.03.31-03.53.20:422][942]LogModuleManager: Shutting down and abandoning module ImageWrapper (112)
[2017.03.31-03.53.20:422][942]LogModuleManager: Shutting down and abandoning module TextureFormatAndroid (109)
[2017.03.31-03.53.20:422][942]LogModuleManager: Shutting down and abandoning module AudioFormatOpus (107)
[2017.03.31-03.53.20:422][942]LogModuleManager: Shutting down and abandoning module AudioFormatOgg (105)
[2017.03.31-03.53.20:422][942]LogModuleManager: Shutting down and abandoning module AudioFormatADPCM (103)
[2017.03.31-03.53.20:422][942]LogModuleManager: Shutting down and abandoning module LinuxTargetPlatform (101)
[2017.03.31-03.53.20:422][942]LogModuleManager: Shutting down and abandoning module LinuxServerTargetPlatform (99)
[2017.03.31-03.53.20:422][942]LogModuleManager: Shutting down and abandoning module LinuxNoEditorTargetPlatform (97)
[2017.03.31-03.53.20:422][942]LogModuleManager: Shutting down and abandoning module LinuxClientTargetPlatform (95)
[2017.03.31-03.53.20:422][942]LogModuleManager: Shutting down and abandoning module TVOSTargetPlatform (93)
[2017.03.31-03.53.20:422][942]LogModuleManager: Shutting down and abandoning module Messaging (91)
[2017.03.31-03.53.20:422][942]LogModuleManager: Shutting down and abandoning module IOSTargetPlatform (89)
[2017.03.31-03.53.20:422][942]LogModuleManager: Shutting down and abandoning module HTML5TargetPlatform (87)
[2017.03.31-03.53.20:422][942]LogModuleManager: Shutting down and abandoning module Android_PVRTCTargetPlatform (85)
[2017.03.31-03.53.20:422][942]LogModuleManager: Shutting down and abandoning module Android_MultiTargetPlatform (83)
[2017.03.31-03.53.20:422][942]LogModuleManager: Shutting down and abandoning module Android_ETC2TargetPlatform (81)
[2017.03.31-03.53.20:422][942]LogModuleManager: Shutting down and abandoning module Android_ETC1TargetPlatform (79)
[2017.03.31-03.53.20:422][942]LogModuleManager: Shutting down and abandoning module Android_DXTTargetPlatform (77)
[2017.03.31-03.53.20:422][942]LogModuleManager: Shutting down and abandoning module Android_ATCTargetPlatform (75)
[2017.03.31-03.53.20:422][942]LogModuleManager: Shutting down and abandoning module Android_ASTCTargetPlatform (73)
[2017.03.31-03.53.20:422][942]LogModuleManager: Shutting down and abandoning module AndroidTargetPlatform (71)
[2017.03.31-03.53.20:422][942]LogModuleManager: Shutting down and abandoning module WindowsTargetPlatform (69)
[2017.03.31-03.53.20:422][942]LogModuleManager: Shutting down and abandoning module WindowsServerTargetPlatform (67)
[2017.03.31-03.53.20:422][942]LogModuleManager: Shutting down and abandoning module WindowsNoEditorTargetPlatform (65)
[2017.03.31-03.53.20:422][942]LogModuleManager: Shutting down and abandoning module WindowsClientTargetPlatform (63)
[2017.03.31-03.53.20:422][942]LogModuleManager: Shutting down and abandoning module MacTargetPlatform (61)
[2017.03.31-03.53.20:422][942]LogModuleManager: Shutting down and abandoning module MacServerTargetPlatform (59)
[2017.03.31-03.53.20:422][942]LogModuleManager: Shutting down and abandoning module MacNoEditorTargetPlatform (57)
[2017.03.31-03.53.20:422][942]LogModuleManager: Shutting down and abandoning module MacClientTargetPlatform (55)
[2017.03.31-03.53.20:422][942]LogModuleManager: Shutting down and abandoning module AllDesktopTargetPlatform (53)
[2017.03.31-03.53.20:422][942]LogModuleManager: Shutting down and abandoning module InputCore (50)
[2017.03.31-03.53.20:422][942]LogModuleManager: Shutting down and abandoning module Settings (48)
[2017.03.31-03.53.20:422][942]LogModuleManager: Shutting down and abandoning module OculusRift (46)
[2017.03.31-03.53.20:422][942]LogModuleManager: Shutting down and abandoning module ExampleDeviceProfileSelector (44)
[2017.03.31-03.53.20:423][942]LogModuleManager: Shutting down and abandoning module OnlineBlueprintSupport (42)
[2017.03.31-03.53.20:423][942]LogModuleManager: Shutting down and abandoning module OnlineSubsystem (38)
[2017.03.31-03.53.20:423][942]LogOnline:Display: Unloading online subsystem: NULL
[2017.03.31-03.53.20:423][942]LogModuleManager: Shutting down and abandoning module XMPP (37)
[2017.03.31-03.53.20:423][942]LogModuleManager: Shutting down and abandoning module HTTP (35)
[2017.03.31-03.53.20:423][942]LogHttp:Display: Http module shutting down, but needs to wait on 1 outstanding Http requests:
[2017.03.31-03.53.20:423][942]LogHttp:Display: 	verb=[POST] url=[https://datarouter.ol.epicgames.com/datarouter/api/v1/public/data?SessionID=%7BB4A9D8EB-4ABB-3B36-599B-34B8D9E699B8%7D&AppID=UEEditor.Rocket.Release&AppVersion=4.15.0-3299760%2B%2B%2BUE4%2BRelease-4.15&UserID=29c8653a4317a61c32f10e99e90729c2%7C4e61fe71a1fb457880f7d7dcfb02c492%7C808abf15-23bd-4e03-a855-8bede5970bc1&AppEnvironment=datacollector-binary&UploadType=eteventstream] status=Processing
[2017.03.31-03.53.20:452][942]LogModuleManager: Shutting down and abandoning module SSL (34)
[2017.03.31-03.53.20:454][942]LogModuleManager: Shutting down and abandoning module AudioEditor (30)
[2017.03.31-03.53.20:454][942]LogModuleManager: Shutting down and abandoning module TextureCompressor (28)
[2017.03.31-03.53.20:454][942]LogModuleManager: Shutting down and abandoning module ShaderCore (26)
[2017.03.31-03.53.20:454][942]LogModuleManager: Shutting down and abandoning module Landscape (24)
[2017.03.31-03.53.20:454][942]LogModuleManager: Shutting down and abandoning module SlateRHIRenderer (22)
[2017.03.31-03.53.20:456][942]LogModuleManager: Shutting down and abandoning module OpenGLDrv (20)
[2017.03.31-03.53.20:456][942]LogModuleManager: Shutting down and abandoning module D3D11RHI (18)
[2017.03.31-03.53.20:456][942]LogModuleManager: Shutting down and abandoning module AnimGraphRuntime (16)
[2017.03.31-03.53.20:456][942]LogModuleManager: Shutting down and abandoning module Renderer (14)
[2017.03.31-03.53.20:456][942]LogModuleManager: Shutting down and abandoning module Engine (12)
[2017.03.31-03.53.20:456][942]LogModuleManager: Shutting down and abandoning module CoreUObject (10)
[2017.03.31-03.53.20:456][942]LogModuleManager: Shutting down and abandoning module NetworkFile (8)
[2017.03.31-03.53.20:456][942]LogModuleManager: Shutting down and abandoning module StreamingFile (6)
[2017.03.31-03.53.20:456][942]LogModuleManager: Shutting down and abandoning module SandboxFile (4)
[2017.03.31-03.53.20:456][942]LogModuleManager: Shutting down and abandoning module PakFile (2)
[2017.03.31-03.53.20:457][942]LogExit: Exiting.
[2017.03.31-03.53.20:459][942]Log file closed, 03/31/17 14:53:20
