Log file open, 04/01/17 00:47:10
LogInit:Display: Running engine for game: cyberpink_scene_2
LogPlatformFile: Not using cached read wrapper
LogInit:Display: RandInit(1432694721) SRandInit(1432694721).
LogTaskGraph: Started task graph with 5 named threads and 8 total threads with 1 sets of task threads.
LogStats: Stats thread started at 1.939893
LogInit: Using libcurl 7.47.1
LogInit:  - built for x86_64-pc-win32
LogInit:  - supports SSL with OpenSSL/1.0.2g
LogInit:  - supports HTTP deflate (compression) using libz 1.2.8
LogInit:  - other features:
LogInit:      CURL_VERSION_SSL
LogInit:      CURL_VERSION_LIBZ
LogInit:      CURL_VERSION_IPV6
LogInit:      CURL_VERSION_ASYNCHDNS
LogInit:      CURL_VERSION_LARGEFILE
LogInit:      CURL_VERSION_IDN
LogInit:  CurlRequestOptions (configurable via config and command line):
LogInit:  - bVerifyPeer = false  - Libcurl will NOT verify peer certificate
LogInit:  - bUseHttpProxy = false  - Libcurl will NOT use HTTP proxy
LogInit:  - bDontReuseConnections = false  - Libcurl will reuse connections
LogInit:  - CertBundlePath = nullptr  - Libcurl will use whatever was configured at build time.
LogInit: Build: ++UE4+Release-4.15-CL-3299760
LogInit: Engine Version: 4.15.0-3299760+++UE4+Release-4.15
LogInit: Compatible Engine Version: 4.15.0-3299760+++UE4+Release-4.15
LogInit: Net CL: 3299760
LogDevObjectVersion: Number of dev versions registered: 14
LogDevObjectVersion:   Dev-Blueprints (B0D832E4-1F89-4F0D-ACCF-7EB736FD4AA2): 8
LogDevObjectVersion:   Dev-Build (E1C64328-A22C-4D53-A36C-8E866417BD8C): 0
LogDevObjectVersion:   Dev-Core (375EC13C-06E4-48FB-B500-84F0262A717E): 2
LogDevObjectVersion:   Dev-Editor (E4B068ED-F494-42E9-A231-DA0B2E46BB41): 14
LogDevObjectVersion:   Dev-Framework (CFFC743F-43B0-4480-9391-14DF171D2073): 22
LogDevObjectVersion:   Dev-Mobile (B02B49B5-BB20-44E9-A304-32B752E40360): 0
LogDevObjectVersion:   Dev-Networking (A4E4105C-59A1-49B5-A7C5-40C4547EDFEE): 0
LogDevObjectVersion:   Dev-Online (39C831C9-5AE6-47DC-9A44-9C173E1C8E7C): 0
LogDevObjectVersion:   Dev-Physics (78F01B33-EBEA-4F98-B9B4-84EACCB95AA2): 0
LogDevObjectVersion:   Dev-Platform (6631380F-2D4D-43E0-8009-CF276956A95A): 0
LogDevObjectVersion:   Dev-Rendering (12F88B9F-8875-4AFC-A67C-D90C383ABD29): 12
LogDevObjectVersion:   Dev-Sequencer (7B5AE74C-D270-4C10-A958-57980B212A5A): 3
LogDevObjectVersion:   Dev-VR (D7296918-1DD6-4BDD-9DE2-64A83CC13884): 0
LogDevObjectVersion:   Dev-LoadTimes (C2A15278-BFE7-4AFE-6C17-90FF531DF755): 1
LogInit: Compiled (64-bit): Feb 14 2017 02:04:14
LogInit: Compiled with Visual C++: 19.00.23026.00
LogInit: Build Configuration: Development
LogInit: Branch Name: ++UE4+Release-4.15
LogInit: Command line:  
LogInit: Base directory: D:/Program Files/UE_4.15/Engine/Binaries/Win64/
LogInit: Installed Engine Build: 1
LogInit: Presizing for max 8388607 objects, including 0 objects not considered by GC, pre-allocating 0 bytes for permanent pool.
LogInit: Object subsystem initialized
[2017.03.31-13.47.13:191][  0]LogInit: Selected Device Profile: [Windows]
[2017.03.31-13.47.13:191][  0]LogInit: Applying CVar settings loaded from the selected device profile: [Windows]
[2017.03.31-13.47.13:420][  0]LogInit: Computer: DESKTOP-73H95M6
[2017.03.31-13.47.13:420][  0]LogInit: User: marcu
[2017.03.31-13.47.13:420][  0]LogInit: CPU Page size=65536, Cores=4
[2017.03.31-13.47.13:420][  0]LogInit: High frequency timer resolution =3.320338 MHz
[2017.03.31-13.47.13:434][  0]LogMemory: Memory total: Physical=15.9GB (16GB approx)
[2017.03.31-13.47.13:434][  0]LogMemory: Platform Memory Stats for Windows
[2017.03.31-13.47.13:434][  0]LogMemory: Process Physical Memory: 267.77 MB used, 267.77 MB peak
[2017.03.31-13.47.13:434][  0]LogMemory: Process Virtual Memory: 262.78 MB used, 262.78 MB peak
[2017.03.31-13.47.13:434][  0]LogMemory: Physical Memory: 12523.68 MB used,  3757.46 MB free, 16281.15 MB total
[2017.03.31-13.47.13:434][  0]LogMemory: Virtual Memory: 644.47 MB used,  3757.46 MB free, 134217728.00 MB total
[2017.03.31-13.47.14:789][  0]LogTextLocalizationManager: No specific translations for ('en-AU') exist, so ('en') translations will be used.
[2017.03.31-13.47.19:453][  0]LogD3D11RHI: D3D11 adapters:
[2017.03.31-13.47.19:480][  0]LogD3D11RHI:    0. 'AMD Radeon R9 200 Series' (Feature Level 11_0)
[2017.03.31-13.47.19:480][  0]LogD3D11RHI:       4073/0/8140 MB DedicatedVideo/DedicatedSystem/SharedSystem, Outputs:3, VendorId:0x1002
[2017.03.31-13.47.19:527][  0]LogD3D11RHI:    1. 'Intel(R) HD Graphics 3000' (Feature Level 10_0)
[2017.03.31-13.47.19:527][  0]LogD3D11RHI:       32/0/1632 MB DedicatedVideo/DedicatedSystem/SharedSystem, Outputs:0, VendorId:0x8086
[2017.03.31-13.47.19:529][  0]LogD3D11RHI:    2. 'Microsoft Basic Render Driver' (Feature Level 11_0)
[2017.03.31-13.47.19:529][  0]LogD3D11RHI:       0/0/8140 MB DedicatedVideo/DedicatedSystem/SharedSystem, Outputs:0, VendorId:0x1414
[2017.03.31-13.47.19:529][  0]LogD3D11RHI: Chosen D3D11 Adapter: 0
[2017.03.31-13.47.19:550][  0]LogD3D11RHI: Creating new Direct3DDevice
[2017.03.31-13.47.19:550][  0]LogD3D11RHI:     GPU DeviceId: 0x67b1 (for the marketing name, search the web for "GPU Device Id")
[2017.03.31-13.47.19:550][  0]LogWindows: EnumDisplayDevices:
[2017.03.31-13.47.19:550][  0]LogWindows:    0. 'AMD Radeon R9 200 Series' (P:0 D:1)
[2017.03.31-13.47.19:551][  0]LogWindows:    1. 'AMD Radeon R9 200 Series' (P:0 D:1)
[2017.03.31-13.47.19:552][  0]LogWindows:    2. 'AMD Radeon R9 200 Series' (P:1 D:1)
[2017.03.31-13.47.19:553][  0]LogWindows:    3. 'AMD Radeon R9 200 Series' (P:0 D:0)
[2017.03.31-13.47.19:554][  0]LogWindows:    4. 'AMD Radeon R9 200 Series' (P:0 D:0)
[2017.03.31-13.47.19:555][  0]LogWindows:    5. 'AMD Radeon R9 200 Series' (P:0 D:0)
[2017.03.31-13.47.19:556][  0]LogWindows:    6. 'Intel(R) HD Graphics 3000' (P:0 D:0)
[2017.03.31-13.47.19:557][  0]LogWindows:    7. 'Intel(R) HD Graphics 3000' (P:0 D:0)
[2017.03.31-13.47.19:558][  0]LogWindows: DebugString: PrimaryIsNotTheChoosenAdapter PrimaryIsNotTheChoosenAdapter FoundDriverCount:6 
[2017.03.31-13.47.19:558][  0]LogD3D11RHI:     Adapter Name: AMD Radeon R9 200 Series
[2017.03.31-13.47.19:558][  0]LogD3D11RHI:   Driver Version: Crimson ReLive 17.3.3 (internal:21.19.525.258, unified:21.19.525.258)
[2017.03.31-13.47.19:558][  0]LogD3D11RHI:      Driver Date: 3-16-2017
[2017.03.31-13.47.19:558][  0]LogRHI: Texture pool is 1361 MB (70% of 1945 MB)
[2017.03.31-13.47.19:783][  0]LogD3D11RHI: Async texture creation enabled
[2017.03.31-13.47.22:236][  0]LogD3D11RHI: GPU Timing Frequency: 27.000000 (Debug: 2 1)
[2017.03.31-13.47.22:594][  0]LogShaderCompilers: Guid format shader working directory is -30 characters bigger than the processId version (../../../../../The Matrix - Game Creation/Unreal Projects/cyberpink_scene_2/Intermediate/Shaders/WorkingDirectory/19776/).
[2017.03.31-13.47.22:594][  0]LogShaderCompilers: Cleaned the shader compiler working directory 'C:/Users/marcu/AppData/Local/Temp/UnrealShaderWorkingDir/864F72D945890D2F25E866A5AA7560C2/'.
[2017.03.31-13.47.22:604][  0]LogShaderCompilers:Display: Using Local Shader Compiler.
[2017.03.31-13.47.27:297][  0]LogTemp:Display: Loaded TP AllDesktopTargetPlatform
[2017.03.31-13.47.27:360][  0]LogTemp:Display: Loaded TP MacClientTargetPlatform
[2017.03.31-13.47.27:439][  0]LogTemp:Display: Loaded TP MacNoEditorTargetPlatform
[2017.03.31-13.47.27:510][  0]LogTemp:Display: Loaded TP MacServerTargetPlatform
[2017.03.31-13.47.27:598][  0]LogTemp:Display: Loaded TP MacTargetPlatform
[2017.03.31-13.47.27:663][  0]LogTemp:Display: Loaded TP WindowsClientTargetPlatform
[2017.03.31-13.47.27:727][  0]LogTemp:Display: Loaded TP WindowsNoEditorTargetPlatform
[2017.03.31-13.47.27:793][  0]LogTemp:Display: Loaded TP WindowsServerTargetPlatform
[2017.03.31-13.47.27:845][  0]LogTemp:Display: Loaded TP WindowsTargetPlatform
[2017.03.31-13.47.27:936][  0]LogTemp:Display: Loaded TP AndroidTargetPlatform
[2017.03.31-13.47.27:998][  0]LogTemp:Display: Loaded TP Android_ASTCTargetPlatform
[2017.03.31-13.47.28:088][  0]LogTemp:Display: Loaded TP Android_ATCTargetPlatform
[2017.03.31-13.47.28:145][  0]LogTemp:Display: Loaded TP Android_DXTTargetPlatform
[2017.03.31-13.47.28:199][  0]LogTemp:Display: Loaded TP Android_ETC1TargetPlatform
[2017.03.31-13.47.28:253][  0]LogTemp:Display: Loaded TP Android_ETC2TargetPlatform
[2017.03.31-13.47.28:403][  0]LogTemp:Display: Loaded TP Android_MultiTargetPlatform
[2017.03.31-13.47.28:403][  0]LogTemp:Display: Loaded TP Android_PVRTCTargetPlatform
[2017.03.31-13.47.28:443][  0]LogTemp:Display: Loaded TP HTML5TargetPlatform
[2017.03.31-13.47.28:602][  0]LogTemp:Display: Loaded TP IOSTargetPlatform
[2017.03.31-13.47.28:637][  0]LogTemp:Display: Loaded TP TVOSTargetPlatform
[2017.03.31-13.47.28:693][  0]LogTemp:Display: Loaded TP LinuxClientTargetPlatform
[2017.03.31-13.47.28:749][  0]LogTemp:Display: Loaded TP LinuxNoEditorTargetPlatform
[2017.03.31-13.47.28:808][  0]LogTemp:Display: Loaded TP LinuxServerTargetPlatform
[2017.03.31-13.47.28:910][  0]LogTemp:Display: Loaded TP LinuxTargetPlatform
[2017.03.31-13.47.28:910][  0]LogTargetPlatformManager:Display: Building Assets For Windows
[2017.03.31-13.47.30:422][  0]LogDerivedDataCache:Display: Max Cache Size: 512 MB
[2017.03.31-13.47.30:629][  0]LogDerivedDataCache: Loaded boot cache 0.21s 50MB C:/Users/marcu/AppData/Local/UnrealEngine/4.15/DerivedDataCache/Boot.ddc.
[2017.03.31-13.47.30:629][  0]LogDerivedDataCache:Display: Loaded Boot cache: C:/Users/marcu/AppData/Local/UnrealEngine/4.15/DerivedDataCache/Boot.ddc
[2017.03.31-13.47.30:629][  0]LogDerivedDataCache: FDerivedDataBackendGraph:  Pak pak cache file ../../../../../The Matrix - Game Creation/Unreal Projects/cyberpink_scene_2/DerivedDataCache/DDC.ddp not found, will not use a pak cache.
[2017.03.31-13.47.30:629][  0]LogDerivedDataCache: Unable to find inner node Pak for hierarchical cache Hierarchy.
[2017.03.31-13.47.30:629][  0]LogDerivedDataCache: FDerivedDataBackendGraph:  CompressedPak pak cache file ../../../../../The Matrix - Game Creation/Unreal Projects/cyberpink_scene_2/DerivedDataCache/Compressed.ddp not found, will not use a pak cache.
[2017.03.31-13.47.30:629][  0]LogDerivedDataCache: Unable to find inner node CompressedPak for hierarchical cache Hierarchy.
[2017.03.31-13.47.30:697][  0]LogDerivedDataCache:Display: Pak cache opened for reading ../../../Engine/DerivedDataCache/Compressed.ddp.
[2017.03.31-13.47.30:710][  0]LogDerivedDataCache: Using Local data cache path C:/Users/marcu/AppData/Local/UnrealEngine/Common/DerivedDataCache: Writable
[2017.03.31-13.47.31:119][  0]LogSlate: Using Freetype 2.6.0
[2017.03.31-13.47.31:332][  0]LogSlate: SlateFontCache - WITH_FREETYPE: 1, WITH_HARFBUZZ: 1
[2017.03.31-13.47.31:332][  0]LogSlate: SlateFontCache - WITH_FREETYPE: 1, WITH_HARFBUZZ: 1
[2017.03.31-13.47.48:348][  0]LogInit: Selected Device Profile: [Windows]
[2017.03.31-13.47.48:504][  0]LogContentStreaming: Texture pool size is 0.00 MB
[2017.03.31-13.47.49:994][  0]LogMeshUtilities: Using QuadricMeshReduction for automatic static mesh reduction
[2017.03.31-13.47.50:177][  0]LogSimplygon: Simplygon DLL not present - disabling.
[2017.03.31-13.47.50:286][  0]LogMeshUtilities: Using SimplygonSwarm for distributed automatic mesh merging
[2017.03.31-13.47.50:286][  0]LogMeshUtilities: No automatic skeletal mesh reduction module available
[2017.03.31-13.47.50:286][  0]LogMeshUtilities: No automatic mesh merging module available
[2017.03.31-13.48.01:814][  0]LogNetVersion: GetLocalNetworkVersion: CL: 3299760, ProjectName: cyberpink_scene_2, ProjectVersion: , EngineNetworkVersion: 2, GameNetworkVersion: 0, NetworkChecksum: 1803789287
[2017.03.31-13.48.02:142][  0]LogAssetRegistry: FAssetRegistry took 0.0230 seconds to start up
[2017.03.31-13.48.03:322][  0]LogPackageLocalizationCache: Processed 3 localized package path(s) for 2 prioritized culture(s) in 0.470484 seconds
[2017.03.31-13.48.03:699][  0]LogUObjectArray: 32475 objects as part of root set at end of initial load.
[2017.03.31-13.48.03:699][  0]LogUObjectAllocator: 7073368 out of 0 bytes used by permanent object pool.
[2017.03.31-13.48.03:699][  0]LogUObjectArray: CloseDisregardForGC: 0/0 objects in disregard for GC pool
[2017.03.31-13.48.03:818][  0]LogInit: WinSock: version 1.1 (2.2), MaxSocks=32767, MaxUdp=65467
[2017.03.31-13.48.25:824][  0]LogTcpMessaging: Initializing TcpMessaging bridge
[2017.03.31-13.48.25:944][  0]LogUdpMessaging: Initializing bridge on interface 0.0.0.0:0 to multicast group 230.0.0.1:6666.
[2017.03.31-13.48.28:343][  0]LogMaterial: Uniform references updated for custom material expression Custom.
[2017.03.31-13.48.29:772][  0]SourceControl: Info Source control is disabled
[2017.03.31-13.48.29:775][  0]SourceControl: Info Source control is disabled
[2017.03.31-13.48.29:894][  0]SourceControl: Info Source control is disabled
[2017.03.31-13.48.30:033][  0]SourceControl: Info Source control is disabled
[2017.03.31-13.48.34:279][  0]LogEngine: Initializing Engine...
[2017.03.31-13.48.34:350][  0]LogHMD: Failed to initialize OpenVR with code 110
[2017.03.31-13.48.37:141][  0]LogAIModule: Creating AISystem for world Untitled
[2017.03.31-13.48.37:668][  0]LogInit: XAudio2 using 'Headphones (Realtek High Definition Audio)' : 2 channels at 48 kHz using 32 bits per sample (channel mask 0x3)
[2017.03.31-13.48.37:783][  0]LogInit: FAudioDevice initialized.
[2017.03.31-13.48.37:810][  0]LogDerivedDataCache: Saved boot cache 0.03s 50MB C:/Users/marcu/AppData/Local/UnrealEngine/4.15/DerivedDataCache/Boot.ddc.
[2017.03.31-13.48.37:820][  0]LogInit: Texture streaming: Enabled
[2017.03.31-13.48.38:146][  0]LogEngineSessionManager: EngineSessionManager initialized
[2017.03.31-13.48.38:735][  0]LogInit: Transaction tracking system initialized
[2017.03.31-13.48.39:880][  0]BlueprintLog: New page: Editor Load
[2017.03.31-13.48.43:110][  0]LocalizationService: Info Localization service is disabled
[2017.03.31-13.48.45:586][  0]LogConsoleResponse:Display: 
[2017.03.31-13.48.51:078][  0]LogFileCache: Scanning file cache for directory 'D:/The Matrix - Game Creation/Unreal Projects/cyberpink_scene_2/Content/' took 0.05s
[2017.03.31-13.48.51:078][  0]LogCook:Display: Max memory allowance for cook 16384mb min free memory 0mb
[2017.03.31-13.48.51:078][  0]LogCook:Display: Mobile HDR setting 1
[2017.03.31-13.48.55:618][  0]SourceControl: Info Source control is disabled
[2017.03.31-13.48.55:716][  0]Cmd: MAP LOAD FILE="../../../../../The Matrix - Game Creation/Unreal Projects/cyberpink_scene_2/Content/FirstPersonBP/Maps/FirstPersonExampleMap.umap" TEMPLATE=0 SHOWPROGRESS=1 FEATURELEVEL=3
[2017.03.31-13.48.55:848][  0]LightingResults: New page: Lighting Build
[2017.03.31-13.48.56:584][  0]MapCheck: New page: Map Check
[2017.03.31-13.48.56:584][  0]LightingResults: New page: Lighting Build
[2017.03.31-13.49.05:325][  0]LogAIModule: Creating AISystem for world FirstPersonExampleMap
[2017.03.31-13.49.06:923][  0]LogEditorServer: Finished looking for orphan Actors (0.000 secs)
[2017.03.31-13.49.07:194][  0]Cmd: MAP CHECKDEP NOCLEARLOG
[2017.03.31-13.49.07:288][  0]MapCheck: Info Map check complete: 0 Error(s), 0 Warning(s), took 94.561ms to complete.
[2017.03.31-13.49.07:289][  0]LogFileHelpers: Loading map 'FirstPersonExampleMap' took 11.623
[2017.03.31-13.49.11:491][  0]LogCollectionManager: Loaded 0 collections in 0.001771 seconds
[2017.03.31-13.49.11:752][  0]LogFileCache: Scanning file cache for directory 'D:/The Matrix - Game Creation/Unreal Projects/cyberpink_scene_2/Saved/Collections/' took 0.01s
[2017.03.31-13.49.11:752][  0]LogFileCache: Scanning file cache for directory 'D:/The Matrix - Game Creation/Unreal Projects/cyberpink_scene_2/Content/Developers/marcu/Collections/' took 0.03s
[2017.03.31-13.49.11:752][  0]LogFileCache: Scanning file cache for directory 'D:/The Matrix - Game Creation/Unreal Projects/cyberpink_scene_2/Content/Collections/' took 0.01s
[2017.03.31-13.49.11:752][  0]LogCollectionManager: Rebuilt the GUID cache for 0 collections in 0.000002 seconds
[2017.03.31-13.49.11:809][  0]LogContentBrowser: Native class hierarchy populated in 0.0384 seconds. Added 2244 classes and 450 folders.
[2017.03.31-13.49.12:044][  0]LogStats: UGameplayTagsManager::ConstructGameplayTagTree: Construct from data asset -  0.000 s
[2017.03.31-13.49.12:073][  0]LogStats: UGameplayTagsManager::ConstructGameplayTagTree: GameplayTagTreeChangedEvent.Broadcast -  0.028 s
[2017.03.31-13.49.12:239][  0]LogContentBrowser: Native class hierarchy updated for 'WidgetCarousel' in 0.0008 seconds. Added 0 classes and 0 folders.
[2017.03.31-13.49.13:529][  0]LogContentBrowser: Native class hierarchy updated for 'AddContentDialog' in 0.0009 seconds. Added 0 classes and 0 folders.
[2017.03.31-13.49.13:699][  0]LogContentBrowser: Native class hierarchy updated for 'SceneOutliner' in 0.0011 seconds. Added 1 classes and 2 folders.
[2017.03.31-13.49.14:674][  0]LogCrashTracker: Crashtracker disabled due to settings.
[2017.03.31-13.49.15:111][  0]LogUObjectGlobals:Warning: Failed to find object 'Class None.'
[2017.03.31-13.49.15:362][  0]LogContentBrowser: Native class hierarchy updated for 'HierarchicalLODOutliner' in 0.0009 seconds. Added 1 classes and 2 folders.
[2017.03.31-13.49.15:362][  0]LogLoad: (Engine Initialization) Total time: 134.39 seconds
[2017.03.31-13.49.15:362][  0]LogLoad: (Engine Initialization) Total Blueprint compile time: 2.61 seconds
[2017.03.31-13.49.15:362][  0]LogExternalProfiler: Found external profiler: VSPerf
[2017.03.31-13.49.15:362][  0]LogExternalProfiler: Using external profiler: VSPerf
[2017.03.31-13.49.15:811][  0]LogOcInput: OculusInput pre-init called
[2017.03.31-13.49.16:652][  0]LogContentStreaming: Texture pool size now 1000 MB
[2017.03.31-13.49.17:014][  0]LogSlate: Took 0.026074 seconds to synchronously load lazily loaded font '../../../Engine/Content/Slate/Fonts/Roboto-Regular.ttf' (155K)
[2017.03.31-13.49.17:070][  0]LogSlate: Took 0.018978 seconds to synchronously load lazily loaded font '../../../Engine/Content/Slate/Fonts/Roboto-Bold.ttf' (160K)
[2017.03.31-13.49.17:199][  0]LogSlate: Took 0.024881 seconds to synchronously load lazily loaded font '../../../Engine/Content/Editor/Slate/Fonts/FontAwesome.ttf' (139K)
[2017.03.31-13.49.19:143][  0]LogRenderer: Reallocating scene render targets to support 1160x604 NumSamples 1 (Frame:2).
[2017.03.31-13.49.20:865][  2]LogSlate: Took 0.018124 seconds to synchronously load lazily loaded font '../../../Engine/Content/Slate/Fonts/Roboto-Light.ttf' (159K)
[2017.03.31-13.49.21:444][  3]LogAssetRegistry: Asset discovery search completed in 79.3240 seconds
[2017.03.31-13.49.21:474][  3]LogCollectionManager: Rebuilt the object cache for 0 collections in 0.028518 seconds (found 0 objects)
[2017.03.31-13.49.21:474][  3]LogCollectionManager: Fixed up redirectors for 0 collections in 0.029288 seconds (updated 0 objects)
[2017.03.31-13.50.21:675][ 50]SourceControl: Info Source control is disabled
[2017.03.31-13.51.51:326][387]SourceControl:Error: Error Failed to enable Git source control. You need to initialize the project as a Git repository first.
[2017.03.31-13.51.52:188][450]SourceControl: Info Source control is disabled
[2017.03.31-13.51.55:149][530]LogWindowsTextInputMethodSystem:Display: IME system now deactivated.
[2017.03.31-13.51.58:616][531]Cmd: QUIT_EDITOR
[2017.03.31-13.52.01:687][531]LogExit: Preparing to exit.
[2017.03.31-13.52.03:242][531]LogDirectoryWatcher: A directory notification for 'D:/The Matrix - Game Creation/Unreal Projects/cyberpink_scene_2/Content/' was aborted.
[2017.03.31-13.52.05:396][531]LogExit: Editor shut down
[2017.03.31-13.52.05:396][531]LogExit: Transaction tracking system shut down
[2017.03.31-13.52.14:189][531]LogObj: Freed 0b from 0 cluster array pools.
[2017.03.31-13.52.14:189][531]LogExit: Object subsystem successfully closed.
[2017.03.31-13.52.16:784][531]LogD3D11RHI: Shutdown
[2017.03.31-13.52.16:784][531]LogD3D11RHI: CleanupD3DDevice
[2017.03.31-13.52.17:211][531]LogD3D11RHI: ~FD3D11DynamicRHI
[2017.03.31-13.52.22:082][531]LogModuleManager: Shutting down and abandoning module HierarchicalLODOutliner (496)
[2017.03.31-13.52.22:099][531]LogModuleManager: Shutting down and abandoning module CrashTracker (494)
[2017.03.31-13.52.22:099][531]LogModuleManager: Shutting down and abandoning module SceneOutliner (492)
[2017.03.31-13.52.22:099][531]LogModuleManager: Shutting down and abandoning module AddContentDialog (490)
[2017.03.31-13.52.22:119][531]LogDirectoryWatcher: A directory notification for 'D:/Program Files/UE_4.15/FeaturePacks/' was aborted.
[2017.03.31-13.52.22:132][531]LogModuleManager: Shutting down and abandoning module WidgetCarousel (489)
[2017.03.31-13.52.22:132][531]LogModuleManager: Shutting down and abandoning module EditorWidgets (486)
[2017.03.31-13.52.22:132][531]LogModuleManager: Shutting down and abandoning module CollectionManager (484)
[2017.03.31-13.52.22:142][531]LogDirectoryWatcher: A directory notification for 'D:/The Matrix - Game Creation/Unreal Projects/cyberpink_scene_2/Content/Collections/' was aborted.
[2017.03.31-13.52.22:142][531]LogDirectoryWatcher: A directory notification for 'D:/The Matrix - Game Creation/Unreal Projects/cyberpink_scene_2/Content/Developers/marcu/Collections/' was aborted.
[2017.03.31-13.52.22:142][531]LogDirectoryWatcher: A directory notification for 'D:/The Matrix - Game Creation/Unreal Projects/cyberpink_scene_2/Saved/Collections/' was aborted.
[2017.03.31-13.52.22:142][531]LogModuleManager: Shutting down and abandoning module StatsViewer (482)
[2017.03.31-13.52.22:171][531]LogModuleManager: Shutting down and abandoning module FoliageEdit (480)
[2017.03.31-13.52.22:183][531]LogModuleManager: Shutting down and abandoning module LandscapeEditor (478)
[2017.03.31-13.52.22:396][531]LogModuleManager: Shutting down and abandoning module SceneDepthPickerMode (476)
[2017.03.31-13.52.22:396][531]LogModuleManager: Shutting down and abandoning module ActorPickerMode (474)
[2017.03.31-13.52.22:396][531]LogModuleManager: Shutting down and abandoning module GeometryMode (472)
[2017.03.31-13.52.22:472][531]LogModuleManager: Shutting down and abandoning module TextureAlignMode (470)
[2017.03.31-13.52.22:473][531]LogModuleManager: Shutting down and abandoning module BspMode (468)
[2017.03.31-13.52.22:549][531]LogModuleManager: Shutting down and abandoning module HardwareSurvey (466)
[2017.03.31-13.52.22:550][531]LogModuleManager: Shutting down and abandoning module SequenceRecorderSections (464)
[2017.03.31-13.52.22:550][531]LogModuleManager: Shutting down and abandoning module AutomationWorker (462)
[2017.03.31-13.52.22:566][531]LogModuleManager: Shutting down and abandoning module MatineeToLevelSequence (460)
[2017.03.31-13.52.22:566][531]LogModuleManager: Shutting down and abandoning module LevelSequenceEditor (458)
[2017.03.31-13.52.22:652][531]LogModuleManager: Shutting down and abandoning module PlacementMode (457)
[2017.03.31-13.52.22:652][531]LogModuleManager: Shutting down and abandoning module WmfMediaFactory (454)
[2017.03.31-13.52.22:652][531]LogModuleManager: Shutting down and abandoning module WmfMediaEditor (452)
[2017.03.31-13.52.22:652][531]LogModuleManager: Shutting down and abandoning module MfMediaFactory (450)
[2017.03.31-13.52.22:652][531]LogModuleManager: Shutting down and abandoning module MfMediaEditor (448)
[2017.03.31-13.52.22:652][531]LogModuleManager: Shutting down and abandoning module AvfMediaFactory (446)
[2017.03.31-13.52.22:652][531]LogModuleManager: Shutting down and abandoning module AvfMediaEditor (444)
[2017.03.31-13.52.22:652][531]LogModuleManager: Shutting down and abandoning module AndroidMediaFactory (442)
[2017.03.31-13.52.22:652][531]LogModuleManager: Shutting down and abandoning module Media (441)
[2017.03.31-13.52.22:652][531]LogModuleManager: Shutting down and abandoning module AndroidMediaEditor (438)
[2017.03.31-13.52.22:652][531]LogModuleManager: Shutting down and abandoning module CharacterAI (436)
[2017.03.31-13.52.22:652][531]LogModuleManager: Shutting down and abandoning module AudioCapture (434)
[2017.03.31-13.52.22:652][531]LogModuleManager: Shutting down and abandoning module SequenceRecorder (433)
[2017.03.31-13.52.22:690][531]LogModuleManager: Shutting down and abandoning module SmartSnapping (430)
[2017.03.31-13.52.22:690][531]LogModuleManager: Shutting down and abandoning module SessionServices (428)
[2017.03.31-13.52.22:690][531]LogModuleManager: Shutting down and abandoning module ViewportSnapping (426)
[2017.03.31-13.52.22:690][531]LogModuleManager: Shutting down and abandoning module ViewportInteraction (424)
[2017.03.31-13.52.22:690][531]LogModuleManager: Shutting down and abandoning module LogVisualizer (422)
[2017.03.31-13.52.22:755][531]LogModuleManager: Shutting down and abandoning module IntroTutorials (420)
[2017.03.31-13.52.22:767][531]LogModuleManager: Shutting down and abandoning module GameProjectGeneration (419)
[2017.03.31-13.52.22:806][531]LogModuleManager: Shutting down and abandoning module EditorLiveStreaming (416)
[2017.03.31-13.52.22:806][531]LogModuleManager: Shutting down and abandoning module IOSPlatformEditor (414)
[2017.03.31-13.52.22:806][531]LogModuleManager: Shutting down and abandoning module HTML5PlatformEditor (412)
[2017.03.31-13.52.22:806][531]LogModuleManager: Shutting down and abandoning module AndroidPlatformEditor (410)
[2017.03.31-13.52.22:819][531]LogModuleManager: Shutting down and abandoning module AndroidDeviceDetection (409)
[2017.03.31-13.52.23:468][531]LogModuleManager: Shutting down and abandoning module IOSRuntimeSettings (406)
[2017.03.31-13.52.23:468][531]LogModuleManager: Shutting down and abandoning module AndroidRuntimeSettings (404)
[2017.03.31-13.52.23:468][531]LogModuleManager: Shutting down and abandoning module InputBindingEditor (402)
[2017.03.31-13.52.23:533][531]LogModuleManager: Shutting down and abandoning module NiagaraEditor (400)
[2017.03.31-13.52.23:605][531]LogModuleManager: Shutting down and abandoning module MergeActors (398)
[2017.03.31-13.52.23:635][531]LogModuleManager: Shutting down and abandoning module SizeMap (396)
[2017.03.31-13.52.23:635][531]LogModuleManager: Shutting down and abandoning module TreeMap (394)
[2017.03.31-13.52.23:698][531]LogModuleManager: Shutting down and abandoning module ReferenceViewer (392)
[2017.03.31-13.52.23:698][531]LogModuleManager: Shutting down and abandoning module LocalizationDashboard (390)
[2017.03.31-13.52.23:721][531]LogModuleManager: Shutting down and abandoning module LocalizationService (389)
[2017.03.31-13.52.23:742][531]LogModuleManager: Shutting down and abandoning module HardwareTargeting (386)
[2017.03.31-13.52.23:758][531]LogModuleManager: Shutting down and abandoning module DeviceProfileEditor (384)
[2017.03.31-13.52.23:774][531]LogModuleManager: Shutting down and abandoning module UndoHistory (382)
[2017.03.31-13.52.23:791][531]LogModuleManager: Shutting down and abandoning module UserFeedback (380)
[2017.03.31-13.52.23:791][531]LogModuleManager: Shutting down and abandoning module XmlParser (378)
[2017.03.31-13.52.23:791][531]LogModuleManager: Shutting down and abandoning module Blutility (376)
[2017.03.31-13.52.23:800][531]LogModuleManager: Shutting down and abandoning module ProjectSettingsViewer (374)
[2017.03.31-13.52.23:800][531]LogModuleManager: Shutting down and abandoning module ProjectTargetPlatformEditor (373)
[2017.03.31-13.52.23:800][531]LogModuleManager: Shutting down and abandoning module EditorSettingsViewer (370)
[2017.03.31-13.52.23:800][531]LogModuleManager: Shutting down and abandoning module SettingsEditor (368)
[2017.03.31-13.52.23:860][531]LogModuleManager: Shutting down and abandoning module ProjectLauncher (366)
[2017.03.31-13.52.23:978][531]LogModuleManager: Shutting down and abandoning module SessionFrontend (364)
[2017.03.31-13.52.24:075][531]LogModuleManager: Shutting down and abandoning module ProfilerClient (362)
[2017.03.31-13.52.24:110][531]LogModuleManager: Shutting down and abandoning module DeviceManager (360)
[2017.03.31-13.52.24:148][531]LogModuleManager: Shutting down and abandoning module TargetDeviceServices (359)
[2017.03.31-13.52.24:199][531]LogModuleManager: Shutting down and abandoning module AutomationController (356)
[2017.03.31-13.52.24:200][531]LogModuleManager: Shutting down and abandoning module AutomationWindow (354)
[2017.03.31-13.52.24:494][531]LogModuleManager: Shutting down and abandoning module Layers (352)
[2017.03.31-13.52.24:545][531]LogModuleManager: Shutting down and abandoning module ComponentVisualizers (350)
[2017.03.31-13.52.24:545][531]LogModuleManager: Shutting down and abandoning module DetailCustomizations (348)
[2017.03.31-13.52.24:578][531]LogModuleManager: Shutting down and abandoning module PackagesDialog (346)
[2017.03.31-13.52.24:660][531]LogModuleManager: Shutting down and abandoning module Persona (344)
[2017.03.31-13.52.24:728][531]LogModuleManager: Shutting down and abandoning module AnimGraph (343)
[2017.03.31-13.52.24:728][531]LogModuleManager: Shutting down and abandoning module Kismet (340)
[2017.03.31-13.52.24:745][531]LogModuleManager: Shutting down and abandoning module GraphEditor (338)
[2017.03.31-13.52.24:875][531]LogModuleManager: Shutting down and abandoning module ClassViewer (336)
[2017.03.31-13.52.24:891][531]LogModuleManager: Shutting down and abandoning module Toolbox (334)
[2017.03.31-13.52.24:891][531]LogModuleManager: Shutting down and abandoning module ModuleUI (332)
[2017.03.31-13.52.24:999][531]LogModuleManager: Shutting down and abandoning module MovieSceneTools (330)
[2017.03.31-13.52.25:038][531]LogModuleManager: Shutting down and abandoning module OutputLog (328)
[2017.03.31-13.52.25:096][531]LogModuleManager: Shutting down and abandoning module GammaUI (326)
[2017.03.31-13.52.25:108][531]LogModuleManager: Shutting down and abandoning module Documentation (324)
[2017.03.31-13.52.25:108][531]LogModuleManager: Shutting down and abandoning module Niagara (322)
[2017.03.31-13.52.25:108][531]LogModuleManager: Shutting down and abandoning module StreamingPauseRendering (320)
[2017.03.31-13.52.25:108][531]LogModuleManager: Shutting down and abandoning module AnalyticsET (318)
[2017.03.31-13.52.25:108][531]LogModuleManager: Shutting down and abandoning module PortalServices (316)
[2017.03.31-13.52.25:108][531]LogModuleManager: Shutting down and abandoning module PortalRpc (314)
[2017.03.31-13.52.25:108][531]LogModuleManager: Shutting down and abandoning module MessagingRpc (312)
[2017.03.31-13.52.25:108][531]LogModuleManager: Shutting down and abandoning module AIModule (310)
[2017.03.31-13.52.25:153][531]LogModuleManager: Shutting down and abandoning module GameplayDebugger (309)
[2017.03.31-13.52.25:247][531]LogModuleManager: Shutting down and abandoning module AITestSuite (307)
[2017.03.31-13.52.25:247][531]LogModuleManager: Shutting down and abandoning module ProfilerService (304)
[2017.03.31-13.52.25:380][531]LogModuleManager: Shutting down and abandoning module TaskGraph (302)
[2017.03.31-13.52.25:381][531]LogModuleManager: Shutting down and abandoning module SteamVRController (300)
[2017.03.31-13.52.25:381][531]LogModuleManager: Shutting down and abandoning module SteamVR (298)
[2017.03.31-13.52.25:381][531]LogModuleManager: Shutting down and abandoning module ProceduralMeshComponentEditor (296)
[2017.03.31-13.52.25:381][531]LogModuleManager: Shutting down and abandoning module ProceduralMeshComponent (294)
[2017.03.31-13.52.25:433][531]LogModuleManager: Shutting down and abandoning module OculusLibrary (292)
[2017.03.31-13.52.25:433][531]LogModuleManager: Shutting down and abandoning module OculusInput (290)
[2017.03.31-13.52.25:433][531]LogModuleManager: Shutting down and abandoning module MobilePatchingUtils (288)
[2017.03.31-13.52.25:433][531]LogModuleManager: Shutting down and abandoning module CustomMeshComponent (286)
[2017.03.31-13.52.25:433][531]LogModuleManager: Shutting down and abandoning module CableComponent (284)
[2017.03.31-13.52.25:433][531]LogModuleManager: Shutting down and abandoning module ArchVisCharacter (282)
[2017.03.31-13.52.25:433][531]LogModuleManager: Shutting down and abandoning module MediaPlayerEditor (278)
[2017.03.31-13.52.25:675][531]LogModuleManager: Shutting down and abandoning module HTML5Networking (276)
[2017.03.31-13.52.25:675][531]LogModuleManager: Shutting down and abandoning module AlembicImporter (274)
[2017.03.31-13.52.25:928][531]LogModuleManager: Shutting down and abandoning module AlembicLibrary (273)
[2017.03.31-13.52.25:928][531]LogModuleManager: Shutting down and abandoning module GeometryCache (272)
[2017.03.31-13.52.25:928][531]LogModuleManager: Shutting down and abandoning module GeometryCacheEd (271)
[2017.03.31-13.52.25:928][531]LogModuleManager: Shutting down and abandoning module SuperSearchEditor (266)
[2017.03.31-13.52.25:928][531]LogModuleManager: Shutting down and abandoning module SuperSearch (265)
[2017.03.31-13.52.25:928][531]LogModuleManager: Shutting down and abandoning module SpeedTreeImporter (262)
[2017.03.31-13.52.26:005][531]LogModuleManager: Shutting down and abandoning module PluginBrowser (260)
[2017.03.31-13.52.26:144][531]LogModuleManager: Shutting down and abandoning module MobileLauncherProfileWizard (258)
[2017.03.31-13.52.26:230][531]LogModuleManager: Shutting down and abandoning module EpicSurvey (256)
[2017.03.31-13.52.26:230][531]LogModuleManager: Shutting down and abandoning module VisualStudioSourceCodeAccess (254)
[2017.03.31-13.52.26:230][531]LogModuleManager: Shutting down and abandoning module DesktopPlatform (253)
[2017.03.31-13.52.26:230][531]LogModuleManager: Shutting down and abandoning module UObjectPlugin (250)
[2017.03.31-13.52.26:230][531]LogModuleManager: Shutting down and abandoning module SubversionSourceControl (248)
[2017.03.31-13.52.26:240][531]LogModuleManager: Shutting down and abandoning module PerforceSourceControl (246)
[2017.03.31-13.52.26:267][531]LogModuleManager: Shutting down and abandoning module GitSourceControl (244)
[2017.03.31-13.52.26:267][531]LogModuleManager: Shutting down and abandoning module SourceControl (243)
[2017.03.31-13.52.26:267][531]LogModuleManager: Shutting down and abandoning module LightPropagationVolumeEditor (240)
[2017.03.31-13.52.26:267][531]LogModuleManager: Shutting down and abandoning module PaperTiledImporter (238)
[2017.03.31-13.52.26:267][531]LogModuleManager: Shutting down and abandoning module PaperSpriteSheetImporter (236)
[2017.03.31-13.52.26:267][531]LogModuleManager: Shutting down and abandoning module Paper2DEditor (234)
[2017.03.31-13.52.26:351][531]LogModuleManager: Shutting down and abandoning module MeshPaint (233)
[2017.03.31-13.52.26:369][531]LogModuleManager: Shutting down and abandoning module LevelEditor (231)
[2017.03.31-13.52.26:393][531]LogModuleManager: Shutting down and abandoning module PixelInspectorModule (230)
[2017.03.31-13.52.26:440][531]LogModuleManager: Shutting down and abandoning module MainFrame (228)
[2017.03.31-13.52.26:441][531]LogModuleManager: Shutting down and abandoning module HotReload (227)
[2017.03.31-13.52.26:454][531]LogModuleManager: Shutting down and abandoning module ContentBrowser (223)
[2017.03.31-13.52.26:459][531]LogModuleManager: Shutting down and abandoning module PhysXVehiclesEditor (220)
[2017.03.31-13.52.26:464][531]LogModuleManager: Shutting down and abandoning module PhysXVehicles (218)
[2017.03.31-13.52.26:464][531]LogModuleManager: Shutting down and abandoning module LocationServicesBPLibrary (216)
[2017.03.31-13.52.26:464][531]LogModuleManager: Shutting down and abandoning module UdpMessaging (214)
[2017.03.31-13.52.26:565][531]LogModuleManager: Shutting down and abandoning module TcpMessaging (212)
[2017.03.31-13.52.26:708][531]LogModuleManager: Shutting down and abandoning module GameplayTagsEditor (210)
[2017.03.31-13.52.27:367][531]LogModuleManager: Shutting down and abandoning module FacialAnimationEditor (208)
[2017.03.31-13.52.27:448][531]LogModuleManager: Shutting down and abandoning module FacialAnimation (206)
[2017.03.31-13.52.27:448][531]LogModuleManager: Shutting down and abandoning module LightPropagationVolumeRuntime (204)
[2017.03.31-13.52.27:448][531]LogModuleManager: Shutting down and abandoning module Paper2D (202)
[2017.03.31-13.52.27:539][531]LogModuleManager: Shutting down and abandoning module WindowsMoviePlayer (200)
[2017.03.31-13.52.27:539][531]LogModuleManager: Shutting down and abandoning module WmfMedia (198)
[2017.03.31-13.52.27:539][531]LogModuleManager: Shutting down and abandoning module MfMedia (196)
[2017.03.31-13.52.27:539][531]LogModuleManager: Shutting down and abandoning module MediaAssets (194)
[2017.03.31-13.52.27:539][531]LogModuleManager: Shutting down and abandoning module GameLiveStreaming (192)
[2017.03.31-13.52.27:553][531]LogModuleManager: Shutting down and abandoning module VREditor (190)
[2017.03.31-13.52.27:571][531]LogModuleManager: Shutting down and abandoning module GameplayTasksEditor (188)
[2017.03.31-13.52.27:571][531]LogModuleManager: Shutting down and abandoning module BehaviorTreeEditor (186)
[2017.03.31-13.52.27:621][531]LogModuleManager: Shutting down and abandoning module FunctionalTesting (184)
[2017.03.31-13.52.27:651][531]LogModuleManager: Shutting down and abandoning module CollisionAnalyzer (182)
[2017.03.31-13.52.27:669][531]LogModuleManager: Shutting down and abandoning module UMG (180)
[2017.03.31-13.52.27:737][531]LogModuleManager: Shutting down and abandoning module UMGEditor (179)
[2017.03.31-13.52.27:784][531]LogModuleManager: Shutting down and abandoning module Sequencer (178)
[2017.03.31-13.52.27:822][531]LogModuleManager: Shutting down and abandoning module AssetTools (176)
[2017.03.31-13.52.27:922][531]LogModuleManager: Shutting down and abandoning module MessageLog (175)
[2017.03.31-13.52.27:922][531]LogModuleManager: Shutting down and abandoning module WorkspaceMenuStructure (174)
[2017.03.31-13.52.27:922][531]LogModuleManager: Shutting down and abandoning module SlateReflector (168)
[2017.03.31-13.52.27:961][531]LogModuleManager: Shutting down and abandoning module Slate (166)
[2017.03.31-13.52.27:961][531]LogModuleManager: Shutting down and abandoning module EditorStyle (164)
[2017.03.31-13.52.27:964][531]LogModuleManager: Shutting down and abandoning module SourceCodeAccess (162)
[2017.03.31-13.52.27:983][531]LogModuleManager: Shutting down and abandoning module HeadMountedDisplay (160)
[2017.03.31-13.52.27:983][531]LogModuleManager: Shutting down and abandoning module XAudio2 (158)
[2017.03.31-13.52.27:983][531]LogModuleManager: Shutting down and abandoning module Networking (156)
[2017.03.31-13.52.27:983][531]LogModuleManager: Shutting down and abandoning module Core (152)
[2017.03.31-13.52.27:983][531]LogModuleManager: Shutting down and abandoning module AssetRegistry (150)
[2017.03.31-13.52.28:228][531]LogDirectoryWatcher: A directory notification for '../../../Engine/Content/' was aborted.
[2017.03.31-13.52.28:228][531]LogDirectoryWatcher: A directory notification for '../../../../../The Matrix - Game Creation/Unreal Projects/cyberpink_scene_2/Content/' was aborted.
[2017.03.31-13.52.28:228][531]LogDirectoryWatcher: A directory notification for '../../../Engine/Plugins/2D/Paper2D/Content/' was aborted.
[2017.03.31-13.52.28:274][531]LogModuleManager: Shutting down and abandoning module DirectoryWatcher (149)
[2017.03.31-13.52.28:275][531]LogModuleManager: Shutting down and abandoning module KismetCompiler (146)
[2017.03.31-13.52.28:275][531]LogModuleManager: Shutting down and abandoning module PhysXFormats (144)
[2017.03.31-13.52.28:275][531]LogModuleManager: Shutting down and abandoning module MeshUtilities (142)
[2017.03.31-13.52.28:304][531]LogModuleManager: Shutting down and abandoning module SimplygonSwarm (141)
[2017.03.31-13.52.28:334][531]LogModuleManager: Shutting down and abandoning module SimplygonMeshReduction (139)
[2017.03.31-13.52.28:334][531]LogModuleManager: Shutting down and abandoning module QuadricMeshReduction (137)
[2017.03.31-13.52.28:341][531]LogModuleManager: Shutting down and abandoning module PropertyEditor (135)
[2017.03.31-13.52.28:376][531]LogModuleManager: Shutting down and abandoning module DerivedDataCache (132)
[2017.03.31-13.52.28:390][531]LogDerivedDataCache: Shutdown
[2017.03.31-13.52.28:390][531]LogModuleManager: Shutting down and abandoning module TargetPlatform (130)
[2017.03.31-13.52.28:390][531]LogModuleManager: Shutting down and abandoning module VulkanShaderFormat (129)
[2017.03.31-13.52.28:410][531]LogModuleManager: Shutting down and abandoning module ShaderFormatOpenGL (127)
[2017.03.31-13.52.28:425][531]LogModuleManager: Shutting down and abandoning module ShaderFormatD3D (125)
[2017.03.31-13.52.28:425][531]LogModuleManager: Shutting down and abandoning module MetalShaderFormat (123)
[2017.03.31-13.52.28:498][531]LogModuleManager: Shutting down and abandoning module TextureFormatUncompressed (121)
[2017.03.31-13.52.28:498][531]LogModuleManager: Shutting down and abandoning module TextureFormatPVR (119)
[2017.03.31-13.52.28:498][531]LogModuleManager: Shutting down and abandoning module TextureFormatDXT (117)
[2017.03.31-13.52.28:498][531]LogModuleManager: Shutting down and abandoning module TextureFormatIntelISPCTexComp (115)
[2017.03.31-13.52.28:499][531]LogModuleManager: Shutting down and abandoning module TextureFormatASTC (113)
[2017.03.31-13.52.28:499][531]LogModuleManager: Shutting down and abandoning module ImageWrapper (112)
[2017.03.31-13.52.28:499][531]LogModuleManager: Shutting down and abandoning module TextureFormatAndroid (109)
[2017.03.31-13.52.28:499][531]LogModuleManager: Shutting down and abandoning module AudioFormatOpus (107)
[2017.03.31-13.52.28:517][531]LogModuleManager: Shutting down and abandoning module AudioFormatOgg (105)
[2017.03.31-13.52.28:517][531]LogModuleManager: Shutting down and abandoning module AudioFormatADPCM (103)
[2017.03.31-13.52.28:517][531]LogModuleManager: Shutting down and abandoning module LinuxTargetPlatform (101)
[2017.03.31-13.52.28:517][531]LogModuleManager: Shutting down and abandoning module LinuxServerTargetPlatform (99)
[2017.03.31-13.52.28:517][531]LogModuleManager: Shutting down and abandoning module LinuxNoEditorTargetPlatform (97)
[2017.03.31-13.52.28:517][531]LogModuleManager: Shutting down and abandoning module LinuxClientTargetPlatform (95)
[2017.03.31-13.52.28:517][531]LogModuleManager: Shutting down and abandoning module TVOSTargetPlatform (93)
[2017.03.31-13.52.28:517][531]LogModuleManager: Shutting down and abandoning module Messaging (91)
[2017.03.31-13.52.28:517][531]LogModuleManager: Shutting down and abandoning module IOSTargetPlatform (89)
[2017.03.31-13.52.28:517][531]LogModuleManager: Shutting down and abandoning module HTML5TargetPlatform (87)
[2017.03.31-13.52.28:517][531]LogModuleManager: Shutting down and abandoning module Android_PVRTCTargetPlatform (85)
[2017.03.31-13.52.28:517][531]LogModuleManager: Shutting down and abandoning module Android_MultiTargetPlatform (83)
[2017.03.31-13.52.28:517][531]LogModuleManager: Shutting down and abandoning module Android_ETC2TargetPlatform (81)
[2017.03.31-13.52.28:517][531]LogModuleManager: Shutting down and abandoning module Android_ETC1TargetPlatform (79)
[2017.03.31-13.52.28:517][531]LogModuleManager: Shutting down and abandoning module Android_DXTTargetPlatform (77)
[2017.03.31-13.52.28:517][531]LogModuleManager: Shutting down and abandoning module Android_ATCTargetPlatform (75)
[2017.03.31-13.52.28:517][531]LogModuleManager: Shutting down and abandoning module Android_ASTCTargetPlatform (73)
[2017.03.31-13.52.28:517][531]LogModuleManager: Shutting down and abandoning module AndroidTargetPlatform (71)
[2017.03.31-13.52.28:518][531]LogModuleManager: Shutting down and abandoning module WindowsTargetPlatform (69)
[2017.03.31-13.52.28:518][531]LogModuleManager: Shutting down and abandoning module WindowsServerTargetPlatform (67)
[2017.03.31-13.52.28:518][531]LogModuleManager: Shutting down and abandoning module WindowsNoEditorTargetPlatform (65)
[2017.03.31-13.52.28:518][531]LogModuleManager: Shutting down and abandoning module WindowsClientTargetPlatform (63)
[2017.03.31-13.52.28:518][531]LogModuleManager: Shutting down and abandoning module MacTargetPlatform (61)
[2017.03.31-13.52.28:518][531]LogModuleManager: Shutting down and abandoning module MacServerTargetPlatform (59)
[2017.03.31-13.52.28:518][531]LogModuleManager: Shutting down and abandoning module MacNoEditorTargetPlatform (57)
[2017.03.31-13.52.28:518][531]LogModuleManager: Shutting down and abandoning module MacClientTargetPlatform (55)
[2017.03.31-13.52.28:518][531]LogModuleManager: Shutting down and abandoning module AllDesktopTargetPlatform (53)
[2017.03.31-13.52.28:518][531]LogModuleManager: Shutting down and abandoning module InputCore (50)
[2017.03.31-13.52.28:518][531]LogModuleManager: Shutting down and abandoning module Settings (48)
[2017.03.31-13.52.28:518][531]LogModuleManager: Shutting down and abandoning module OculusRift (46)
[2017.03.31-13.52.28:518][531]LogModuleManager: Shutting down and abandoning module ExampleDeviceProfileSelector (44)
[2017.03.31-13.52.28:518][531]LogModuleManager: Shutting down and abandoning module OnlineBlueprintSupport (42)
[2017.03.31-13.52.28:518][531]LogModuleManager: Shutting down and abandoning module OnlineSubsystem (38)
[2017.03.31-13.52.28:518][531]LogOnline:Display: Unloading online subsystem: NULL
[2017.03.31-13.52.28:545][531]LogModuleManager: Shutting down and abandoning module XMPP (37)
[2017.03.31-13.52.28:571][531]LogModuleManager: Shutting down and abandoning module HTTP (35)
[2017.03.31-13.52.28:583][531]LogHttp:Display: Http module shutting down, but needs to wait on 1 outstanding Http requests:
[2017.03.31-13.52.28:583][531]LogHttp:Display: 	verb=[POST] url=[https://datarouter.ol.epicgames.com/datarouter/api/v1/public/data?SessionID=%7BBB596B01-42A7-D514-AF51-6FA8C7C60C3F%7D&AppID=UEEditor.Rocket.Release&AppVersion=4.15.0-3299760%2B%2B%2BUE4%2BRelease-4.15&UserID=29c8653a4317a61c32f10e99e90729c2%7C4e61fe71a1fb457880f7d7dcfb02c492%7C808abf15-23bd-4e03-a855-8bede5970bc1&AppEnvironment=datacollector-binary&UploadType=eteventstream] status=Processing
[2017.03.31-13.52.28:610][531]LogModuleManager: Shutting down and abandoning module SSL (34)
[2017.03.31-13.52.28:710][531]LogModuleManager: Shutting down and abandoning module AudioEditor (30)
[2017.03.31-13.52.28:711][531]LogModuleManager: Shutting down and abandoning module TextureCompressor (28)
[2017.03.31-13.52.28:719][531]LogModuleManager: Shutting down and abandoning module ShaderCore (26)
[2017.03.31-13.52.28:719][531]LogModuleManager: Shutting down and abandoning module Landscape (24)
[2017.03.31-13.52.28:719][531]LogModuleManager: Shutting down and abandoning module SlateRHIRenderer (22)
[2017.03.31-13.52.28:772][531]LogModuleManager: Shutting down and abandoning module OpenGLDrv (20)
[2017.03.31-13.52.28:809][531]LogModuleManager: Shutting down and abandoning module D3D11RHI (18)
[2017.03.31-13.52.28:810][531]LogModuleManager: Shutting down and abandoning module AnimGraphRuntime (16)
[2017.03.31-13.52.28:833][531]LogModuleManager: Shutting down and abandoning module Renderer (14)
[2017.03.31-13.52.28:833][531]LogModuleManager: Shutting down and abandoning module Engine (12)
[2017.03.31-13.52.28:833][531]LogModuleManager: Shutting down and abandoning module CoreUObject (10)
[2017.03.31-13.52.28:833][531]LogModuleManager: Shutting down and abandoning module NetworkFile (8)
[2017.03.31-13.52.28:833][531]LogModuleManager: Shutting down and abandoning module StreamingFile (6)
[2017.03.31-13.52.28:833][531]LogModuleManager: Shutting down and abandoning module SandboxFile (4)
[2017.03.31-13.52.28:833][531]LogModuleManager: Shutting down and abandoning module PakFile (2)
[2017.03.31-13.52.28:870][531]LogExit: Exiting.
[2017.03.31-13.52.28:873][531]Log file closed, 04/01/17 00:52:28
